<?xml version="1.0" encoding="UTF-8"?>
<!-- Generated by org.testng.reporters.JUnitXMLReporter -->
<testsuite hostname="sachintaw-w10" ignored="0" name="toolsqaElementTest" tests="10" failures="0" timestamp="30 Sep 2021 04:55:16 GMT" time="97.904" errors="0">
  <testcase name="validateElementScreen" time="0.731" classname="com.cybage.assignment.test.toolsqaElementPageTest"/>
  <testcase name="validateBrokenLinkImagesOperations" time="9.59" classname="com.cybage.assignment.test.toolsqaElementPageTest"/>
  <testcase name="validateButtonsOperations" time="0.658" classname="com.cybage.assignment.test.toolsqaElementPageTest"/>
  <testcase name="validateCheckBoxOperation" time="0.48" classname="com.cybage.assignment.test.toolsqaElementPageTest"/>
  <testcase name="validateDynamicButtonsOperations" time="11.157" classname="com.cybage.assignment.test.toolsqaElementPageTest"/>
  <testcase name="validateLinksOperations" time="2.566" classname="com.cybage.assignment.test.toolsqaElementPageTest"/>
  <testcase name="validateRadioButtonOperations" time="0.564" classname="com.cybage.assignment.test.toolsqaElementPageTest"/>
  <testcase name="validateTextBoxOnSubmission" time="0.79" classname="com.cybage.assignment.test.toolsqaElementPageTest"/>
  <testcase name="validateUploadDownloadOperations" time="2.387" classname="com.cybage.assignment.test.toolsqaElementPageTest"/>
  <testcase name="validateWebTablesOperations" time="20.535" classname="com.cybage.assignment.test.toolsqaElementPageTest"/>
</testsuite> <!-- toolsqaElementTest -->
