<?xml version="1.0" encoding="UTF-8"?>
<!-- Generated by org.testng.reporters.JUnitXMLReporter -->
<testsuite hostname="sachintaw-w10" ignored="0" name="toolsqaWindowTest" tests="6" failures="0" timestamp="30 Sep 2021 04:54:45 GMT" time="66.754" errors="0">
  <testcase name="validatePresenceOfAlertFrameWindowOptions" time="0.248" classname="com.cybage.assignment.test.alertFrameWindowPageTest"/>
  <testcase name="validateAlertsOption" time="18.253" classname="com.cybage.assignment.test.alertFrameWindowPageTest"/>
  <testcase name="validateBrowserWindowOptions" time="4.758" classname="com.cybage.assignment.test.alertFrameWindowPageTest"/>
  <testcase name="validateIFrameOperations" time="4.406" classname="com.cybage.assignment.test.alertFrameWindowPageTest"/>
  <testcase name="validateModalDialogsOperation" time="0.656" classname="com.cybage.assignment.test.alertFrameWindowPageTest"/>
  <testcase name="validateNestedFramesOperation" time="0.384" classname="com.cybage.assignment.test.alertFrameWindowPageTest"/>
</testsuite> <!-- toolsqaWindowTest -->
