<?xml version="1.0" encoding="UTF-8"?>
<!-- Generated by org.testng.reporters.JUnitXMLReporter -->
<testsuite hostname="sachintaw-w10" ignored="0" name="toolsqaHomeTest" tests="9" failures="0" timestamp="30 Sep 2021 04:54:04 GMT" time="25.423" errors="0">
  <testcase name="validateIfAlertTabPresent" time="0.057" classname="com.cybage.assignment.test.toolsqaHomePageTest"/>
  <testcase name="validateIfBookStoreTabPresent" time="0.041" classname="com.cybage.assignment.test.toolsqaHomePageTest"/>
  <testcase name="validateIfElementsTabPresent" time="0.054" classname="com.cybage.assignment.test.toolsqaHomePageTest"/>
  <testcase name="validateIfFormsTabPresent" time="0.039" classname="com.cybage.assignment.test.toolsqaHomePageTest"/>
  <testcase name="validateIfInteractionsTabPresent" time="0.078" classname="com.cybage.assignment.test.toolsqaHomePageTest"/>
  <testcase name="validateIfLogoPresent" time="0.067" classname="com.cybage.assignment.test.toolsqaHomePageTest"/>
  <testcase name="validateIfWidgetTabPresent" time="0.037" classname="com.cybage.assignment.test.toolsqaHomePageTest"/>
  <testcase name="validatePageBanner" time="0.037" classname="com.cybage.assignment.test.toolsqaHomePageTest"/>
  <testcase name="validatePageTitle" time="0.003" classname="com.cybage.assignment.test.toolsqaHomePageTest"/>
</testsuite> <!-- toolsqaHomeTest -->
