<?xml version="1.0" encoding="UTF-8"?>
<!-- Generated by org.testng.reporters.JUnitXMLReporter -->
<testsuite hostname="sachintaw-w10" ignored="0" name="toolsqaHomeTest" tests="6" failures="0" timestamp="22 Sep 2021 10:35:30 GMT" time="56.78" errors="0">
  <testcase name="validatePresenceOfAlertFrameWindowOptions" time="0.285" classname="com.cybage.assignment.test.alertFrameWindowPageTest"/>
  <testcase name="validateAlertsOption" time="18.257" classname="com.cybage.assignment.test.alertFrameWindowPageTest"/>
  <testcase name="validateBrowserWindowOptions" time="5.295" classname="com.cybage.assignment.test.alertFrameWindowPageTest"/>
  <testcase name="validateIFrameOperations" time="4.435" classname="com.cybage.assignment.test.alertFrameWindowPageTest"/>
  <testcase name="validateModalDialogsOperation" time="1.527" classname="com.cybage.assignment.test.alertFrameWindowPageTest"/>
  <testcase name="validateNestedFramesOperation" time="0.413" classname="com.cybage.assignment.test.alertFrameWindowPageTest"/>
</testsuite> <!-- toolsqaHomeTest -->
