<?xml version="1.0" encoding="UTF-8"?>
<!-- Generated by org.testng.reporters.JUnitXMLReporter -->
<testsuite hostname="sachintaw-w10" ignored="0" name="toolsqaFormTest" tests="3" failures="0" timestamp="30 Sep 2021 04:54:18 GMT" time="39.395" errors="0">
  <testcase name="validatePracticeFormOption" time="0.724" classname="com.cybage.assignment.test.toolsqaFormPageTest"/>
  <testcase name="validateFormFilling" time="11.286" classname="com.cybage.assignment.test.toolsqaFormPageTest"/>
  <testcase name="validateFormAfterSubmit" time="0.385" classname="com.cybage.assignment.test.toolsqaFormPageTest"/>
</testsuite> <!-- toolsqaFormTest -->
