<?xml version="1.0" encoding="UTF-8"?>
<!-- Generated by org.testng.reporters.JUnitXMLReporter -->
<testsuite hostname="sachintaw-w10" ignored="0" name="toolsqaWidgetTest" tests="4" failures="0" timestamp="30 Sep 2021 04:54:24 GMT" time="46.076" errors="0">
  <testcase name="validatePresenceOfWidgetOptions" time="0.542" classname="com.cybage.assignment.test.widgetsPageTest"/>
  <testcase name="validateAccordianPageOperations" time="3.528" classname="com.cybage.assignment.test.widgetsPageTest"/>
  <testcase name="validateAutoCompleteTextBoxes" time="4.273" classname="com.cybage.assignment.test.widgetsPageTest"/>
  <testcase name="validateDatePickerOperation" time="4.6" classname="com.cybage.assignment.test.widgetsPageTest"/>
</testsuite> <!-- toolsqaWidgetTest -->
