<?xml version="1.0" encoding="UTF-8"?>
<testng-results skipped="0" failed="1" ignored="0" total="2" passed="1">
  <reporter-output>
  </reporter-output>
  <suite name="TestUtilities" duration-ms="8378" started-at="2021-10-13T09:01:23Z" finished-at="2021-10-13T09:01:32Z">
    <groups>
    </groups>
    <test name="SampleTest" duration-ms="8378" started-at="2021-10-13T09:01:23Z" finished-at="2021-10-13T09:01:32Z">
      <class name="com.cybage.assignment.page.sample">
        <test-method status="PASS" signature="beforeClassMethod()[pri:0, instance:com.cybage.assignment.page.sample@1849272]" name="beforeClassMethod" is-config="true" duration-ms="3697" started-at="2021-10-13T09:01:23Z" finished-at="2021-10-13T09:01:27Z">
          <reporter-output>
          </reporter-output>
        </test-method> <!-- beforeClassMethod -->
        <test-method status="PASS" signature="beforeMethod()[pri:0, instance:com.cybage.assignment.page.sample@1849272]" name="beforeMethod" is-config="true" duration-ms="0" started-at="2021-10-13T09:01:27Z" finished-at="2021-10-13T09:01:27Z">
          <reporter-output>
          </reporter-output>
        </test-method> <!-- beforeMethod -->
        <test-method status="FAIL" signature="testMethod1()[pri:0, instance:com.cybage.assignment.page.sample@1849272]" name="testMethod1" duration-ms="31" started-at="2021-10-13T09:01:27Z" description="T1 -Validate all options on Home Page" finished-at="2021-10-13T09:01:27Z">
          <exception class="java.lang.AssertionError">
            <message>
              <![CDATA[Method-1 failure expected [true] but found [false]]]>
            </message>
            <full-stacktrace>
              <![CDATA[java.lang.AssertionError: Method-1 failure expected [true] but found [false]
at org.testng.Assert.fail(Assert.java:96)
at org.testng.Assert.failNotEquals(Assert.java:776)
at org.testng.Assert.assertTrue(Assert.java:44)
at com.cybage.assignment.page.sample.testMethod1(sample.java:74)
at sun.reflect.NativeMethodAccessorImpl.invoke0(Native Method)
at sun.reflect.NativeMethodAccessorImpl.invoke(NativeMethodAccessorImpl.java:62)
at sun.reflect.DelegatingMethodAccessorImpl.invoke(DelegatingMethodAccessorImpl.java:43)
at java.lang.reflect.Method.invoke(Method.java:498)
at org.testng.internal.MethodInvocationHelper.invokeMethod(MethodInvocationHelper.java:124)
at org.testng.internal.Invoker.invokeMethod(Invoker.java:583)
at org.testng.internal.Invoker.invokeTestMethod(Invoker.java:719)
at org.testng.internal.Invoker.invokeTestMethods(Invoker.java:989)
at org.testng.internal.TestMethodWorker.invokeTestMethods(TestMethodWorker.java:125)
at org.testng.internal.TestMethodWorker.run(TestMethodWorker.java:109)
at org.testng.TestRunner.privateRun(TestRunner.java:648)
at org.testng.TestRunner.run(TestRunner.java:505)
at org.testng.SuiteRunner.runTest(SuiteRunner.java:455)
at org.testng.SuiteRunner.access$000(SuiteRunner.java:40)
at org.testng.SuiteRunner$SuiteWorker.run(SuiteRunner.java:489)
at org.testng.internal.thread.ThreadUtil$1.call(ThreadUtil.java:52)
at java.util.concurrent.FutureTask.run(FutureTask.java:266)
at java.util.concurrent.ThreadPoolExecutor.runWorker(ThreadPoolExecutor.java:1149)
at java.util.concurrent.ThreadPoolExecutor$Worker.run(ThreadPoolExecutor.java:624)
at java.lang.Thread.run(Thread.java:748)
]]>
            </full-stacktrace>
          </exception> <!-- java.lang.AssertionError -->
          <reporter-output>
          </reporter-output>
        </test-method> <!-- testMethod1 -->
        <test-method status="PASS" signature="afterMethod(org.testng.ITestResult)[pri:0, instance:com.cybage.assignment.page.sample@1849272]" name="afterMethod" is-config="true" duration-ms="3009" started-at="2021-10-13T09:01:27Z" finished-at="2021-10-13T09:01:30Z">
          <params>
            <param index="0">
              <value>
                <![CDATA[[TestResult name=testMethod1 status=FAILURE method=sample.testMethod1()[pri:0, instance:com.cybage.assignment.page.sample@1849272] output={null}]]]>
              </value>
            </param>
          </params>
          <reporter-output>
          </reporter-output>
        </test-method> <!-- afterMethod -->
        <test-method status="PASS" signature="testMethod2()[pri:0, instance:com.cybage.assignment.page.sample@1849272]" name="testMethod2" duration-ms="0" started-at="2021-10-13T09:01:30Z" description="T2- Validate Home Page Logo" finished-at="2021-10-13T09:01:30Z">
          <reporter-output>
          </reporter-output>
        </test-method> <!-- testMethod2 -->
        <test-method status="PASS" signature="beforeMethod()[pri:0, instance:com.cybage.assignment.page.sample@1849272]" name="beforeMethod" is-config="true" duration-ms="0" started-at="2021-10-13T09:01:30Z" finished-at="2021-10-13T09:01:30Z">
          <reporter-output>
          </reporter-output>
        </test-method> <!-- beforeMethod -->
        <test-method status="PASS" signature="afterMethod(org.testng.ITestResult)[pri:0, instance:com.cybage.assignment.page.sample@1849272]" name="afterMethod" is-config="true" duration-ms="470" started-at="2021-10-13T09:01:30Z" finished-at="2021-10-13T09:01:31Z">
          <params>
            <param index="0">
              <value>
                <![CDATA[[TestResult name=testMethod2 status=SUCCESS method=sample.testMethod2()[pri:0, instance:com.cybage.assignment.page.sample@1849272] output={null}]]]>
              </value>
            </param>
          </params>
          <reporter-output>
          </reporter-output>
        </test-method> <!-- afterMethod -->
        <test-method status="PASS" signature="testCleanUp()[pri:0, instance:com.cybage.assignment.page.sample@1849272]" name="testCleanUp" is-config="true" duration-ms="1044" started-at="2021-10-13T09:01:31Z" finished-at="2021-10-13T09:01:32Z">
          <reporter-output>
          </reporter-output>
        </test-method> <!-- testCleanUp -->
      </class> <!-- com.cybage.assignment.page.sample -->
    </test> <!-- SampleTest -->
  </suite> <!-- TestUtilities -->
</testng-results>
