-------------------------------------------------------------------------------
Test set: TestSuite
-------------------------------------------------------------------------------
Tests run: 2, Failures: 1, Errors: 0, Skipped: 0, Time elapsed: 9.268 s <<< FAILURE! - in TestSuite
testMethod1(com.cybage.assignment.page.sample)  Time elapsed: 0.031 s  <<< FAILURE!
java.lang.AssertionError: Method-1 failure expected [true] but found [false]
	at com.cybage.assignment.page.sample.testMethod1(sample.java:74)

