<?xml version="1.0" encoding="UTF-8"?>
<testsuite xmlns:xsi="http://www.w3.org/2001/XMLSchema-instance" xsi:noNamespaceSchemaLocation="https://maven.apache.org/surefire/maven-surefire-plugin/xsd/surefire-test-report.xsd" name="TestSuite" time="103.516" tests="39" errors="0" skipped="7" failures="2">
  <properties>
[...]
</properties>
  <testcase name="validateIfAlertTabPresent" classname="com.cybage.assignment.test.toolsqaHomePageTest" time="0.068"/>
  <testcase name="validateIfBookStoreTabPresent" classname="com.cybage.assignment.test.toolsqaHomePageTest" time="0.09"/>
  <testcase name="validateIfElementsTabPresent" classname="com.cybage.assignment.test.toolsqaHomePageTest" time="0.106"/>
  <testcase name="validateIfFormsTabPresent" classname="com.cybage.assignment.test.toolsqaHomePageTest" time="0.149"/>
  <testcase name="validateIfInteractionsTabPresent" classname="com.cybage.assignment.test.toolsqaHomePageTest" time="0.05"/>
  <testcase name="validateIfLogoPresent" classname="com.cybage.assignment.test.toolsqaHomePageTest" time="0.053"/>
  <testcase name="validateIfWidgetTabPresent" classname="com.cybage.assignment.test.toolsqaHomePageTest" time="0.035"/>
  <testcase name="validatePageBanner" classname="com.cybage.assignment.test.toolsqaHomePageTest" time="0.066"/>
  <testcase name="validatePageTitle" classname="com.cybage.assignment.test.toolsqaHomePageTest" time="0.004"/>
  <testcase name="validatePresenceOfAlertFrameWindowOptions" classname="com.cybage.assignment.test.alertFrameWindowPageTest" time="0.553"/>
  <testcase name="validatePracticeFormOption" classname="com.cybage.assignment.test.toolsqaFormPageTest" time="0.268"/>
  <testcase name="validateElementScreen" classname="com.cybage.assignment.test.toolsqaElementPageTest" time="0.422"/>
  <testcase name="validatePresenceOfWidgetOptions" classname="com.cybage.assignment.test.widgetsPageTest" time="0.484"/>
  <testcase name="validateAccordianPageOperations" classname="com.cybage.assignment.test.widgetsPageTest" time="0">
    <skipped/>
    <system-out><![CDATA[10-12-2021 15:37:31 utilities.java INFO  [TestNG-tests-5] objects.utilities 102 - Test Case TC029 is PASS
]]></system-out>
  </testcase>
  <testcase name="validateAccordianPageOperations" classname="com.cybage.assignment.test.widgetsPageTest" time="0">
    <skipped/>
    <system-out><![CDATA[10-12-2021 15:37:37 utilities.java INFO  [TestNG-tests-3] objects.utilities 102 - Test Case TC021 is PASS
]]></system-out>
  </testcase>
  <testcase name="validateAccordianPageOperations" classname="com.cybage.assignment.test.widgetsPageTest" time="0">
    <skipped/>
    <system-out><![CDATA[10-12-2021 15:37:41 utilities.java INFO  [TestNG-tests-3] objects.utilities 102 - Test Case TC022 is PASS
]]></system-out>
  </testcase>
  <testcase name="validateAccordianPageOperations" classname="com.cybage.assignment.test.widgetsPageTest" time="0.016">
    <failure type="java.lang.NullPointerException">java.lang.NullPointerException
	at com.cybage.assignment.test.widgetsPageTest.validateAccordianPageOperations(widgetsPageTest.java:68)
</failure>
    <system-out><![CDATA[10-12-2021 15:37:44 utilities.java INFO  [TestNG-tests-2] objects.utilities 102 - Test Case TC017 is SKIPPED
]]></system-out>
  </testcase>
  <testcase name="validateFormFilling" classname="com.cybage.assignment.test.toolsqaFormPageTest" time="3.209"/>
  <testcase name="validateFormAfterSubmit" classname="com.cybage.assignment.test.toolsqaFormPageTest" time="0.682"/>
  <testcase name="validateBrokenLinkImagesOperations" classname="com.cybage.assignment.test.toolsqaElementPageTest" time="0">
    <skipped message="The following asserts failed:&#10;	Image is broken expected [true] but found [false]"/>
    <system-out><![CDATA[10-12-2021 15:37:43 utilities.java INFO  [TestNG-tests-5] objects.utilities 102 - Test Case TC030 is SKIPPED
]]></system-out>
  </testcase>
  <testcase name="validateBrokenLinkImagesOperations" classname="com.cybage.assignment.test.toolsqaElementPageTest" time="4.077"/>
  <testcase name="validateAlertsOption" classname="com.cybage.assignment.test.alertFrameWindowPageTest" time="2.846"/>
  <testcase name="validateAutoCompleteTextBoxes" classname="com.cybage.assignment.test.widgetsPageTest" time="3.951"/>
  <testcase name="validateButtonsOperations" classname="com.cybage.assignment.test.toolsqaElementPageTest" time="0.678"/>
  <testcase name="validateBrowserWindowOptions" classname="com.cybage.assignment.test.alertFrameWindowPageTest" time="3.623"/>
  <testcase name="validateCheckBoxOperation" classname="com.cybage.assignment.test.toolsqaElementPageTest" time="0.52"/>
  <testcase name="validateDatePickerOperation" classname="com.cybage.assignment.test.widgetsPageTest" time="1.124"/>
  <testcase name="validateIFrameOperations" classname="com.cybage.assignment.test.alertFrameWindowPageTest" time="3.797"/>
  <testcase name="validateModalDialogsOperation" classname="com.cybage.assignment.test.alertFrameWindowPageTest" time="0">
    <skipped/>
    <system-out><![CDATA[10-12-2021 15:38:08 utilities.java INFO  [TestNG-tests-4] objects.utilities 102 - Test Case TC026 is PASS
]]></system-out>
  </testcase>
  <testcase name="validateModalDialogsOperation" classname="com.cybage.assignment.test.alertFrameWindowPageTest" time="0">
    <skipped/>
    <system-out><![CDATA[10-12-2021 15:38:11 utilities.java INFO  [TestNG-tests-4] objects.utilities 102 - Test Case TC028 is SKIPPED
]]></system-out>
  </testcase>
  <testcase name="validateModalDialogsOperation" classname="com.cybage.assignment.test.alertFrameWindowPageTest" time="0">
    <skipped/>
    <system-out><![CDATA[10-12-2021 15:38:15 utilities.java INFO  [TestNG-tests-2] objects.utilities 102 - Test Case TC019 is PASS
]]></system-out>
  </testcase>
  <testcase name="validateModalDialogsOperation" classname="com.cybage.assignment.test.alertFrameWindowPageTest" time="0.01">
    <failure type="java.lang.NullPointerException">java.lang.NullPointerException
	at com.cybage.assignment.test.alertFrameWindowPageTest.validateModalDialogsOperation(alertFrameWindowPageTest.java:112)
</failure>
    <system-out><![CDATA[10-12-2021 15:38:17 utilities.java INFO  [TestNG-tests-4] objects.utilities 102 - Test Case TC028 is SKIPPED
]]></system-out>
  </testcase>
  <testcase name="validateDynamicButtonsOperations" classname="com.cybage.assignment.test.toolsqaElementPageTest" time="1.344"/>
  <testcase name="validateLinksOperations" classname="com.cybage.assignment.test.toolsqaElementPageTest" time="0.925"/>
  <testcase name="validateNestedFramesOperation" classname="com.cybage.assignment.test.alertFrameWindowPageTest" time="0.377"/>
  <testcase name="validateRadioButtonOperations" classname="com.cybage.assignment.test.toolsqaElementPageTest" time="0.562"/>
  <testcase name="validateTextBoxOnSubmission" classname="com.cybage.assignment.test.toolsqaElementPageTest" time="0.804"/>
  <testcase name="validateUploadDownloadOperations" classname="com.cybage.assignment.test.toolsqaElementPageTest" time="2.34"/>
  <testcase name="validateWebTablesOperations" classname="com.cybage.assignment.test.toolsqaElementPageTest" time="20.594"/>
</testsuite>