<?xml version="1.0" encoding="UTF-8"?>
<testng-results skipped="7" failed="2" ignored="0" total="39" passed="30">
  <reporter-output>
  </reporter-output>
  <suite name="DemoQATest" duration-ms="102734" started-at="2021-10-12T10:07:15Z" finished-at="2021-10-12T10:08:58Z">
    <groups>
    </groups>
    <test name="toolsqaHomeTest" duration-ms="16500" started-at="2021-10-12T10:07:15Z" finished-at="2021-10-12T10:07:31Z">
      <class name="com.cybage.assignment.test.toolsqaHomePageTest">
        <test-method status="PASS" signature="testSetUp()[pri:0, instance:com.cybage.assignment.test.toolsqaHomePageTest@133deed]" name="testSetUp" is-config="true" duration-ms="11839" started-at="2021-10-12T10:07:15Z" finished-at="2021-10-12T10:07:27Z">
          <reporter-output>
          </reporter-output>
        </test-method> <!-- testSetUp -->
        <test-method status="PASS" signature="waitToLoadElements()[pri:0, instance:com.cybage.assignment.test.toolsqaHomePageTest@133deed]" name="waitToLoadElements" is-config="true" duration-ms="15" started-at="2021-10-12T10:07:27Z" finished-at="2021-10-12T10:07:27Z">
          <reporter-output>
          </reporter-output>
        </test-method> <!-- waitToLoadElements -->
        <test-method status="PASS" signature="validateIfAlertTabPresent()[pri:0, instance:com.cybage.assignment.test.toolsqaHomePageTest@133deed]" name="validateIfAlertTabPresent" duration-ms="67" started-at="2021-10-12T10:07:27Z" finished-at="2021-10-12T10:07:27Z">
          <reporter-output>
          </reporter-output>
        </test-method> <!-- validateIfAlertTabPresent -->
        <test-method status="PASS" signature="captureAndReport(org.testng.ITestResult)[pri:0, instance:com.cybage.assignment.test.toolsqaHomePageTest@133deed]" name="captureAndReport" is-config="true" duration-ms="382" started-at="2021-10-12T10:07:27Z" finished-at="2021-10-12T10:07:27Z">
          <params>
            <param index="0">
              <value>
                <![CDATA[[TestResult name=validateIfAlertTabPresent status=SUCCESS method=toolsqaHomePageTest.validateIfAlertTabPresent()[pri:0, instance:com.cybage.assignment.test.toolsqaHomePageTest@133deed] output={null}]]]>
              </value>
            </param>
          </params>
          <reporter-output>
          </reporter-output>
        </test-method> <!-- captureAndReport -->
        <test-method status="PASS" signature="waitToLoadElements()[pri:0, instance:com.cybage.assignment.test.toolsqaHomePageTest@133deed]" name="waitToLoadElements" is-config="true" duration-ms="15" started-at="2021-10-12T10:07:27Z" finished-at="2021-10-12T10:07:27Z">
          <reporter-output>
          </reporter-output>
        </test-method> <!-- waitToLoadElements -->
        <test-method status="PASS" signature="validateIfBookStoreTabPresent()[pri:0, instance:com.cybage.assignment.test.toolsqaHomePageTest@133deed]" name="validateIfBookStoreTabPresent" duration-ms="90" started-at="2021-10-12T10:07:27Z" finished-at="2021-10-12T10:07:27Z">
          <reporter-output>
          </reporter-output>
        </test-method> <!-- validateIfBookStoreTabPresent -->
        <test-method status="PASS" signature="captureAndReport(org.testng.ITestResult)[pri:0, instance:com.cybage.assignment.test.toolsqaHomePageTest@133deed]" name="captureAndReport" is-config="true" duration-ms="1" started-at="2021-10-12T10:07:27Z" finished-at="2021-10-12T10:07:27Z">
          <params>
            <param index="0">
              <value>
                <![CDATA[[TestResult name=validateIfBookStoreTabPresent status=SUCCESS method=toolsqaHomePageTest.validateIfBookStoreTabPresent()[pri:0, instance:com.cybage.assignment.test.toolsqaHomePageTest@133deed] output={null}]]]>
              </value>
            </param>
          </params>
          <reporter-output>
          </reporter-output>
        </test-method> <!-- captureAndReport -->
        <test-method status="PASS" signature="waitToLoadElements()[pri:0, instance:com.cybage.assignment.test.toolsqaHomePageTest@133deed]" name="waitToLoadElements" is-config="true" duration-ms="3" started-at="2021-10-12T10:07:27Z" finished-at="2021-10-12T10:07:27Z">
          <reporter-output>
          </reporter-output>
        </test-method> <!-- waitToLoadElements -->
        <test-method status="PASS" signature="validateIfElementsTabPresent()[pri:0, instance:com.cybage.assignment.test.toolsqaHomePageTest@133deed]" name="validateIfElementsTabPresent" duration-ms="106" started-at="2021-10-12T10:07:27Z" finished-at="2021-10-12T10:07:27Z">
          <reporter-output>
          </reporter-output>
        </test-method> <!-- validateIfElementsTabPresent -->
        <test-method status="PASS" signature="captureAndReport(org.testng.ITestResult)[pri:0, instance:com.cybage.assignment.test.toolsqaHomePageTest@133deed]" name="captureAndReport" is-config="true" duration-ms="2" started-at="2021-10-12T10:07:27Z" finished-at="2021-10-12T10:07:27Z">
          <params>
            <param index="0">
              <value>
                <![CDATA[[TestResult name=validateIfElementsTabPresent status=SUCCESS method=toolsqaHomePageTest.validateIfElementsTabPresent()[pri:0, instance:com.cybage.assignment.test.toolsqaHomePageTest@133deed] output={null}]]]>
              </value>
            </param>
          </params>
          <reporter-output>
          </reporter-output>
        </test-method> <!-- captureAndReport -->
        <test-method status="PASS" signature="waitToLoadElements()[pri:0, instance:com.cybage.assignment.test.toolsqaHomePageTest@133deed]" name="waitToLoadElements" is-config="true" duration-ms="16" started-at="2021-10-12T10:07:27Z" finished-at="2021-10-12T10:07:27Z">
          <reporter-output>
          </reporter-output>
        </test-method> <!-- waitToLoadElements -->
        <test-method status="PASS" signature="validateIfFormsTabPresent()[pri:0, instance:com.cybage.assignment.test.toolsqaHomePageTest@133deed]" name="validateIfFormsTabPresent" duration-ms="149" started-at="2021-10-12T10:07:27Z" finished-at="2021-10-12T10:07:28Z">
          <reporter-output>
          </reporter-output>
        </test-method> <!-- validateIfFormsTabPresent -->
        <test-method status="PASS" signature="captureAndReport(org.testng.ITestResult)[pri:0, instance:com.cybage.assignment.test.toolsqaHomePageTest@133deed]" name="captureAndReport" is-config="true" duration-ms="67" started-at="2021-10-12T10:07:28Z" finished-at="2021-10-12T10:07:28Z">
          <params>
            <param index="0">
              <value>
                <![CDATA[[TestResult name=validateIfFormsTabPresent status=SUCCESS method=toolsqaHomePageTest.validateIfFormsTabPresent()[pri:0, instance:com.cybage.assignment.test.toolsqaHomePageTest@133deed] output={null}]]]>
              </value>
            </param>
          </params>
          <reporter-output>
          </reporter-output>
        </test-method> <!-- captureAndReport -->
        <test-method status="PASS" signature="waitToLoadElements()[pri:0, instance:com.cybage.assignment.test.toolsqaHomePageTest@133deed]" name="waitToLoadElements" is-config="true" duration-ms="13" started-at="2021-10-12T10:07:28Z" finished-at="2021-10-12T10:07:28Z">
          <reporter-output>
          </reporter-output>
        </test-method> <!-- waitToLoadElements -->
        <test-method status="PASS" signature="validateIfInteractionsTabPresent()[pri:0, instance:com.cybage.assignment.test.toolsqaHomePageTest@133deed]" name="validateIfInteractionsTabPresent" duration-ms="50" started-at="2021-10-12T10:07:28Z" finished-at="2021-10-12T10:07:28Z">
          <reporter-output>
          </reporter-output>
        </test-method> <!-- validateIfInteractionsTabPresent -->
        <test-method status="PASS" signature="captureAndReport(org.testng.ITestResult)[pri:0, instance:com.cybage.assignment.test.toolsqaHomePageTest@133deed]" name="captureAndReport" is-config="true" duration-ms="61" started-at="2021-10-12T10:07:28Z" finished-at="2021-10-12T10:07:28Z">
          <params>
            <param index="0">
              <value>
                <![CDATA[[TestResult name=validateIfInteractionsTabPresent status=SUCCESS method=toolsqaHomePageTest.validateIfInteractionsTabPresent()[pri:0, instance:com.cybage.assignment.test.toolsqaHomePageTest@133deed] output={null}]]]>
              </value>
            </param>
          </params>
          <reporter-output>
          </reporter-output>
        </test-method> <!-- captureAndReport -->
        <test-method status="PASS" signature="waitToLoadElements()[pri:0, instance:com.cybage.assignment.test.toolsqaHomePageTest@133deed]" name="waitToLoadElements" is-config="true" duration-ms="30" started-at="2021-10-12T10:07:28Z" finished-at="2021-10-12T10:07:28Z">
          <reporter-output>
          </reporter-output>
        </test-method> <!-- waitToLoadElements -->
        <test-method status="PASS" signature="validateIfLogoPresent()[pri:0, instance:com.cybage.assignment.test.toolsqaHomePageTest@133deed]" name="validateIfLogoPresent" duration-ms="53" started-at="2021-10-12T10:07:28Z" finished-at="2021-10-12T10:07:28Z">
          <reporter-output>
          </reporter-output>
        </test-method> <!-- validateIfLogoPresent -->
        <test-method status="PASS" signature="captureAndReport(org.testng.ITestResult)[pri:0, instance:com.cybage.assignment.test.toolsqaHomePageTest@133deed]" name="captureAndReport" is-config="true" duration-ms="2" started-at="2021-10-12T10:07:28Z" finished-at="2021-10-12T10:07:28Z">
          <params>
            <param index="0">
              <value>
                <![CDATA[[TestResult name=validateIfLogoPresent status=SUCCESS method=toolsqaHomePageTest.validateIfLogoPresent()[pri:0, instance:com.cybage.assignment.test.toolsqaHomePageTest@133deed] output={null}]]]>
              </value>
            </param>
          </params>
          <reporter-output>
          </reporter-output>
        </test-method> <!-- captureAndReport -->
        <test-method status="PASS" signature="waitToLoadElements()[pri:0, instance:com.cybage.assignment.test.toolsqaHomePageTest@133deed]" name="waitToLoadElements" is-config="true" duration-ms="22" started-at="2021-10-12T10:07:28Z" finished-at="2021-10-12T10:07:28Z">
          <reporter-output>
          </reporter-output>
        </test-method> <!-- waitToLoadElements -->
        <test-method status="PASS" signature="validateIfWidgetTabPresent()[pri:0, instance:com.cybage.assignment.test.toolsqaHomePageTest@133deed]" name="validateIfWidgetTabPresent" duration-ms="35" started-at="2021-10-12T10:07:28Z" finished-at="2021-10-12T10:07:28Z">
          <reporter-output>
          </reporter-output>
        </test-method> <!-- validateIfWidgetTabPresent -->
        <test-method status="PASS" signature="captureAndReport(org.testng.ITestResult)[pri:0, instance:com.cybage.assignment.test.toolsqaHomePageTest@133deed]" name="captureAndReport" is-config="true" duration-ms="2" started-at="2021-10-12T10:07:28Z" finished-at="2021-10-12T10:07:28Z">
          <params>
            <param index="0">
              <value>
                <![CDATA[[TestResult name=validateIfWidgetTabPresent status=SUCCESS method=toolsqaHomePageTest.validateIfWidgetTabPresent()[pri:0, instance:com.cybage.assignment.test.toolsqaHomePageTest@133deed] output={null}]]]>
              </value>
            </param>
          </params>
          <reporter-output>
          </reporter-output>
        </test-method> <!-- captureAndReport -->
        <test-method status="PASS" signature="waitToLoadElements()[pri:0, instance:com.cybage.assignment.test.toolsqaHomePageTest@133deed]" name="waitToLoadElements" is-config="true" duration-ms="5" started-at="2021-10-12T10:07:28Z" finished-at="2021-10-12T10:07:28Z">
          <reporter-output>
          </reporter-output>
        </test-method> <!-- waitToLoadElements -->
        <test-method status="PASS" signature="validatePageBanner()[pri:0, instance:com.cybage.assignment.test.toolsqaHomePageTest@133deed]" name="validatePageBanner" duration-ms="66" started-at="2021-10-12T10:07:28Z" finished-at="2021-10-12T10:07:28Z">
          <reporter-output>
          </reporter-output>
        </test-method> <!-- validatePageBanner -->
        <test-method status="PASS" signature="captureAndReport(org.testng.ITestResult)[pri:0, instance:com.cybage.assignment.test.toolsqaHomePageTest@133deed]" name="captureAndReport" is-config="true" duration-ms="2" started-at="2021-10-12T10:07:28Z" finished-at="2021-10-12T10:07:28Z">
          <params>
            <param index="0">
              <value>
                <![CDATA[[TestResult name=validatePageBanner status=SUCCESS method=toolsqaHomePageTest.validatePageBanner()[pri:0, instance:com.cybage.assignment.test.toolsqaHomePageTest@133deed] output={null}]]]>
              </value>
            </param>
          </params>
          <reporter-output>
          </reporter-output>
        </test-method> <!-- captureAndReport -->
        <test-method status="PASS" signature="waitToLoadElements()[pri:0, instance:com.cybage.assignment.test.toolsqaHomePageTest@133deed]" name="waitToLoadElements" is-config="true" duration-ms="15" started-at="2021-10-12T10:07:28Z" finished-at="2021-10-12T10:07:28Z">
          <reporter-output>
          </reporter-output>
        </test-method> <!-- waitToLoadElements -->
        <test-method status="PASS" signature="validatePageTitle()[pri:0, instance:com.cybage.assignment.test.toolsqaHomePageTest@133deed]" name="validatePageTitle" duration-ms="4" started-at="2021-10-12T10:07:28Z" finished-at="2021-10-12T10:07:28Z">
          <reporter-output>
          </reporter-output>
        </test-method> <!-- validatePageTitle -->
        <test-method status="PASS" signature="captureAndReport(org.testng.ITestResult)[pri:0, instance:com.cybage.assignment.test.toolsqaHomePageTest@133deed]" name="captureAndReport" is-config="true" duration-ms="1" started-at="2021-10-12T10:07:28Z" finished-at="2021-10-12T10:07:28Z">
          <params>
            <param index="0">
              <value>
                <![CDATA[[TestResult name=validatePageTitle status=SUCCESS method=toolsqaHomePageTest.validatePageTitle()[pri:0, instance:com.cybage.assignment.test.toolsqaHomePageTest@133deed] output={null}]]]>
              </value>
            </param>
          </params>
          <reporter-output>
          </reporter-output>
        </test-method> <!-- captureAndReport -->
        <test-method status="PASS" signature="testCleanUp()[pri:0, instance:com.cybage.assignment.test.toolsqaHomePageTest@133deed]" name="testCleanUp" is-config="true" duration-ms="3380" started-at="2021-10-12T10:07:28Z" finished-at="2021-10-12T10:07:31Z">
          <reporter-output>
          </reporter-output>
        </test-method> <!-- testCleanUp -->
        <test-method status="PASS" signature="releaseDriver()[pri:0, instance:com.cybage.assignment.test.toolsqaHomePageTest@133deed]" name="releaseDriver" is-config="true" duration-ms="0" started-at="2021-10-12T10:07:31Z" finished-at="2021-10-12T10:07:31Z">
          <reporter-output>
          </reporter-output>
        </test-method> <!-- releaseDriver -->
      </class> <!-- com.cybage.assignment.test.toolsqaHomePageTest -->
    </test> <!-- toolsqaHomeTest -->
    <test name="toolsqaFormTest" duration-ms="31166" started-at="2021-10-12T10:07:15Z" finished-at="2021-10-12T10:07:46Z">
      <class name="com.cybage.assignment.test.toolsqaFormPageTest">
        <test-method status="PASS" signature="testSetUp()[pri:0, instance:com.cybage.assignment.test.toolsqaFormPageTest@1d13d04]" name="testSetUp" is-config="true" duration-ms="12002" started-at="2021-10-12T10:07:15Z" finished-at="2021-10-12T10:07:27Z">
          <reporter-output>
          </reporter-output>
        </test-method> <!-- testSetUp -->
        <test-method status="PASS" signature="waitToLoadElements()[pri:0, instance:com.cybage.assignment.test.toolsqaFormPageTest@1d13d04]" name="waitToLoadElements" is-config="true" duration-ms="3013" started-at="2021-10-12T10:07:27Z" finished-at="2021-10-12T10:07:30Z">
          <reporter-output>
          </reporter-output>
        </test-method> <!-- waitToLoadElements -->
        <test-method status="PASS" signature="validatePracticeFormOption()[pri:0, instance:com.cybage.assignment.test.toolsqaFormPageTest@1d13d04]" name="validatePracticeFormOption" duration-ms="268" started-at="2021-10-12T10:07:30Z" finished-at="2021-10-12T10:07:30Z">
          <reporter-output>
          </reporter-output>
        </test-method> <!-- validatePracticeFormOption -->
        <test-method status="PASS" signature="captureAndReport(org.testng.ITestResult)[pri:0, instance:com.cybage.assignment.test.toolsqaFormPageTest@1d13d04]" name="captureAndReport" is-config="true" duration-ms="90" started-at="2021-10-12T10:07:30Z" finished-at="2021-10-12T10:07:30Z">
          <params>
            <param index="0">
              <value>
                <![CDATA[[TestResult name=validatePracticeFormOption status=SUCCESS method=toolsqaFormPageTest.validatePracticeFormOption()[pri:0, instance:com.cybage.assignment.test.toolsqaFormPageTest@1d13d04] output={null}]]]>
              </value>
            </param>
          </params>
          <reporter-output>
          </reporter-output>
        </test-method> <!-- captureAndReport -->
        <test-method status="PASS" signature="waitToLoadElements()[pri:0, instance:com.cybage.assignment.test.toolsqaFormPageTest@1d13d04]" name="waitToLoadElements" is-config="true" duration-ms="3004" started-at="2021-10-12T10:07:30Z" finished-at="2021-10-12T10:07:33Z">
          <reporter-output>
          </reporter-output>
        </test-method> <!-- waitToLoadElements -->
        <test-method status="PASS" signature="validateFormFilling()[pri:1, instance:com.cybage.assignment.test.toolsqaFormPageTest@1d13d04]" name="validateFormFilling" duration-ms="4082" started-at="2021-10-12T10:07:33Z" depends-on-methods="com.cybage.assignment.test.toolsqaFormPageTest.validatePracticeFormOption" finished-at="2021-10-12T10:07:37Z">
          <reporter-output>
          </reporter-output>
        </test-method> <!-- validateFormFilling -->
        <test-method status="PASS" signature="captureAndReport(org.testng.ITestResult)[pri:0, instance:com.cybage.assignment.test.toolsqaFormPageTest@1d13d04]" name="captureAndReport" is-config="true" duration-ms="7" started-at="2021-10-12T10:07:37Z" finished-at="2021-10-12T10:07:37Z">
          <params>
            <param index="0">
              <value>
                <![CDATA[[TestResult name=validateFormFilling status=SUCCESS method=toolsqaFormPageTest.validateFormFilling()[pri:1, instance:com.cybage.assignment.test.toolsqaFormPageTest@1d13d04] output={null}]]]>
              </value>
            </param>
          </params>
          <reporter-output>
          </reporter-output>
        </test-method> <!-- captureAndReport -->
        <test-method status="PASS" signature="waitToLoadElements()[pri:0, instance:com.cybage.assignment.test.toolsqaFormPageTest@1d13d04]" name="waitToLoadElements" is-config="true" duration-ms="3001" started-at="2021-10-12T10:07:37Z" finished-at="2021-10-12T10:07:40Z">
          <reporter-output>
          </reporter-output>
        </test-method> <!-- waitToLoadElements -->
        <test-method status="PASS" signature="validateFormAfterSubmit()[pri:2, instance:com.cybage.assignment.test.toolsqaFormPageTest@1d13d04]" name="validateFormAfterSubmit" duration-ms="682" started-at="2021-10-12T10:07:40Z" depends-on-methods="com.cybage.assignment.test.toolsqaFormPageTest.validatePracticeFormOption" finished-at="2021-10-12T10:07:41Z">
          <reporter-output>
          </reporter-output>
        </test-method> <!-- validateFormAfterSubmit -->
        <test-method status="PASS" signature="captureAndReport(org.testng.ITestResult)[pri:0, instance:com.cybage.assignment.test.toolsqaFormPageTest@1d13d04]" name="captureAndReport" is-config="true" duration-ms="13" started-at="2021-10-12T10:07:41Z" finished-at="2021-10-12T10:07:41Z">
          <params>
            <param index="0">
              <value>
                <![CDATA[[TestResult name=validateFormAfterSubmit status=SUCCESS method=toolsqaFormPageTest.validateFormAfterSubmit()[pri:2, instance:com.cybage.assignment.test.toolsqaFormPageTest@1d13d04] output={null}]]]>
              </value>
            </param>
          </params>
          <reporter-output>
          </reporter-output>
        </test-method> <!-- captureAndReport -->
        <test-method status="PASS" signature="testCleanUp()[pri:0, instance:com.cybage.assignment.test.toolsqaFormPageTest@1d13d04]" name="testCleanUp" is-config="true" duration-ms="5002" started-at="2021-10-12T10:07:41Z" finished-at="2021-10-12T10:07:46Z">
          <reporter-output>
          </reporter-output>
        </test-method> <!-- testCleanUp -->
        <test-method status="PASS" signature="releaseDriver()[pri:0, instance:com.cybage.assignment.test.toolsqaFormPageTest@1d13d04]" name="releaseDriver" is-config="true" duration-ms="0" started-at="2021-10-12T10:07:46Z" finished-at="2021-10-12T10:07:46Z">
          <reporter-output>
          </reporter-output>
        </test-method> <!-- releaseDriver -->
      </class> <!-- com.cybage.assignment.test.toolsqaFormPageTest -->
    </test> <!-- toolsqaFormTest -->
    <test name="toolsqaWidgetTest" duration-ms="47281" started-at="2021-10-12T10:07:15Z" finished-at="2021-10-12T10:08:02Z">
      <class name="com.cybage.assignment.test.widgetsPageTest">
        <test-method status="PASS" signature="testSetUp()[pri:0, instance:com.cybage.assignment.test.widgetsPageTest@94f90]" name="testSetUp" is-config="true" duration-ms="12759" started-at="2021-10-12T10:07:15Z" finished-at="2021-10-12T10:07:28Z">
          <reporter-output>
          </reporter-output>
        </test-method> <!-- testSetUp -->
        <test-method status="PASS" signature="waitToLoadElements()[pri:0, instance:com.cybage.assignment.test.widgetsPageTest@94f90]" name="waitToLoadElements" is-config="true" duration-ms="3007" started-at="2021-10-12T10:07:28Z" finished-at="2021-10-12T10:07:31Z">
          <reporter-output>
          </reporter-output>
        </test-method> <!-- waitToLoadElements -->
        <test-method status="PASS" signature="validatePresenceOfWidgetOptions()[pri:0, instance:com.cybage.assignment.test.widgetsPageTest@94f90]" name="validatePresenceOfWidgetOptions" duration-ms="484" started-at="2021-10-12T10:07:31Z" finished-at="2021-10-12T10:07:31Z">
          <reporter-output>
          </reporter-output>
        </test-method> <!-- validatePresenceOfWidgetOptions -->
        <test-method status="PASS" signature="captureAndReport(org.testng.ITestResult)[pri:0, instance:com.cybage.assignment.test.widgetsPageTest@94f90]" name="captureAndReport" is-config="true" duration-ms="0" started-at="2021-10-12T10:07:31Z" finished-at="2021-10-12T10:07:31Z">
          <params>
            <param index="0">
              <value>
                <![CDATA[[TestResult name=validatePresenceOfWidgetOptions status=SUCCESS method=widgetsPageTest.validatePresenceOfWidgetOptions()[pri:0, instance:com.cybage.assignment.test.widgetsPageTest@94f90] output={null}]]]>
              </value>
            </param>
          </params>
          <reporter-output>
          </reporter-output>
        </test-method> <!-- captureAndReport -->
        <test-method status="PASS" signature="waitToLoadElements()[pri:0, instance:com.cybage.assignment.test.widgetsPageTest@94f90]" name="waitToLoadElements" is-config="true" duration-ms="3001" started-at="2021-10-12T10:07:31Z" finished-at="2021-10-12T10:07:34Z">
          <reporter-output>
          </reporter-output>
        </test-method> <!-- waitToLoadElements -->
        <test-method status="SKIP" signature="validateAccordianPageOperations()[pri:0, instance:com.cybage.assignment.test.widgetsPageTest@94f90]" name="validateAccordianPageOperations" duration-ms="2980" started-at="2021-10-12T10:07:34Z" depends-on-methods="com.cybage.assignment.test.widgetsPageTest.validatePresenceOfWidgetOptions" finished-at="2021-10-12T10:07:37Z">
          <exception class="java.lang.NullPointerException">
            <full-stacktrace>
              <![CDATA[java.lang.NullPointerException
at com.cybage.assignment.objects.utilities.readWorkbook(utilities.java:72)
at com.cybage.assignment.test.widgetsPageTest.validateAccordianPageOperations(widgetsPageTest.java:68)
at sun.reflect.NativeMethodAccessorImpl.invoke0(Native Method)
at sun.reflect.NativeMethodAccessorImpl.invoke(NativeMethodAccessorImpl.java:62)
at sun.reflect.DelegatingMethodAccessorImpl.invoke(DelegatingMethodAccessorImpl.java:43)
at java.lang.reflect.Method.invoke(Method.java:498)
at org.testng.internal.MethodInvocationHelper.invokeMethod(MethodInvocationHelper.java:124)
at org.testng.internal.Invoker.invokeMethod(Invoker.java:583)
at org.testng.internal.Invoker.invokeTestMethod(Invoker.java:719)
at org.testng.internal.Invoker.invokeTestMethods(Invoker.java:989)
at org.testng.internal.TestMethodWorker.invokeTestMethods(TestMethodWorker.java:125)
at org.testng.internal.TestMethodWorker.run(TestMethodWorker.java:109)
at org.testng.TestRunner.privateRun(TestRunner.java:648)
at org.testng.TestRunner.run(TestRunner.java:505)
at org.testng.SuiteRunner.runTest(SuiteRunner.java:455)
at org.testng.SuiteRunner.access$000(SuiteRunner.java:40)
at org.testng.SuiteRunner$SuiteWorker.run(SuiteRunner.java:489)
at org.testng.internal.thread.ThreadUtil$1.call(ThreadUtil.java:52)
at java.util.concurrent.FutureTask.run(FutureTask.java:266)
at java.util.concurrent.ThreadPoolExecutor.runWorker(ThreadPoolExecutor.java:1149)
at java.util.concurrent.ThreadPoolExecutor$Worker.run(ThreadPoolExecutor.java:624)
at java.lang.Thread.run(Thread.java:748)
]]>
            </full-stacktrace>
          </exception> <!-- java.lang.NullPointerException -->
          <reporter-output>
          </reporter-output>
        </test-method> <!-- validateAccordianPageOperations -->
        <test-method status="PASS" signature="captureAndReport(org.testng.ITestResult)[pri:0, instance:com.cybage.assignment.test.widgetsPageTest@94f90]" name="captureAndReport" is-config="true" duration-ms="2" started-at="2021-10-12T10:07:37Z" finished-at="2021-10-12T10:07:37Z">
          <params>
            <param index="0">
              <value>
                <![CDATA[[TestResult name=validateAccordianPageOperations status=SKIP method=widgetsPageTest.validateAccordianPageOperations()[pri:0, instance:com.cybage.assignment.test.widgetsPageTest@94f90] output={null}]]]>
              </value>
            </param>
          </params>
          <reporter-output>
          </reporter-output>
        </test-method> <!-- captureAndReport -->
        <test-method status="PASS" signature="waitToLoadElements()[pri:0, instance:com.cybage.assignment.test.widgetsPageTest@94f90]" name="waitToLoadElements" is-config="true" duration-ms="3001" started-at="2021-10-12T10:07:37Z" finished-at="2021-10-12T10:07:40Z">
          <reporter-output>
          </reporter-output>
        </test-method> <!-- waitToLoadElements -->
        <test-method status="SKIP" signature="validateAccordianPageOperations()[pri:0, instance:com.cybage.assignment.test.widgetsPageTest@94f90]" name="validateAccordianPageOperations" duration-ms="16" started-at="2021-10-12T10:07:40Z" depends-on-methods="com.cybage.assignment.test.widgetsPageTest.validatePresenceOfWidgetOptions" finished-at="2021-10-12T10:07:40Z">
          <exception class="java.lang.NullPointerException">
            <full-stacktrace>
              <![CDATA[java.lang.NullPointerException
at com.cybage.assignment.objects.utilities.readWorkbook(utilities.java:72)
at com.cybage.assignment.test.widgetsPageTest.validateAccordianPageOperations(widgetsPageTest.java:68)
at sun.reflect.NativeMethodAccessorImpl.invoke0(Native Method)
at sun.reflect.NativeMethodAccessorImpl.invoke(NativeMethodAccessorImpl.java:62)
at sun.reflect.DelegatingMethodAccessorImpl.invoke(DelegatingMethodAccessorImpl.java:43)
at java.lang.reflect.Method.invoke(Method.java:498)
at org.testng.internal.MethodInvocationHelper.invokeMethod(MethodInvocationHelper.java:124)
at org.testng.internal.Invoker.invokeMethod(Invoker.java:583)
at org.testng.internal.Invoker.retryFailed(Invoker.java:839)
at org.testng.internal.Invoker.invokeTestMethods(Invoker.java:1010)
at org.testng.internal.TestMethodWorker.invokeTestMethods(TestMethodWorker.java:125)
at org.testng.internal.TestMethodWorker.run(TestMethodWorker.java:109)
at org.testng.TestRunner.privateRun(TestRunner.java:648)
at org.testng.TestRunner.run(TestRunner.java:505)
at org.testng.SuiteRunner.runTest(SuiteRunner.java:455)
at org.testng.SuiteRunner.access$000(SuiteRunner.java:40)
at org.testng.SuiteRunner$SuiteWorker.run(SuiteRunner.java:489)
at org.testng.internal.thread.ThreadUtil$1.call(ThreadUtil.java:52)
at java.util.concurrent.FutureTask.run(FutureTask.java:266)
at java.util.concurrent.ThreadPoolExecutor.runWorker(ThreadPoolExecutor.java:1149)
at java.util.concurrent.ThreadPoolExecutor$Worker.run(ThreadPoolExecutor.java:624)
at java.lang.Thread.run(Thread.java:748)
]]>
            </full-stacktrace>
          </exception> <!-- java.lang.NullPointerException -->
          <reporter-output>
          </reporter-output>
        </test-method> <!-- validateAccordianPageOperations -->
        <test-method status="PASS" signature="captureAndReport(org.testng.ITestResult)[pri:0, instance:com.cybage.assignment.test.widgetsPageTest@94f90]" name="captureAndReport" is-config="true" duration-ms="3" started-at="2021-10-12T10:07:40Z" finished-at="2021-10-12T10:07:40Z">
          <params>
            <param index="0">
              <value>
                <![CDATA[[TestResult name=validateAccordianPageOperations status=SKIP method=widgetsPageTest.validateAccordianPageOperations()[pri:0, instance:com.cybage.assignment.test.widgetsPageTest@94f90] output={null}]]]>
              </value>
            </param>
          </params>
          <reporter-output>
          </reporter-output>
        </test-method> <!-- captureAndReport -->
        <test-method status="PASS" signature="waitToLoadElements()[pri:0, instance:com.cybage.assignment.test.widgetsPageTest@94f90]" name="waitToLoadElements" is-config="true" duration-ms="3007" started-at="2021-10-12T10:07:40Z" finished-at="2021-10-12T10:07:43Z">
          <reporter-output>
          </reporter-output>
        </test-method> <!-- waitToLoadElements -->
        <test-method status="SKIP" signature="validateAccordianPageOperations()[pri:0, instance:com.cybage.assignment.test.widgetsPageTest@94f90]" name="validateAccordianPageOperations" duration-ms="23" started-at="2021-10-12T10:07:43Z" depends-on-methods="com.cybage.assignment.test.widgetsPageTest.validatePresenceOfWidgetOptions" finished-at="2021-10-12T10:07:43Z">
          <exception class="java.lang.NullPointerException">
            <full-stacktrace>
              <![CDATA[java.lang.NullPointerException
at com.cybage.assignment.objects.utilities.readWorkbook(utilities.java:72)
at com.cybage.assignment.test.widgetsPageTest.validateAccordianPageOperations(widgetsPageTest.java:68)
at sun.reflect.NativeMethodAccessorImpl.invoke0(Native Method)
at sun.reflect.NativeMethodAccessorImpl.invoke(NativeMethodAccessorImpl.java:62)
at sun.reflect.DelegatingMethodAccessorImpl.invoke(DelegatingMethodAccessorImpl.java:43)
at java.lang.reflect.Method.invoke(Method.java:498)
at org.testng.internal.MethodInvocationHelper.invokeMethod(MethodInvocationHelper.java:124)
at org.testng.internal.Invoker.invokeMethod(Invoker.java:583)
at org.testng.internal.Invoker.retryFailed(Invoker.java:839)
at org.testng.internal.Invoker.invokeTestMethods(Invoker.java:1010)
at org.testng.internal.TestMethodWorker.invokeTestMethods(TestMethodWorker.java:125)
at org.testng.internal.TestMethodWorker.run(TestMethodWorker.java:109)
at org.testng.TestRunner.privateRun(TestRunner.java:648)
at org.testng.TestRunner.run(TestRunner.java:505)
at org.testng.SuiteRunner.runTest(SuiteRunner.java:455)
at org.testng.SuiteRunner.access$000(SuiteRunner.java:40)
at org.testng.SuiteRunner$SuiteWorker.run(SuiteRunner.java:489)
at org.testng.internal.thread.ThreadUtil$1.call(ThreadUtil.java:52)
at java.util.concurrent.FutureTask.run(FutureTask.java:266)
at java.util.concurrent.ThreadPoolExecutor.runWorker(ThreadPoolExecutor.java:1149)
at java.util.concurrent.ThreadPoolExecutor$Worker.run(ThreadPoolExecutor.java:624)
at java.lang.Thread.run(Thread.java:748)
]]>
            </full-stacktrace>
          </exception> <!-- java.lang.NullPointerException -->
          <reporter-output>
          </reporter-output>
        </test-method> <!-- validateAccordianPageOperations -->
        <test-method status="PASS" signature="captureAndReport(org.testng.ITestResult)[pri:0, instance:com.cybage.assignment.test.widgetsPageTest@94f90]" name="captureAndReport" is-config="true" duration-ms="2" started-at="2021-10-12T10:07:43Z" finished-at="2021-10-12T10:07:43Z">
          <params>
            <param index="0">
              <value>
                <![CDATA[[TestResult name=validateAccordianPageOperations status=SKIP method=widgetsPageTest.validateAccordianPageOperations()[pri:0, instance:com.cybage.assignment.test.widgetsPageTest@94f90] output={null}]]]>
              </value>
            </param>
          </params>
          <reporter-output>
          </reporter-output>
        </test-method> <!-- captureAndReport -->
        <test-method status="PASS" signature="waitToLoadElements()[pri:0, instance:com.cybage.assignment.test.widgetsPageTest@94f90]" name="waitToLoadElements" is-config="true" duration-ms="3006" started-at="2021-10-12T10:07:43Z" finished-at="2021-10-12T10:07:46Z">
          <reporter-output>
          </reporter-output>
        </test-method> <!-- waitToLoadElements -->
        <test-method status="FAIL" signature="validateAccordianPageOperations()[pri:0, instance:com.cybage.assignment.test.widgetsPageTest@94f90]" name="validateAccordianPageOperations" duration-ms="15" started-at="2021-10-12T10:07:46Z" depends-on-methods="com.cybage.assignment.test.widgetsPageTest.validatePresenceOfWidgetOptions" finished-at="2021-10-12T10:07:46Z">
          <exception class="java.lang.NullPointerException">
            <full-stacktrace>
              <![CDATA[java.lang.NullPointerException
at com.cybage.assignment.objects.utilities.readWorkbook(utilities.java:72)
at com.cybage.assignment.test.widgetsPageTest.validateAccordianPageOperations(widgetsPageTest.java:68)
at sun.reflect.NativeMethodAccessorImpl.invoke0(Native Method)
at sun.reflect.NativeMethodAccessorImpl.invoke(NativeMethodAccessorImpl.java:62)
at sun.reflect.DelegatingMethodAccessorImpl.invoke(DelegatingMethodAccessorImpl.java:43)
at java.lang.reflect.Method.invoke(Method.java:498)
at org.testng.internal.MethodInvocationHelper.invokeMethod(MethodInvocationHelper.java:124)
at org.testng.internal.Invoker.invokeMethod(Invoker.java:583)
at org.testng.internal.Invoker.retryFailed(Invoker.java:839)
at org.testng.internal.Invoker.invokeTestMethods(Invoker.java:1010)
at org.testng.internal.TestMethodWorker.invokeTestMethods(TestMethodWorker.java:125)
at org.testng.internal.TestMethodWorker.run(TestMethodWorker.java:109)
at org.testng.TestRunner.privateRun(TestRunner.java:648)
at org.testng.TestRunner.run(TestRunner.java:505)
at org.testng.SuiteRunner.runTest(SuiteRunner.java:455)
at org.testng.SuiteRunner.access$000(SuiteRunner.java:40)
at org.testng.SuiteRunner$SuiteWorker.run(SuiteRunner.java:489)
at org.testng.internal.thread.ThreadUtil$1.call(ThreadUtil.java:52)
at java.util.concurrent.FutureTask.run(FutureTask.java:266)
at java.util.concurrent.ThreadPoolExecutor.runWorker(ThreadPoolExecutor.java:1149)
at java.util.concurrent.ThreadPoolExecutor$Worker.run(ThreadPoolExecutor.java:624)
at java.lang.Thread.run(Thread.java:748)
]]>
            </full-stacktrace>
          </exception> <!-- java.lang.NullPointerException -->
          <reporter-output>
          </reporter-output>
        </test-method> <!-- validateAccordianPageOperations -->
        <test-method status="PASS" signature="captureAndReport(org.testng.ITestResult)[pri:0, instance:com.cybage.assignment.test.widgetsPageTest@94f90]" name="captureAndReport" is-config="true" duration-ms="240" started-at="2021-10-12T10:07:46Z" finished-at="2021-10-12T10:07:46Z">
          <params>
            <param index="0">
              <value>
                <![CDATA[[TestResult name=validateAccordianPageOperations status=FAILURE method=widgetsPageTest.validateAccordianPageOperations()[pri:0, instance:com.cybage.assignment.test.widgetsPageTest@94f90] output={null}]]]>
              </value>
            </param>
          </params>
          <reporter-output>
          </reporter-output>
        </test-method> <!-- captureAndReport -->
        <test-method status="PASS" signature="waitToLoadElements()[pri:0, instance:com.cybage.assignment.test.widgetsPageTest@94f90]" name="waitToLoadElements" is-config="true" duration-ms="3006" started-at="2021-10-12T10:07:46Z" finished-at="2021-10-12T10:07:49Z">
          <reporter-output>
          </reporter-output>
        </test-method> <!-- waitToLoadElements -->
        <test-method status="PASS" signature="validateAutoCompleteTextBoxes()[pri:0, instance:com.cybage.assignment.test.widgetsPageTest@94f90]" name="validateAutoCompleteTextBoxes" duration-ms="3951" started-at="2021-10-12T10:07:49Z" depends-on-methods="com.cybage.assignment.test.widgetsPageTest.validatePresenceOfWidgetOptions" finished-at="2021-10-12T10:07:53Z">
          <reporter-output>
          </reporter-output>
        </test-method> <!-- validateAutoCompleteTextBoxes -->
        <test-method status="PASS" signature="captureAndReport(org.testng.ITestResult)[pri:0, instance:com.cybage.assignment.test.widgetsPageTest@94f90]" name="captureAndReport" is-config="true" duration-ms="2" started-at="2021-10-12T10:07:53Z" finished-at="2021-10-12T10:07:53Z">
          <params>
            <param index="0">
              <value>
                <![CDATA[[TestResult name=validateAutoCompleteTextBoxes status=SUCCESS method=widgetsPageTest.validateAutoCompleteTextBoxes()[pri:0, instance:com.cybage.assignment.test.widgetsPageTest@94f90] output={null}]]]>
              </value>
            </param>
          </params>
          <reporter-output>
          </reporter-output>
        </test-method> <!-- captureAndReport -->
        <test-method status="PASS" signature="waitToLoadElements()[pri:0, instance:com.cybage.assignment.test.widgetsPageTest@94f90]" name="waitToLoadElements" is-config="true" duration-ms="3010" started-at="2021-10-12T10:07:53Z" finished-at="2021-10-12T10:07:56Z">
          <reporter-output>
          </reporter-output>
        </test-method> <!-- waitToLoadElements -->
        <test-method status="PASS" signature="validateDatePickerOperation()[pri:0, instance:com.cybage.assignment.test.widgetsPageTest@94f90]" name="validateDatePickerOperation" duration-ms="4928" started-at="2021-10-12T10:07:56Z" depends-on-methods="com.cybage.assignment.test.widgetsPageTest.validatePresenceOfWidgetOptions" finished-at="2021-10-12T10:08:01Z">
          <reporter-output>
          </reporter-output>
        </test-method> <!-- validateDatePickerOperation -->
        <test-method status="PASS" signature="captureAndReport(org.testng.ITestResult)[pri:0, instance:com.cybage.assignment.test.widgetsPageTest@94f90]" name="captureAndReport" is-config="true" duration-ms="2" started-at="2021-10-12T10:08:01Z" finished-at="2021-10-12T10:08:01Z">
          <params>
            <param index="0">
              <value>
                <![CDATA[[TestResult name=validateDatePickerOperation status=SUCCESS method=widgetsPageTest.validateDatePickerOperation()[pri:0, instance:com.cybage.assignment.test.widgetsPageTest@94f90] output={null}]]]>
              </value>
            </param>
          </params>
          <reporter-output>
          </reporter-output>
        </test-method> <!-- captureAndReport -->
        <test-method status="PASS" signature="testCleanUp()[pri:0, instance:com.cybage.assignment.test.widgetsPageTest@94f90]" name="testCleanUp" is-config="true" duration-ms="835" started-at="2021-10-12T10:08:01Z" finished-at="2021-10-12T10:08:02Z">
          <reporter-output>
          </reporter-output>
        </test-method> <!-- testCleanUp -->
        <test-method status="PASS" signature="releaseDriver()[pri:0, instance:com.cybage.assignment.test.widgetsPageTest@94f90]" name="releaseDriver" is-config="true" duration-ms="0" started-at="2021-10-12T10:08:02Z" finished-at="2021-10-12T10:08:02Z">
          <reporter-output>
          </reporter-output>
        </test-method> <!-- releaseDriver -->
      </class> <!-- com.cybage.assignment.test.widgetsPageTest -->
    </test> <!-- toolsqaWidgetTest -->
    <test name="toolsqaWindowTest" duration-ms="68972" started-at="2021-10-12T10:07:15Z" finished-at="2021-10-12T10:08:24Z">
      <class name="com.cybage.assignment.test.alertFrameWindowPageTest">
        <test-method status="PASS" signature="testSetUp()[pri:0, instance:com.cybage.assignment.test.alertFrameWindowPageTest@17b48e4]" name="testSetUp" is-config="true" duration-ms="10279" started-at="2021-10-12T10:07:15Z" finished-at="2021-10-12T10:07:25Z">
          <reporter-output>
          </reporter-output>
        </test-method> <!-- testSetUp -->
        <test-method status="PASS" signature="waitToLoadElements()[pri:0, instance:com.cybage.assignment.test.alertFrameWindowPageTest@17b48e4]" name="waitToLoadElements" is-config="true" duration-ms="3004" started-at="2021-10-12T10:07:25Z" finished-at="2021-10-12T10:07:28Z">
          <reporter-output>
          </reporter-output>
        </test-method> <!-- waitToLoadElements -->
        <test-method status="PASS" signature="validatePresenceOfAlertFrameWindowOptions()[pri:0, instance:com.cybage.assignment.test.alertFrameWindowPageTest@17b48e4]" name="validatePresenceOfAlertFrameWindowOptions" duration-ms="553" started-at="2021-10-12T10:07:28Z" finished-at="2021-10-12T10:07:29Z">
          <reporter-output>
          </reporter-output>
        </test-method> <!-- validatePresenceOfAlertFrameWindowOptions -->
        <test-method status="PASS" signature="captureAndReport(org.testng.ITestResult)[pri:0, instance:com.cybage.assignment.test.alertFrameWindowPageTest@17b48e4]" name="captureAndReport" is-config="true" duration-ms="3" started-at="2021-10-12T10:07:29Z" finished-at="2021-10-12T10:07:29Z">
          <params>
            <param index="0">
              <value>
                <![CDATA[[TestResult name=validatePresenceOfAlertFrameWindowOptions status=SUCCESS method=alertFrameWindowPageTest.validatePresenceOfAlertFrameWindowOptions()[pri:0, instance:com.cybage.assignment.test.alertFrameWindowPageTest@17b48e4] output={null}]]]>
              </value>
            </param>
          </params>
          <reporter-output>
          </reporter-output>
        </test-method> <!-- captureAndReport -->
        <test-method status="PASS" signature="waitToLoadElements()[pri:0, instance:com.cybage.assignment.test.alertFrameWindowPageTest@17b48e4]" name="waitToLoadElements" is-config="true" duration-ms="3009" started-at="2021-10-12T10:07:29Z" finished-at="2021-10-12T10:07:32Z">
          <reporter-output>
          </reporter-output>
        </test-method> <!-- waitToLoadElements -->
        <test-method status="PASS" signature="validateAlertsOption()[pri:0, instance:com.cybage.assignment.test.alertFrameWindowPageTest@17b48e4]" name="validateAlertsOption" duration-ms="20540" started-at="2021-10-12T10:07:32Z" depends-on-methods="com.cybage.assignment.test.alertFrameWindowPageTest.validatePresenceOfAlertFrameWindowOptions" finished-at="2021-10-12T10:07:52Z">
          <reporter-output>
          </reporter-output>
        </test-method> <!-- validateAlertsOption -->
        <test-method status="PASS" signature="captureAndReport(org.testng.ITestResult)[pri:0, instance:com.cybage.assignment.test.alertFrameWindowPageTest@17b48e4]" name="captureAndReport" is-config="true" duration-ms="3" started-at="2021-10-12T10:07:52Z" finished-at="2021-10-12T10:07:52Z">
          <params>
            <param index="0">
              <value>
                <![CDATA[[TestResult name=validateAlertsOption status=SUCCESS method=alertFrameWindowPageTest.validateAlertsOption()[pri:0, instance:com.cybage.assignment.test.alertFrameWindowPageTest@17b48e4] output={null}]]]>
              </value>
            </param>
          </params>
          <reporter-output>
          </reporter-output>
        </test-method> <!-- captureAndReport -->
        <test-method status="PASS" signature="waitToLoadElements()[pri:0, instance:com.cybage.assignment.test.alertFrameWindowPageTest@17b48e4]" name="waitToLoadElements" is-config="true" duration-ms="3004" started-at="2021-10-12T10:07:52Z" finished-at="2021-10-12T10:07:55Z">
          <reporter-output>
          </reporter-output>
        </test-method> <!-- waitToLoadElements -->
        <test-method status="PASS" signature="validateBrowserWindowOptions()[pri:0, instance:com.cybage.assignment.test.alertFrameWindowPageTest@17b48e4]" name="validateBrowserWindowOptions" duration-ms="4855" started-at="2021-10-12T10:07:55Z" depends-on-methods="com.cybage.assignment.test.alertFrameWindowPageTest.validatePresenceOfAlertFrameWindowOptions" finished-at="2021-10-12T10:08:00Z">
          <reporter-output>
          </reporter-output>
        </test-method> <!-- validateBrowserWindowOptions -->
        <test-method status="PASS" signature="captureAndReport(org.testng.ITestResult)[pri:0, instance:com.cybage.assignment.test.alertFrameWindowPageTest@17b48e4]" name="captureAndReport" is-config="true" duration-ms="2" started-at="2021-10-12T10:08:00Z" finished-at="2021-10-12T10:08:00Z">
          <params>
            <param index="0">
              <value>
                <![CDATA[[TestResult name=validateBrowserWindowOptions status=SUCCESS method=alertFrameWindowPageTest.validateBrowserWindowOptions()[pri:0, instance:com.cybage.assignment.test.alertFrameWindowPageTest@17b48e4] output={null}]]]>
              </value>
            </param>
          </params>
          <reporter-output>
          </reporter-output>
        </test-method> <!-- captureAndReport -->
        <test-method status="PASS" signature="waitToLoadElements()[pri:0, instance:com.cybage.assignment.test.alertFrameWindowPageTest@17b48e4]" name="waitToLoadElements" is-config="true" duration-ms="3003" started-at="2021-10-12T10:08:00Z" finished-at="2021-10-12T10:08:03Z">
          <reporter-output>
          </reporter-output>
        </test-method> <!-- waitToLoadElements -->
        <test-method status="PASS" signature="validateIFrameOperations()[pri:0, instance:com.cybage.assignment.test.alertFrameWindowPageTest@17b48e4]" name="validateIFrameOperations" duration-ms="4375" started-at="2021-10-12T10:08:03Z" depends-on-methods="com.cybage.assignment.test.alertFrameWindowPageTest.validatePresenceOfAlertFrameWindowOptions" finished-at="2021-10-12T10:08:08Z">
          <reporter-output>
          </reporter-output>
        </test-method> <!-- validateIFrameOperations -->
        <test-method status="PASS" signature="waitToLoadElements()[pri:0, instance:com.cybage.assignment.test.alertFrameWindowPageTest@17b48e4]" name="waitToLoadElements" is-config="true" duration-ms="3011" started-at="2021-10-12T10:08:08Z" finished-at="2021-10-12T10:08:11Z">
          <reporter-output>
          </reporter-output>
        </test-method> <!-- waitToLoadElements -->
        <test-method status="PASS" signature="captureAndReport(org.testng.ITestResult)[pri:0, instance:com.cybage.assignment.test.alertFrameWindowPageTest@17b48e4]" name="captureAndReport" is-config="true" duration-ms="0" started-at="2021-10-12T10:08:08Z" finished-at="2021-10-12T10:08:08Z">
          <params>
            <param index="0">
              <value>
                <![CDATA[[TestResult name=validateIFrameOperations status=SUCCESS method=alertFrameWindowPageTest.validateIFrameOperations()[pri:0, instance:com.cybage.assignment.test.alertFrameWindowPageTest@17b48e4] output={null}]]]>
              </value>
            </param>
          </params>
          <reporter-output>
          </reporter-output>
        </test-method> <!-- captureAndReport -->
        <test-method status="SKIP" signature="validateModalDialogsOperation()[pri:0, instance:com.cybage.assignment.test.alertFrameWindowPageTest@17b48e4]" name="validateModalDialogsOperation" duration-ms="12" started-at="2021-10-12T10:08:11Z" depends-on-methods="com.cybage.assignment.test.alertFrameWindowPageTest.validatePresenceOfAlertFrameWindowOptions" finished-at="2021-10-12T10:08:11Z">
          <exception class="java.lang.NullPointerException">
            <full-stacktrace>
              <![CDATA[java.lang.NullPointerException
at com.cybage.assignment.objects.utilities.readWorkbook(utilities.java:72)
at com.cybage.assignment.test.alertFrameWindowPageTest.validateModalDialogsOperation(alertFrameWindowPageTest.java:112)
at sun.reflect.NativeMethodAccessorImpl.invoke0(Native Method)
at sun.reflect.NativeMethodAccessorImpl.invoke(NativeMethodAccessorImpl.java:62)
at sun.reflect.DelegatingMethodAccessorImpl.invoke(DelegatingMethodAccessorImpl.java:43)
at java.lang.reflect.Method.invoke(Method.java:498)
at org.testng.internal.MethodInvocationHelper.invokeMethod(MethodInvocationHelper.java:124)
at org.testng.internal.Invoker.invokeMethod(Invoker.java:583)
at org.testng.internal.Invoker.invokeTestMethod(Invoker.java:719)
at org.testng.internal.Invoker.invokeTestMethods(Invoker.java:989)
at org.testng.internal.TestMethodWorker.invokeTestMethods(TestMethodWorker.java:125)
at org.testng.internal.TestMethodWorker.run(TestMethodWorker.java:109)
at org.testng.TestRunner.privateRun(TestRunner.java:648)
at org.testng.TestRunner.run(TestRunner.java:505)
at org.testng.SuiteRunner.runTest(SuiteRunner.java:455)
at org.testng.SuiteRunner.access$000(SuiteRunner.java:40)
at org.testng.SuiteRunner$SuiteWorker.run(SuiteRunner.java:489)
at org.testng.internal.thread.ThreadUtil$1.call(ThreadUtil.java:52)
at java.util.concurrent.FutureTask.run(FutureTask.java:266)
at java.util.concurrent.ThreadPoolExecutor.runWorker(ThreadPoolExecutor.java:1149)
at java.util.concurrent.ThreadPoolExecutor$Worker.run(ThreadPoolExecutor.java:624)
at java.lang.Thread.run(Thread.java:748)
]]>
            </full-stacktrace>
          </exception> <!-- java.lang.NullPointerException -->
          <reporter-output>
          </reporter-output>
        </test-method> <!-- validateModalDialogsOperation -->
        <test-method status="PASS" signature="captureAndReport(org.testng.ITestResult)[pri:0, instance:com.cybage.assignment.test.alertFrameWindowPageTest@17b48e4]" name="captureAndReport" is-config="true" duration-ms="3" started-at="2021-10-12T10:08:11Z" finished-at="2021-10-12T10:08:11Z">
          <params>
            <param index="0">
              <value>
                <![CDATA[[TestResult name=validateModalDialogsOperation status=SKIP method=alertFrameWindowPageTest.validateModalDialogsOperation()[pri:0, instance:com.cybage.assignment.test.alertFrameWindowPageTest@17b48e4] output={null}]]]>
              </value>
            </param>
          </params>
          <reporter-output>
          </reporter-output>
        </test-method> <!-- captureAndReport -->
        <test-method status="PASS" signature="waitToLoadElements()[pri:0, instance:com.cybage.assignment.test.alertFrameWindowPageTest@17b48e4]" name="waitToLoadElements" is-config="true" duration-ms="3004" started-at="2021-10-12T10:08:11Z" finished-at="2021-10-12T10:08:14Z">
          <reporter-output>
          </reporter-output>
        </test-method> <!-- waitToLoadElements -->
        <test-method status="PASS" signature="waitToLoadElements()[pri:0, instance:com.cybage.assignment.test.alertFrameWindowPageTest@17b48e4]" name="waitToLoadElements" is-config="true" duration-ms="3000" started-at="2021-10-12T10:08:14Z" finished-at="2021-10-12T10:08:17Z">
          <reporter-output>
          </reporter-output>
        </test-method> <!-- waitToLoadElements -->
        <test-method status="PASS" signature="captureAndReport(org.testng.ITestResult)[pri:0, instance:com.cybage.assignment.test.alertFrameWindowPageTest@17b48e4]" name="captureAndReport" is-config="true" duration-ms="0" started-at="2021-10-12T10:08:14Z" finished-at="2021-10-12T10:08:14Z">
          <params>
            <param index="0">
              <value>
                <![CDATA[[TestResult name=validateModalDialogsOperation status=SKIP method=alertFrameWindowPageTest.validateModalDialogsOperation()[pri:0, instance:com.cybage.assignment.test.alertFrameWindowPageTest@17b48e4] output={null}]]]>
              </value>
            </param>
          </params>
          <reporter-output>
          </reporter-output>
        </test-method> <!-- captureAndReport -->
        <test-method status="SKIP" signature="validateModalDialogsOperation()[pri:0, instance:com.cybage.assignment.test.alertFrameWindowPageTest@17b48e4]" name="validateModalDialogsOperation" duration-ms="0" started-at="2021-10-12T10:08:14Z" depends-on-methods="com.cybage.assignment.test.alertFrameWindowPageTest.validatePresenceOfAlertFrameWindowOptions" finished-at="2021-10-12T10:08:14Z">
          <exception class="java.lang.NullPointerException">
            <full-stacktrace>
              <![CDATA[java.lang.NullPointerException
at com.cybage.assignment.objects.utilities.readWorkbook(utilities.java:72)
at com.cybage.assignment.test.alertFrameWindowPageTest.validateModalDialogsOperation(alertFrameWindowPageTest.java:112)
at sun.reflect.NativeMethodAccessorImpl.invoke0(Native Method)
at sun.reflect.NativeMethodAccessorImpl.invoke(NativeMethodAccessorImpl.java:62)
at sun.reflect.DelegatingMethodAccessorImpl.invoke(DelegatingMethodAccessorImpl.java:43)
at java.lang.reflect.Method.invoke(Method.java:498)
at org.testng.internal.MethodInvocationHelper.invokeMethod(MethodInvocationHelper.java:124)
at org.testng.internal.Invoker.invokeMethod(Invoker.java:583)
at org.testng.internal.Invoker.retryFailed(Invoker.java:839)
at org.testng.internal.Invoker.invokeTestMethods(Invoker.java:1010)
at org.testng.internal.TestMethodWorker.invokeTestMethods(TestMethodWorker.java:125)
at org.testng.internal.TestMethodWorker.run(TestMethodWorker.java:109)
at org.testng.TestRunner.privateRun(TestRunner.java:648)
at org.testng.TestRunner.run(TestRunner.java:505)
at org.testng.SuiteRunner.runTest(SuiteRunner.java:455)
at org.testng.SuiteRunner.access$000(SuiteRunner.java:40)
at org.testng.SuiteRunner$SuiteWorker.run(SuiteRunner.java:489)
at org.testng.internal.thread.ThreadUtil$1.call(ThreadUtil.java:52)
at java.util.concurrent.FutureTask.run(FutureTask.java:266)
at java.util.concurrent.ThreadPoolExecutor.runWorker(ThreadPoolExecutor.java:1149)
at java.util.concurrent.ThreadPoolExecutor$Worker.run(ThreadPoolExecutor.java:624)
at java.lang.Thread.run(Thread.java:748)
]]>
            </full-stacktrace>
          </exception> <!-- java.lang.NullPointerException -->
          <reporter-output>
          </reporter-output>
        </test-method> <!-- validateModalDialogsOperation -->
        <test-method status="SKIP" signature="validateModalDialogsOperation()[pri:0, instance:com.cybage.assignment.test.alertFrameWindowPageTest@17b48e4]" name="validateModalDialogsOperation" duration-ms="0" started-at="2021-10-12T10:08:17Z" depends-on-methods="com.cybage.assignment.test.alertFrameWindowPageTest.validatePresenceOfAlertFrameWindowOptions" finished-at="2021-10-12T10:08:17Z">
          <exception class="java.lang.NullPointerException">
            <full-stacktrace>
              <![CDATA[java.lang.NullPointerException
at com.cybage.assignment.objects.utilities.readWorkbook(utilities.java:72)
at com.cybage.assignment.test.alertFrameWindowPageTest.validateModalDialogsOperation(alertFrameWindowPageTest.java:112)
at sun.reflect.NativeMethodAccessorImpl.invoke0(Native Method)
at sun.reflect.NativeMethodAccessorImpl.invoke(NativeMethodAccessorImpl.java:62)
at sun.reflect.DelegatingMethodAccessorImpl.invoke(DelegatingMethodAccessorImpl.java:43)
at java.lang.reflect.Method.invoke(Method.java:498)
at org.testng.internal.MethodInvocationHelper.invokeMethod(MethodInvocationHelper.java:124)
at org.testng.internal.Invoker.invokeMethod(Invoker.java:583)
at org.testng.internal.Invoker.retryFailed(Invoker.java:839)
at org.testng.internal.Invoker.invokeTestMethods(Invoker.java:1010)
at org.testng.internal.TestMethodWorker.invokeTestMethods(TestMethodWorker.java:125)
at org.testng.internal.TestMethodWorker.run(TestMethodWorker.java:109)
at org.testng.TestRunner.privateRun(TestRunner.java:648)
at org.testng.TestRunner.run(TestRunner.java:505)
at org.testng.SuiteRunner.runTest(SuiteRunner.java:455)
at org.testng.SuiteRunner.access$000(SuiteRunner.java:40)
at org.testng.SuiteRunner$SuiteWorker.run(SuiteRunner.java:489)
at org.testng.internal.thread.ThreadUtil$1.call(ThreadUtil.java:52)
at java.util.concurrent.FutureTask.run(FutureTask.java:266)
at java.util.concurrent.ThreadPoolExecutor.runWorker(ThreadPoolExecutor.java:1149)
at java.util.concurrent.ThreadPoolExecutor$Worker.run(ThreadPoolExecutor.java:624)
at java.lang.Thread.run(Thread.java:748)
]]>
            </full-stacktrace>
          </exception> <!-- java.lang.NullPointerException -->
          <reporter-output>
          </reporter-output>
        </test-method> <!-- validateModalDialogsOperation -->
        <test-method status="PASS" signature="waitToLoadElements()[pri:0, instance:com.cybage.assignment.test.alertFrameWindowPageTest@17b48e4]" name="waitToLoadElements" is-config="true" duration-ms="3010" started-at="2021-10-12T10:08:17Z" finished-at="2021-10-12T10:08:20Z">
          <reporter-output>
          </reporter-output>
        </test-method> <!-- waitToLoadElements -->
        <test-method status="PASS" signature="captureAndReport(org.testng.ITestResult)[pri:0, instance:com.cybage.assignment.test.alertFrameWindowPageTest@17b48e4]" name="captureAndReport" is-config="true" duration-ms="0" started-at="2021-10-12T10:08:17Z" finished-at="2021-10-12T10:08:17Z">
          <params>
            <param index="0">
              <value>
                <![CDATA[[TestResult name=validateModalDialogsOperation status=SKIP method=alertFrameWindowPageTest.validateModalDialogsOperation()[pri:0, instance:com.cybage.assignment.test.alertFrameWindowPageTest@17b48e4] output={null}]]]>
              </value>
            </param>
          </params>
          <reporter-output>
          </reporter-output>
        </test-method> <!-- captureAndReport -->
        <test-method status="FAIL" signature="validateModalDialogsOperation()[pri:0, instance:com.cybage.assignment.test.alertFrameWindowPageTest@17b48e4]" name="validateModalDialogsOperation" duration-ms="10" started-at="2021-10-12T10:08:20Z" depends-on-methods="com.cybage.assignment.test.alertFrameWindowPageTest.validatePresenceOfAlertFrameWindowOptions" finished-at="2021-10-12T10:08:20Z">
          <exception class="java.lang.NullPointerException">
            <full-stacktrace>
              <![CDATA[java.lang.NullPointerException
at com.cybage.assignment.objects.utilities.readWorkbook(utilities.java:72)
at com.cybage.assignment.test.alertFrameWindowPageTest.validateModalDialogsOperation(alertFrameWindowPageTest.java:112)
at sun.reflect.NativeMethodAccessorImpl.invoke0(Native Method)
at sun.reflect.NativeMethodAccessorImpl.invoke(NativeMethodAccessorImpl.java:62)
at sun.reflect.DelegatingMethodAccessorImpl.invoke(DelegatingMethodAccessorImpl.java:43)
at java.lang.reflect.Method.invoke(Method.java:498)
at org.testng.internal.MethodInvocationHelper.invokeMethod(MethodInvocationHelper.java:124)
at org.testng.internal.Invoker.invokeMethod(Invoker.java:583)
at org.testng.internal.Invoker.retryFailed(Invoker.java:839)
at org.testng.internal.Invoker.invokeTestMethods(Invoker.java:1010)
at org.testng.internal.TestMethodWorker.invokeTestMethods(TestMethodWorker.java:125)
at org.testng.internal.TestMethodWorker.run(TestMethodWorker.java:109)
at org.testng.TestRunner.privateRun(TestRunner.java:648)
at org.testng.TestRunner.run(TestRunner.java:505)
at org.testng.SuiteRunner.runTest(SuiteRunner.java:455)
at org.testng.SuiteRunner.access$000(SuiteRunner.java:40)
at org.testng.SuiteRunner$SuiteWorker.run(SuiteRunner.java:489)
at org.testng.internal.thread.ThreadUtil$1.call(ThreadUtil.java:52)
at java.util.concurrent.FutureTask.run(FutureTask.java:266)
at java.util.concurrent.ThreadPoolExecutor.runWorker(ThreadPoolExecutor.java:1149)
at java.util.concurrent.ThreadPoolExecutor$Worker.run(ThreadPoolExecutor.java:624)
at java.lang.Thread.run(Thread.java:748)
]]>
            </full-stacktrace>
          </exception> <!-- java.lang.NullPointerException -->
          <reporter-output>
          </reporter-output>
        </test-method> <!-- validateModalDialogsOperation -->
        <test-method status="PASS" signature="captureAndReport(org.testng.ITestResult)[pri:0, instance:com.cybage.assignment.test.alertFrameWindowPageTest@17b48e4]" name="captureAndReport" is-config="true" duration-ms="116" started-at="2021-10-12T10:08:20Z" finished-at="2021-10-12T10:08:20Z">
          <params>
            <param index="0">
              <value>
                <![CDATA[[TestResult name=validateModalDialogsOperation status=FAILURE method=alertFrameWindowPageTest.validateModalDialogsOperation()[pri:0, instance:com.cybage.assignment.test.alertFrameWindowPageTest@17b48e4] output={null}]]]>
              </value>
            </param>
          </params>
          <reporter-output>
          </reporter-output>
        </test-method> <!-- captureAndReport -->
        <test-method status="PASS" signature="waitToLoadElements()[pri:0, instance:com.cybage.assignment.test.alertFrameWindowPageTest@17b48e4]" name="waitToLoadElements" is-config="true" duration-ms="3005" started-at="2021-10-12T10:08:20Z" finished-at="2021-10-12T10:08:23Z">
          <reporter-output>
          </reporter-output>
        </test-method> <!-- waitToLoadElements -->
        <test-method status="PASS" signature="validateNestedFramesOperation()[pri:0, instance:com.cybage.assignment.test.alertFrameWindowPageTest@17b48e4]" name="validateNestedFramesOperation" duration-ms="377" started-at="2021-10-12T10:08:23Z" depends-on-methods="com.cybage.assignment.test.alertFrameWindowPageTest.validatePresenceOfAlertFrameWindowOptions" finished-at="2021-10-12T10:08:23Z">
          <reporter-output>
          </reporter-output>
        </test-method> <!-- validateNestedFramesOperation -->
        <test-method status="PASS" signature="testCleanUp()[pri:0, instance:com.cybage.assignment.test.alertFrameWindowPageTest@17b48e4]" name="testCleanUp" is-config="true" duration-ms="782" started-at="2021-10-12T10:08:23Z" finished-at="2021-10-12T10:08:24Z">
          <reporter-output>
          </reporter-output>
        </test-method> <!-- testCleanUp -->
        <test-method status="PASS" signature="captureAndReport(org.testng.ITestResult)[pri:0, instance:com.cybage.assignment.test.alertFrameWindowPageTest@17b48e4]" name="captureAndReport" is-config="true" duration-ms="0" started-at="2021-10-12T10:08:23Z" finished-at="2021-10-12T10:08:23Z">
          <params>
            <param index="0">
              <value>
                <![CDATA[[TestResult name=validateNestedFramesOperation status=SUCCESS method=alertFrameWindowPageTest.validateNestedFramesOperation()[pri:0, instance:com.cybage.assignment.test.alertFrameWindowPageTest@17b48e4] output={null}]]]>
              </value>
            </param>
          </params>
          <reporter-output>
          </reporter-output>
        </test-method> <!-- captureAndReport -->
        <test-method status="PASS" signature="releaseDriver()[pri:0, instance:com.cybage.assignment.test.alertFrameWindowPageTest@17b48e4]" name="releaseDriver" is-config="true" duration-ms="0" started-at="2021-10-12T10:08:24Z" finished-at="2021-10-12T10:08:24Z">
          <reporter-output>
          </reporter-output>
        </test-method> <!-- releaseDriver -->
      </class> <!-- com.cybage.assignment.test.alertFrameWindowPageTest -->
    </test> <!-- toolsqaWindowTest -->
    <test name="toolsqaElementTest" duration-ms="102734" started-at="2021-10-12T10:07:15Z" finished-at="2021-10-12T10:08:58Z">
      <class name="com.cybage.assignment.test.toolsqaElementPageTest">
        <test-method status="PASS" signature="testSetUp()[pri:0, instance:com.cybage.assignment.test.toolsqaElementPageTest@25123e]" name="testSetUp" is-config="true" duration-ms="12761" started-at="2021-10-12T10:07:15Z" finished-at="2021-10-12T10:07:28Z">
          <reporter-output>
          </reporter-output>
        </test-method> <!-- testSetUp -->
        <test-method status="PASS" signature="waitToLoadElements()[pri:0, instance:com.cybage.assignment.test.toolsqaElementPageTest@25123e]" name="waitToLoadElements" is-config="true" duration-ms="3004" started-at="2021-10-12T10:07:28Z" finished-at="2021-10-12T10:07:31Z">
          <reporter-output>
          </reporter-output>
        </test-method> <!-- waitToLoadElements -->
        <test-method status="PASS" signature="validateElementScreen()[pri:0, instance:com.cybage.assignment.test.toolsqaElementPageTest@25123e]" name="validateElementScreen" duration-ms="422" started-at="2021-10-12T10:07:31Z" finished-at="2021-10-12T10:07:31Z">
          <reporter-output>
          </reporter-output>
        </test-method> <!-- validateElementScreen -->
        <test-method status="PASS" signature="waitToLoadElements()[pri:0, instance:com.cybage.assignment.test.toolsqaElementPageTest@25123e]" name="waitToLoadElements" is-config="true" duration-ms="3001" started-at="2021-10-12T10:07:31Z" finished-at="2021-10-12T10:07:34Z">
          <reporter-output>
          </reporter-output>
        </test-method> <!-- waitToLoadElements -->
        <test-method status="PASS" signature="captureAndReport(org.testng.ITestResult)[pri:0, instance:com.cybage.assignment.test.toolsqaElementPageTest@25123e]" name="captureAndReport" is-config="true" duration-ms="0" started-at="2021-10-12T10:07:31Z" finished-at="2021-10-12T10:07:31Z">
          <params>
            <param index="0">
              <value>
                <![CDATA[[TestResult name=validateElementScreen status=SUCCESS method=toolsqaElementPageTest.validateElementScreen()[pri:0, instance:com.cybage.assignment.test.toolsqaElementPageTest@25123e] output={null}]]]>
              </value>
            </param>
          </params>
          <reporter-output>
          </reporter-output>
        </test-method> <!-- captureAndReport -->
        <test-method status="SKIP" signature="validateBrokenLinkImagesOperations()[pri:0, instance:com.cybage.assignment.test.toolsqaElementPageTest@25123e]" name="validateBrokenLinkImagesOperations" duration-ms="10049" started-at="2021-10-12T10:07:34Z" depends-on-methods="com.cybage.assignment.test.toolsqaElementPageTest.validateElementScreen" finished-at="2021-10-12T10:07:44Z">
          <exception class="java.lang.AssertionError">
            <message>
              <![CDATA[The following asserts failed:
Image is broken expected [true] but found [false]]]>
            </message>
            <full-stacktrace>
              <![CDATA[java.lang.AssertionError: The following asserts failed:
Image is broken expected [true] but found [false]
at org.testng.asserts.SoftAssert.assertAll(SoftAssert.java:43)
at com.cybage.assignment.test.toolsqaElementPageTest.validateBrokenLinkImagesOperations(toolsqaElementPageTest.java:149)
at sun.reflect.NativeMethodAccessorImpl.invoke0(Native Method)
at sun.reflect.NativeMethodAccessorImpl.invoke(NativeMethodAccessorImpl.java:62)
at sun.reflect.DelegatingMethodAccessorImpl.invoke(DelegatingMethodAccessorImpl.java:43)
at java.lang.reflect.Method.invoke(Method.java:498)
at org.testng.internal.MethodInvocationHelper.invokeMethod(MethodInvocationHelper.java:124)
at org.testng.internal.Invoker.invokeMethod(Invoker.java:583)
at org.testng.internal.Invoker.invokeTestMethod(Invoker.java:719)
at org.testng.internal.Invoker.invokeTestMethods(Invoker.java:989)
at org.testng.internal.TestMethodWorker.invokeTestMethods(TestMethodWorker.java:125)
at org.testng.internal.TestMethodWorker.run(TestMethodWorker.java:109)
at org.testng.TestRunner.privateRun(TestRunner.java:648)
at org.testng.TestRunner.run(TestRunner.java:505)
at org.testng.SuiteRunner.runTest(SuiteRunner.java:455)
at org.testng.SuiteRunner.access$000(SuiteRunner.java:40)
at org.testng.SuiteRunner$SuiteWorker.run(SuiteRunner.java:489)
at org.testng.internal.thread.ThreadUtil$1.call(ThreadUtil.java:52)
at java.util.concurrent.FutureTask.run(FutureTask.java:266)
at java.util.concurrent.ThreadPoolExecutor.runWorker(ThreadPoolExecutor.java:1149)
at java.util.concurrent.ThreadPoolExecutor$Worker.run(ThreadPoolExecutor.java:624)
at java.lang.Thread.run(Thread.java:748)
]]>
            </full-stacktrace>
          </exception> <!-- java.lang.AssertionError -->
          <reporter-output>
          </reporter-output>
        </test-method> <!-- validateBrokenLinkImagesOperations -->
        <test-method status="PASS" signature="captureAndReport(org.testng.ITestResult)[pri:0, instance:com.cybage.assignment.test.toolsqaElementPageTest@25123e]" name="captureAndReport" is-config="true" duration-ms="2" started-at="2021-10-12T10:07:44Z" finished-at="2021-10-12T10:07:44Z">
          <params>
            <param index="0">
              <value>
                <![CDATA[[TestResult name=validateBrokenLinkImagesOperations status=SKIP method=toolsqaElementPageTest.validateBrokenLinkImagesOperations()[pri:0, instance:com.cybage.assignment.test.toolsqaElementPageTest@25123e] output={null}]]]>
              </value>
            </param>
          </params>
          <reporter-output>
          </reporter-output>
        </test-method> <!-- captureAndReport -->
        <test-method status="PASS" signature="waitToLoadElements()[pri:0, instance:com.cybage.assignment.test.toolsqaElementPageTest@25123e]" name="waitToLoadElements" is-config="true" duration-ms="3012" started-at="2021-10-12T10:07:44Z" finished-at="2021-10-12T10:07:47Z">
          <reporter-output>
          </reporter-output>
        </test-method> <!-- waitToLoadElements -->
        <test-method status="PASS" signature="validateBrokenLinkImagesOperations()[pri:0, instance:com.cybage.assignment.test.toolsqaElementPageTest@25123e]" name="validateBrokenLinkImagesOperations" duration-ms="6378" started-at="2021-10-12T10:07:47Z" depends-on-methods="com.cybage.assignment.test.toolsqaElementPageTest.validateElementScreen" finished-at="2021-10-12T10:07:54Z">
          <reporter-output>
          </reporter-output>
        </test-method> <!-- validateBrokenLinkImagesOperations -->
        <test-method status="PASS" signature="captureAndReport(org.testng.ITestResult)[pri:0, instance:com.cybage.assignment.test.toolsqaElementPageTest@25123e]" name="captureAndReport" is-config="true" duration-ms="2" started-at="2021-10-12T10:07:54Z" finished-at="2021-10-12T10:07:54Z">
          <params>
            <param index="0">
              <value>
                <![CDATA[[TestResult name=validateBrokenLinkImagesOperations status=SUCCESS method=toolsqaElementPageTest.validateBrokenLinkImagesOperations()[pri:0, instance:com.cybage.assignment.test.toolsqaElementPageTest@25123e] output={null}]]]>
              </value>
            </param>
          </params>
          <reporter-output>
          </reporter-output>
        </test-method> <!-- captureAndReport -->
        <test-method status="PASS" signature="waitToLoadElements()[pri:0, instance:com.cybage.assignment.test.toolsqaElementPageTest@25123e]" name="waitToLoadElements" is-config="true" duration-ms="3006" started-at="2021-10-12T10:07:54Z" finished-at="2021-10-12T10:07:57Z">
          <reporter-output>
          </reporter-output>
        </test-method> <!-- waitToLoadElements -->
        <test-method status="PASS" signature="validateButtonsOperations()[pri:0, instance:com.cybage.assignment.test.toolsqaElementPageTest@25123e]" name="validateButtonsOperations" duration-ms="678" started-at="2021-10-12T10:07:57Z" depends-on-methods="com.cybage.assignment.test.toolsqaElementPageTest.validateElementScreen" finished-at="2021-10-12T10:07:57Z">
          <reporter-output>
          </reporter-output>
        </test-method> <!-- validateButtonsOperations -->
        <test-method status="PASS" signature="captureAndReport(org.testng.ITestResult)[pri:0, instance:com.cybage.assignment.test.toolsqaElementPageTest@25123e]" name="captureAndReport" is-config="true" duration-ms="2" started-at="2021-10-12T10:07:57Z" finished-at="2021-10-12T10:07:57Z">
          <params>
            <param index="0">
              <value>
                <![CDATA[[TestResult name=validateButtonsOperations status=SUCCESS method=toolsqaElementPageTest.validateButtonsOperations()[pri:0, instance:com.cybage.assignment.test.toolsqaElementPageTest@25123e] output={null}]]]>
              </value>
            </param>
          </params>
          <reporter-output>
          </reporter-output>
        </test-method> <!-- captureAndReport -->
        <test-method status="PASS" signature="waitToLoadElements()[pri:0, instance:com.cybage.assignment.test.toolsqaElementPageTest@25123e]" name="waitToLoadElements" is-config="true" duration-ms="3002" started-at="2021-10-12T10:07:57Z" finished-at="2021-10-12T10:08:00Z">
          <reporter-output>
          </reporter-output>
        </test-method> <!-- waitToLoadElements -->
        <test-method status="PASS" signature="validateCheckBoxOperation()[pri:0, instance:com.cybage.assignment.test.toolsqaElementPageTest@25123e]" name="validateCheckBoxOperation" duration-ms="519" started-at="2021-10-12T10:08:00Z" depends-on-methods="com.cybage.assignment.test.toolsqaElementPageTest.validateElementScreen" finished-at="2021-10-12T10:08:01Z">
          <reporter-output>
          </reporter-output>
        </test-method> <!-- validateCheckBoxOperation -->
        <test-method status="PASS" signature="captureAndReport(org.testng.ITestResult)[pri:0, instance:com.cybage.assignment.test.toolsqaElementPageTest@25123e]" name="captureAndReport" is-config="true" duration-ms="2" started-at="2021-10-12T10:08:01Z" finished-at="2021-10-12T10:08:01Z">
          <params>
            <param index="0">
              <value>
                <![CDATA[[TestResult name=validateCheckBoxOperation status=SUCCESS method=toolsqaElementPageTest.validateCheckBoxOperation()[pri:0, instance:com.cybage.assignment.test.toolsqaElementPageTest@25123e] output={null}]]]>
              </value>
            </param>
          </params>
          <reporter-output>
          </reporter-output>
        </test-method> <!-- captureAndReport -->
        <test-method status="PASS" signature="waitToLoadElements()[pri:0, instance:com.cybage.assignment.test.toolsqaElementPageTest@25123e]" name="waitToLoadElements" is-config="true" duration-ms="3002" started-at="2021-10-12T10:08:01Z" finished-at="2021-10-12T10:08:04Z">
          <reporter-output>
          </reporter-output>
        </test-method> <!-- waitToLoadElements -->
        <test-method status="PASS" signature="validateDynamicButtonsOperations()[pri:0, instance:com.cybage.assignment.test.toolsqaElementPageTest@25123e]" name="validateDynamicButtonsOperations" duration-ms="11172" started-at="2021-10-12T10:08:04Z" depends-on-methods="com.cybage.assignment.test.toolsqaElementPageTest.validateElementScreen" finished-at="2021-10-12T10:08:15Z">
          <reporter-output>
          </reporter-output>
        </test-method> <!-- validateDynamicButtonsOperations -->
        <test-method status="PASS" signature="waitToLoadElements()[pri:0, instance:com.cybage.assignment.test.toolsqaElementPageTest@25123e]" name="waitToLoadElements" is-config="true" duration-ms="3015" started-at="2021-10-12T10:08:15Z" finished-at="2021-10-12T10:08:18Z">
          <reporter-output>
          </reporter-output>
        </test-method> <!-- waitToLoadElements -->
        <test-method status="PASS" signature="captureAndReport(org.testng.ITestResult)[pri:0, instance:com.cybage.assignment.test.toolsqaElementPageTest@25123e]" name="captureAndReport" is-config="true" duration-ms="0" started-at="2021-10-12T10:08:15Z" finished-at="2021-10-12T10:08:15Z">
          <params>
            <param index="0">
              <value>
                <![CDATA[[TestResult name=validateDynamicButtonsOperations status=SUCCESS method=toolsqaElementPageTest.validateDynamicButtonsOperations()[pri:0, instance:com.cybage.assignment.test.toolsqaElementPageTest@25123e] output={null}]]]>
              </value>
            </param>
          </params>
          <reporter-output>
          </reporter-output>
        </test-method> <!-- captureAndReport -->
        <test-method status="PASS" signature="validateLinksOperations()[pri:0, instance:com.cybage.assignment.test.toolsqaElementPageTest@25123e]" name="validateLinksOperations" duration-ms="2576" started-at="2021-10-12T10:08:18Z" depends-on-methods="com.cybage.assignment.test.toolsqaElementPageTest.validateElementScreen" finished-at="2021-10-12T10:08:21Z">
          <reporter-output>
          </reporter-output>
        </test-method> <!-- validateLinksOperations -->
        <test-method status="PASS" signature="captureAndReport(org.testng.ITestResult)[pri:0, instance:com.cybage.assignment.test.toolsqaElementPageTest@25123e]" name="captureAndReport" is-config="true" duration-ms="2" started-at="2021-10-12T10:08:21Z" finished-at="2021-10-12T10:08:21Z">
          <params>
            <param index="0">
              <value>
                <![CDATA[[TestResult name=validateLinksOperations status=SUCCESS method=toolsqaElementPageTest.validateLinksOperations()[pri:0, instance:com.cybage.assignment.test.toolsqaElementPageTest@25123e] output={null}]]]>
              </value>
            </param>
          </params>
          <reporter-output>
          </reporter-output>
        </test-method> <!-- captureAndReport -->
        <test-method status="PASS" signature="waitToLoadElements()[pri:0, instance:com.cybage.assignment.test.toolsqaElementPageTest@25123e]" name="waitToLoadElements" is-config="true" duration-ms="3000" started-at="2021-10-12T10:08:21Z" finished-at="2021-10-12T10:08:24Z">
          <reporter-output>
          </reporter-output>
        </test-method> <!-- waitToLoadElements -->
        <test-method status="PASS" signature="validateRadioButtonOperations()[pri:0, instance:com.cybage.assignment.test.toolsqaElementPageTest@25123e]" name="validateRadioButtonOperations" duration-ms="562" started-at="2021-10-12T10:08:24Z" depends-on-methods="com.cybage.assignment.test.toolsqaElementPageTest.validateElementScreen" finished-at="2021-10-12T10:08:24Z">
          <reporter-output>
          </reporter-output>
        </test-method> <!-- validateRadioButtonOperations -->
        <test-method status="PASS" signature="captureAndReport(org.testng.ITestResult)[pri:0, instance:com.cybage.assignment.test.toolsqaElementPageTest@25123e]" name="captureAndReport" is-config="true" duration-ms="2" started-at="2021-10-12T10:08:24Z" finished-at="2021-10-12T10:08:24Z">
          <params>
            <param index="0">
              <value>
                <![CDATA[[TestResult name=validateRadioButtonOperations status=SUCCESS method=toolsqaElementPageTest.validateRadioButtonOperations()[pri:0, instance:com.cybage.assignment.test.toolsqaElementPageTest@25123e] output={null}]]]>
              </value>
            </param>
          </params>
          <reporter-output>
          </reporter-output>
        </test-method> <!-- captureAndReport -->
        <test-method status="PASS" signature="waitToLoadElements()[pri:0, instance:com.cybage.assignment.test.toolsqaElementPageTest@25123e]" name="waitToLoadElements" is-config="true" duration-ms="3014" started-at="2021-10-12T10:08:24Z" finished-at="2021-10-12T10:08:27Z">
          <reporter-output>
          </reporter-output>
        </test-method> <!-- waitToLoadElements -->
        <test-method status="PASS" signature="validateTextBoxOnSubmission()[pri:0, instance:com.cybage.assignment.test.toolsqaElementPageTest@25123e]" name="validateTextBoxOnSubmission" duration-ms="804" started-at="2021-10-12T10:08:27Z" depends-on-methods="com.cybage.assignment.test.toolsqaElementPageTest.validateElementScreen" finished-at="2021-10-12T10:08:28Z">
          <reporter-output>
          </reporter-output>
        </test-method> <!-- validateTextBoxOnSubmission -->
        <test-method status="PASS" signature="captureAndReport(org.testng.ITestResult)[pri:0, instance:com.cybage.assignment.test.toolsqaElementPageTest@25123e]" name="captureAndReport" is-config="true" duration-ms="2" started-at="2021-10-12T10:08:28Z" finished-at="2021-10-12T10:08:28Z">
          <params>
            <param index="0">
              <value>
                <![CDATA[[TestResult name=validateTextBoxOnSubmission status=SUCCESS method=toolsqaElementPageTest.validateTextBoxOnSubmission()[pri:0, instance:com.cybage.assignment.test.toolsqaElementPageTest@25123e] output={null}]]]>
              </value>
            </param>
          </params>
          <reporter-output>
          </reporter-output>
        </test-method> <!-- captureAndReport -->
        <test-method status="PASS" signature="waitToLoadElements()[pri:0, instance:com.cybage.assignment.test.toolsqaElementPageTest@25123e]" name="waitToLoadElements" is-config="true" duration-ms="3007" started-at="2021-10-12T10:08:28Z" finished-at="2021-10-12T10:08:31Z">
          <reporter-output>
          </reporter-output>
        </test-method> <!-- waitToLoadElements -->
        <test-method status="PASS" signature="validateUploadDownloadOperations()[pri:0, instance:com.cybage.assignment.test.toolsqaElementPageTest@25123e]" name="validateUploadDownloadOperations" duration-ms="2340" started-at="2021-10-12T10:08:31Z" depends-on-methods="com.cybage.assignment.test.toolsqaElementPageTest.validateElementScreen" finished-at="2021-10-12T10:08:33Z">
          <reporter-output>
          </reporter-output>
        </test-method> <!-- validateUploadDownloadOperations -->
        <test-method status="PASS" signature="captureAndReport(org.testng.ITestResult)[pri:0, instance:com.cybage.assignment.test.toolsqaElementPageTest@25123e]" name="captureAndReport" is-config="true" duration-ms="2" started-at="2021-10-12T10:08:33Z" finished-at="2021-10-12T10:08:33Z">
          <params>
            <param index="0">
              <value>
                <![CDATA[[TestResult name=validateUploadDownloadOperations status=SUCCESS method=toolsqaElementPageTest.validateUploadDownloadOperations()[pri:0, instance:com.cybage.assignment.test.toolsqaElementPageTest@25123e] output={null}]]]>
              </value>
            </param>
          </params>
          <reporter-output>
          </reporter-output>
        </test-method> <!-- captureAndReport -->
        <test-method status="PASS" signature="waitToLoadElements()[pri:0, instance:com.cybage.assignment.test.toolsqaElementPageTest@25123e]" name="waitToLoadElements" is-config="true" duration-ms="3002" started-at="2021-10-12T10:08:33Z" finished-at="2021-10-12T10:08:36Z">
          <reporter-output>
          </reporter-output>
        </test-method> <!-- waitToLoadElements -->
        <test-method status="PASS" signature="validateWebTablesOperations()[pri:0, instance:com.cybage.assignment.test.toolsqaElementPageTest@25123e]" name="validateWebTablesOperations" duration-ms="20594" started-at="2021-10-12T10:08:36Z" depends-on-methods="com.cybage.assignment.test.toolsqaElementPageTest.validateElementScreen" finished-at="2021-10-12T10:08:57Z">
          <reporter-output>
          </reporter-output>
        </test-method> <!-- validateWebTablesOperations -->
        <test-method status="PASS" signature="testCleanUp()[pri:0, instance:com.cybage.assignment.test.toolsqaElementPageTest@25123e]" name="testCleanUp" is-config="true" duration-ms="796" started-at="2021-10-12T10:08:57Z" finished-at="2021-10-12T10:08:58Z">
          <reporter-output>
          </reporter-output>
        </test-method> <!-- testCleanUp -->
        <test-method status="PASS" signature="captureAndReport(org.testng.ITestResult)[pri:0, instance:com.cybage.assignment.test.toolsqaElementPageTest@25123e]" name="captureAndReport" is-config="true" duration-ms="0" started-at="2021-10-12T10:08:57Z" finished-at="2021-10-12T10:08:57Z">
          <params>
            <param index="0">
              <value>
                <![CDATA[[TestResult name=validateWebTablesOperations status=SUCCESS method=toolsqaElementPageTest.validateWebTablesOperations()[pri:0, instance:com.cybage.assignment.test.toolsqaElementPageTest@25123e] output={null}]]]>
              </value>
            </param>
          </params>
          <reporter-output>
          </reporter-output>
        </test-method> <!-- captureAndReport -->
        <test-method status="PASS" signature="releaseDriver()[pri:0, instance:com.cybage.assignment.test.toolsqaElementPageTest@25123e]" name="releaseDriver" is-config="true" duration-ms="0" started-at="2021-10-12T10:08:58Z" finished-at="2021-10-12T10:08:58Z">
          <reporter-output>
          </reporter-output>
        </test-method> <!-- releaseDriver -->
      </class> <!-- com.cybage.assignment.test.toolsqaElementPageTest -->
    </test> <!-- toolsqaElementTest -->
  </suite> <!-- DemoQATest -->
</testng-results>
