<?xml version="1.0" encoding="UTF-8"?>
<testng-results skipped="25" failed="2" ignored="0" total="38" passed="11">
  <reporter-output>
  </reporter-output>
  <suite name="DemoQATest" duration-ms="70615" started-at="2021-10-06T09:11:47Z" finished-at="2021-10-06T09:12:58Z">
    <groups>
    </groups>
    <test name="toolsqaElementTest" duration-ms="31" started-at="2021-10-06T09:11:47Z" finished-at="2021-10-06T09:11:47Z">
      <class name="com.cybage.assignment.test.toolsqaElementPageTest">
        <test-method status="FAIL" signature="testSetUp()[pri:0, instance:com.cybage.assignment.test.toolsqaElementPageTest@6a47fd]" name="testSetUp" is-config="true" duration-ms="0" started-at="2021-10-06T09:11:47Z" finished-at="2021-10-06T09:11:47Z">
          <exception class="java.lang.NullPointerException">
            <message>
              <![CDATA[key can't be null]]>
            </message>
            <full-stacktrace>
              <![CDATA[java.lang.NullPointerException: key can't be null
at java.lang.System.checkKey(System.java:838)
at java.lang.System.setProperty(System.java:789)
at com.cybage.assignment.objects.toolsqaBase.initialize(toolsqaBase.java:37)
at com.cybage.assignment.test.toolsqaElementPageTest.testSetUp(toolsqaElementPageTest.java:33)
at sun.reflect.NativeMethodAccessorImpl.invoke0(Native Method)
at sun.reflect.NativeMethodAccessorImpl.invoke(NativeMethodAccessorImpl.java:62)
at sun.reflect.DelegatingMethodAccessorImpl.invoke(DelegatingMethodAccessorImpl.java:43)
at java.lang.reflect.Method.invoke(Method.java:498)
at org.testng.internal.MethodInvocationHelper.invokeMethod(MethodInvocationHelper.java:124)
at org.testng.internal.MethodInvocationHelper.invokeMethodConsideringTimeout(MethodInvocationHelper.java:59)
at org.testng.internal.Invoker.invokeConfigurationMethod(Invoker.java:458)
at org.testng.internal.Invoker.invokeConfigurations(Invoker.java:222)
at org.testng.internal.Invoker.invokeConfigurations(Invoker.java:142)
at org.testng.internal.TestMethodWorker.invokeBeforeClassMethods(TestMethodWorker.java:168)
at org.testng.internal.TestMethodWorker.run(TestMethodWorker.java:105)
at org.testng.TestRunner.privateRun(TestRunner.java:648)
at org.testng.TestRunner.run(TestRunner.java:505)
at org.testng.SuiteRunner.runTest(SuiteRunner.java:455)
at org.testng.SuiteRunner.access$000(SuiteRunner.java:40)
at org.testng.SuiteRunner$SuiteWorker.run(SuiteRunner.java:489)
at org.testng.internal.thread.ThreadUtil$1.call(ThreadUtil.java:52)
at java.util.concurrent.FutureTask.run(FutureTask.java:266)
at java.util.concurrent.ThreadPoolExecutor.runWorker(ThreadPoolExecutor.java:1149)
at java.util.concurrent.ThreadPoolExecutor$Worker.run(ThreadPoolExecutor.java:624)
at java.lang.Thread.run(Thread.java:748)
]]>
            </full-stacktrace>
          </exception> <!-- java.lang.NullPointerException -->
          <reporter-output>
          </reporter-output>
        </test-method> <!-- testSetUp -->
        <test-method status="SKIP" signature="validateButtonsOperations()[pri:0, instance:com.cybage.assignment.test.toolsqaElementPageTest@6a47fd]" name="validateButtonsOperations" duration-ms="0" started-at="2021-10-06T09:11:47Z" depends-on-methods="com.cybage.assignment.test.toolsqaElementPageTest.validateElementScreen" finished-at="2021-10-06T09:11:47Z">
          <exception class="java.lang.Throwable">
            <message>
              <![CDATA[Method toolsqaElementPageTest.validateButtonsOperations()[pri:0, instance:com.cybage.assignment.test.toolsqaElementPageTest@6a47fd] depends on not successfully finished methods]]>
            </message>
            <full-stacktrace>
              <![CDATA[java.lang.Throwable: Method toolsqaElementPageTest.validateButtonsOperations()[pri:0, instance:com.cybage.assignment.test.toolsqaElementPageTest@6a47fd] depends on not successfully finished methods
at org.testng.internal.Invoker.invokeTestMethods(Invoker.java:888)
at org.testng.internal.TestMethodWorker.invokeTestMethods(TestMethodWorker.java:125)
at org.testng.internal.TestMethodWorker.run(TestMethodWorker.java:109)
at org.testng.TestRunner.privateRun(TestRunner.java:648)
at org.testng.TestRunner.run(TestRunner.java:505)
at org.testng.SuiteRunner.runTest(SuiteRunner.java:455)
at org.testng.SuiteRunner.access$000(SuiteRunner.java:40)
at org.testng.SuiteRunner$SuiteWorker.run(SuiteRunner.java:489)
at org.testng.internal.thread.ThreadUtil$1.call(ThreadUtil.java:52)
at java.util.concurrent.FutureTask.run(FutureTask.java:266)
at java.util.concurrent.ThreadPoolExecutor.runWorker(ThreadPoolExecutor.java:1149)
at java.util.concurrent.ThreadPoolExecutor$Worker.run(ThreadPoolExecutor.java:624)
at java.lang.Thread.run(Thread.java:748)
]]>
            </full-stacktrace>
          </exception> <!-- java.lang.Throwable -->
          <reporter-output>
          </reporter-output>
        </test-method> <!-- validateButtonsOperations -->
        <test-method status="SKIP" signature="validateDynamicButtonsOperations()[pri:0, instance:com.cybage.assignment.test.toolsqaElementPageTest@6a47fd]" name="validateDynamicButtonsOperations" duration-ms="0" started-at="2021-10-06T09:11:47Z" depends-on-methods="com.cybage.assignment.test.toolsqaElementPageTest.validateElementScreen" finished-at="2021-10-06T09:11:47Z">
          <exception class="java.lang.Throwable">
            <message>
              <![CDATA[Method toolsqaElementPageTest.validateDynamicButtonsOperations()[pri:0, instance:com.cybage.assignment.test.toolsqaElementPageTest@6a47fd] depends on not successfully finished methods]]>
            </message>
            <full-stacktrace>
              <![CDATA[java.lang.Throwable: Method toolsqaElementPageTest.validateDynamicButtonsOperations()[pri:0, instance:com.cybage.assignment.test.toolsqaElementPageTest@6a47fd] depends on not successfully finished methods
at org.testng.internal.Invoker.invokeTestMethods(Invoker.java:888)
at org.testng.internal.TestMethodWorker.invokeTestMethods(TestMethodWorker.java:125)
at org.testng.internal.TestMethodWorker.run(TestMethodWorker.java:109)
at org.testng.TestRunner.privateRun(TestRunner.java:648)
at org.testng.TestRunner.run(TestRunner.java:505)
at org.testng.SuiteRunner.runTest(SuiteRunner.java:455)
at org.testng.SuiteRunner.access$000(SuiteRunner.java:40)
at org.testng.SuiteRunner$SuiteWorker.run(SuiteRunner.java:489)
at org.testng.internal.thread.ThreadUtil$1.call(ThreadUtil.java:52)
at java.util.concurrent.FutureTask.run(FutureTask.java:266)
at java.util.concurrent.ThreadPoolExecutor.runWorker(ThreadPoolExecutor.java:1149)
at java.util.concurrent.ThreadPoolExecutor$Worker.run(ThreadPoolExecutor.java:624)
at java.lang.Thread.run(Thread.java:748)
]]>
            </full-stacktrace>
          </exception> <!-- java.lang.Throwable -->
          <reporter-output>
          </reporter-output>
        </test-method> <!-- validateDynamicButtonsOperations -->
        <test-method status="SKIP" signature="validateBrokenLinkImagesOperations()[pri:0, instance:com.cybage.assignment.test.toolsqaElementPageTest@6a47fd]" name="validateBrokenLinkImagesOperations" duration-ms="0" started-at="2021-10-06T09:11:47Z" depends-on-methods="com.cybage.assignment.test.toolsqaElementPageTest.validateElementScreen" finished-at="2021-10-06T09:11:47Z">
          <exception class="java.lang.Throwable">
            <message>
              <![CDATA[Method toolsqaElementPageTest.validateBrokenLinkImagesOperations()[pri:0, instance:com.cybage.assignment.test.toolsqaElementPageTest@6a47fd] depends on not successfully finished methods]]>
            </message>
            <full-stacktrace>
              <![CDATA[java.lang.Throwable: Method toolsqaElementPageTest.validateBrokenLinkImagesOperations()[pri:0, instance:com.cybage.assignment.test.toolsqaElementPageTest@6a47fd] depends on not successfully finished methods
at org.testng.internal.Invoker.invokeTestMethods(Invoker.java:888)
at org.testng.internal.TestMethodWorker.invokeTestMethods(TestMethodWorker.java:125)
at org.testng.internal.TestMethodWorker.run(TestMethodWorker.java:109)
at org.testng.TestRunner.privateRun(TestRunner.java:648)
at org.testng.TestRunner.run(TestRunner.java:505)
at org.testng.SuiteRunner.runTest(SuiteRunner.java:455)
at org.testng.SuiteRunner.access$000(SuiteRunner.java:40)
at org.testng.SuiteRunner$SuiteWorker.run(SuiteRunner.java:489)
at org.testng.internal.thread.ThreadUtil$1.call(ThreadUtil.java:52)
at java.util.concurrent.FutureTask.run(FutureTask.java:266)
at java.util.concurrent.ThreadPoolExecutor.runWorker(ThreadPoolExecutor.java:1149)
at java.util.concurrent.ThreadPoolExecutor$Worker.run(ThreadPoolExecutor.java:624)
at java.lang.Thread.run(Thread.java:748)
]]>
            </full-stacktrace>
          </exception> <!-- java.lang.Throwable -->
          <reporter-output>
          </reporter-output>
        </test-method> <!-- validateBrokenLinkImagesOperations -->
        <test-method status="SKIP" signature="releaseDriver()[pri:0, instance:com.cybage.assignment.test.toolsqaElementPageTest@6a47fd]" name="releaseDriver" is-config="true" duration-ms="0" started-at="2021-10-06T09:11:47Z" finished-at="2021-10-06T09:11:47Z">
          <reporter-output>
          </reporter-output>
        </test-method> <!-- releaseDriver -->
        <test-method status="SKIP" signature="validateRadioButtonOperations()[pri:0, instance:com.cybage.assignment.test.toolsqaElementPageTest@6a47fd]" name="validateRadioButtonOperations" duration-ms="0" started-at="2021-10-06T09:11:47Z" depends-on-methods="com.cybage.assignment.test.toolsqaElementPageTest.validateElementScreen" finished-at="2021-10-06T09:11:47Z">
          <exception class="java.lang.Throwable">
            <message>
              <![CDATA[Method toolsqaElementPageTest.validateRadioButtonOperations()[pri:0, instance:com.cybage.assignment.test.toolsqaElementPageTest@6a47fd] depends on not successfully finished methods]]>
            </message>
            <full-stacktrace>
              <![CDATA[java.lang.Throwable: Method toolsqaElementPageTest.validateRadioButtonOperations()[pri:0, instance:com.cybage.assignment.test.toolsqaElementPageTest@6a47fd] depends on not successfully finished methods
at org.testng.internal.Invoker.invokeTestMethods(Invoker.java:888)
at org.testng.internal.TestMethodWorker.invokeTestMethods(TestMethodWorker.java:125)
at org.testng.internal.TestMethodWorker.run(TestMethodWorker.java:109)
at org.testng.TestRunner.privateRun(TestRunner.java:648)
at org.testng.TestRunner.run(TestRunner.java:505)
at org.testng.SuiteRunner.runTest(SuiteRunner.java:455)
at org.testng.SuiteRunner.access$000(SuiteRunner.java:40)
at org.testng.SuiteRunner$SuiteWorker.run(SuiteRunner.java:489)
at org.testng.internal.thread.ThreadUtil$1.call(ThreadUtil.java:52)
at java.util.concurrent.FutureTask.run(FutureTask.java:266)
at java.util.concurrent.ThreadPoolExecutor.runWorker(ThreadPoolExecutor.java:1149)
at java.util.concurrent.ThreadPoolExecutor$Worker.run(ThreadPoolExecutor.java:624)
at java.lang.Thread.run(Thread.java:748)
]]>
            </full-stacktrace>
          </exception> <!-- java.lang.Throwable -->
          <reporter-output>
          </reporter-output>
        </test-method> <!-- validateRadioButtonOperations -->
        <test-method status="SKIP" signature="waitToLoadElements()[pri:0, instance:com.cybage.assignment.test.toolsqaElementPageTest@6a47fd]" name="waitToLoadElements" is-config="true" duration-ms="0" started-at="2021-10-06T09:11:47Z" finished-at="2021-10-06T09:11:47Z">
          <reporter-output>
          </reporter-output>
        </test-method> <!-- waitToLoadElements -->
        <test-method status="SKIP" signature="validateTextBoxOnSubmission()[pri:0, instance:com.cybage.assignment.test.toolsqaElementPageTest@6a47fd]" name="validateTextBoxOnSubmission" duration-ms="0" started-at="2021-10-06T09:11:47Z" depends-on-methods="com.cybage.assignment.test.toolsqaElementPageTest.validateElementScreen" finished-at="2021-10-06T09:11:47Z">
          <exception class="java.lang.Throwable">
            <message>
              <![CDATA[Method toolsqaElementPageTest.validateTextBoxOnSubmission()[pri:0, instance:com.cybage.assignment.test.toolsqaElementPageTest@6a47fd] depends on not successfully finished methods]]>
            </message>
            <full-stacktrace>
              <![CDATA[java.lang.Throwable: Method toolsqaElementPageTest.validateTextBoxOnSubmission()[pri:0, instance:com.cybage.assignment.test.toolsqaElementPageTest@6a47fd] depends on not successfully finished methods
at org.testng.internal.Invoker.invokeTestMethods(Invoker.java:888)
at org.testng.internal.TestMethodWorker.invokeTestMethods(TestMethodWorker.java:125)
at org.testng.internal.TestMethodWorker.run(TestMethodWorker.java:109)
at org.testng.TestRunner.privateRun(TestRunner.java:648)
at org.testng.TestRunner.run(TestRunner.java:505)
at org.testng.SuiteRunner.runTest(SuiteRunner.java:455)
at org.testng.SuiteRunner.access$000(SuiteRunner.java:40)
at org.testng.SuiteRunner$SuiteWorker.run(SuiteRunner.java:489)
at org.testng.internal.thread.ThreadUtil$1.call(ThreadUtil.java:52)
at java.util.concurrent.FutureTask.run(FutureTask.java:266)
at java.util.concurrent.ThreadPoolExecutor.runWorker(ThreadPoolExecutor.java:1149)
at java.util.concurrent.ThreadPoolExecutor$Worker.run(ThreadPoolExecutor.java:624)
at java.lang.Thread.run(Thread.java:748)
]]>
            </full-stacktrace>
          </exception> <!-- java.lang.Throwable -->
          <reporter-output>
          </reporter-output>
        </test-method> <!-- validateTextBoxOnSubmission -->
        <test-method status="SKIP" signature="validateUploadDownloadOperations()[pri:0, instance:com.cybage.assignment.test.toolsqaElementPageTest@6a47fd]" name="validateUploadDownloadOperations" duration-ms="0" started-at="2021-10-06T09:11:47Z" depends-on-methods="com.cybage.assignment.test.toolsqaElementPageTest.validateElementScreen" finished-at="2021-10-06T09:11:47Z">
          <exception class="java.lang.Throwable">
            <message>
              <![CDATA[Method toolsqaElementPageTest.validateUploadDownloadOperations()[pri:0, instance:com.cybage.assignment.test.toolsqaElementPageTest@6a47fd] depends on not successfully finished methods]]>
            </message>
            <full-stacktrace>
              <![CDATA[java.lang.Throwable: Method toolsqaElementPageTest.validateUploadDownloadOperations()[pri:0, instance:com.cybage.assignment.test.toolsqaElementPageTest@6a47fd] depends on not successfully finished methods
at org.testng.internal.Invoker.invokeTestMethods(Invoker.java:888)
at org.testng.internal.TestMethodWorker.invokeTestMethods(TestMethodWorker.java:125)
at org.testng.internal.TestMethodWorker.run(TestMethodWorker.java:109)
at org.testng.TestRunner.privateRun(TestRunner.java:648)
at org.testng.TestRunner.run(TestRunner.java:505)
at org.testng.SuiteRunner.runTest(SuiteRunner.java:455)
at org.testng.SuiteRunner.access$000(SuiteRunner.java:40)
at org.testng.SuiteRunner$SuiteWorker.run(SuiteRunner.java:489)
at org.testng.internal.thread.ThreadUtil$1.call(ThreadUtil.java:52)
at java.util.concurrent.FutureTask.run(FutureTask.java:266)
at java.util.concurrent.ThreadPoolExecutor.runWorker(ThreadPoolExecutor.java:1149)
at java.util.concurrent.ThreadPoolExecutor$Worker.run(ThreadPoolExecutor.java:624)
at java.lang.Thread.run(Thread.java:748)
]]>
            </full-stacktrace>
          </exception> <!-- java.lang.Throwable -->
          <reporter-output>
          </reporter-output>
        </test-method> <!-- validateUploadDownloadOperations -->
        <test-method status="SKIP" signature="captureAndReport(org.testng.ITestResult)[pri:0, instance:com.cybage.assignment.test.toolsqaElementPageTest@6a47fd]" name="captureAndReport" is-config="true" duration-ms="0" started-at="2021-10-06T09:11:47Z" finished-at="2021-10-06T09:11:47Z">
          <reporter-output>
          </reporter-output>
        </test-method> <!-- captureAndReport -->
        <test-method status="SKIP" signature="validateWebTablesOperations()[pri:0, instance:com.cybage.assignment.test.toolsqaElementPageTest@6a47fd]" name="validateWebTablesOperations" duration-ms="0" started-at="2021-10-06T09:11:47Z" depends-on-methods="com.cybage.assignment.test.toolsqaElementPageTest.validateElementScreen" finished-at="2021-10-06T09:11:47Z">
          <exception class="java.lang.Throwable">
            <message>
              <![CDATA[Method toolsqaElementPageTest.validateWebTablesOperations()[pri:0, instance:com.cybage.assignment.test.toolsqaElementPageTest@6a47fd] depends on not successfully finished methods]]>
            </message>
            <full-stacktrace>
              <![CDATA[java.lang.Throwable: Method toolsqaElementPageTest.validateWebTablesOperations()[pri:0, instance:com.cybage.assignment.test.toolsqaElementPageTest@6a47fd] depends on not successfully finished methods
at org.testng.internal.Invoker.invokeTestMethods(Invoker.java:888)
at org.testng.internal.TestMethodWorker.invokeTestMethods(TestMethodWorker.java:125)
at org.testng.internal.TestMethodWorker.run(TestMethodWorker.java:109)
at org.testng.TestRunner.privateRun(TestRunner.java:648)
at org.testng.TestRunner.run(TestRunner.java:505)
at org.testng.SuiteRunner.runTest(SuiteRunner.java:455)
at org.testng.SuiteRunner.access$000(SuiteRunner.java:40)
at org.testng.SuiteRunner$SuiteWorker.run(SuiteRunner.java:489)
at org.testng.internal.thread.ThreadUtil$1.call(ThreadUtil.java:52)
at java.util.concurrent.FutureTask.run(FutureTask.java:266)
at java.util.concurrent.ThreadPoolExecutor.runWorker(ThreadPoolExecutor.java:1149)
at java.util.concurrent.ThreadPoolExecutor$Worker.run(ThreadPoolExecutor.java:624)
at java.lang.Thread.run(Thread.java:748)
]]>
            </full-stacktrace>
          </exception> <!-- java.lang.Throwable -->
          <reporter-output>
          </reporter-output>
        </test-method> <!-- validateWebTablesOperations -->
        <test-method status="SKIP" signature="validateElementScreen()[pri:0, instance:com.cybage.assignment.test.toolsqaElementPageTest@6a47fd]" name="validateElementScreen" duration-ms="0" started-at="2021-10-06T09:11:47Z" finished-at="2021-10-06T09:11:47Z">
          <exception class="java.lang.NullPointerException">
            <message>
              <![CDATA[key can't be null]]>
            </message>
            <full-stacktrace>
              <![CDATA[java.lang.NullPointerException: key can't be null
at java.lang.System.checkKey(System.java:838)
at java.lang.System.setProperty(System.java:789)
at com.cybage.assignment.objects.toolsqaBase.initialize(toolsqaBase.java:37)
at com.cybage.assignment.test.toolsqaElementPageTest.testSetUp(toolsqaElementPageTest.java:33)
at sun.reflect.NativeMethodAccessorImpl.invoke0(Native Method)
at sun.reflect.NativeMethodAccessorImpl.invoke(NativeMethodAccessorImpl.java:62)
at sun.reflect.DelegatingMethodAccessorImpl.invoke(DelegatingMethodAccessorImpl.java:43)
at java.lang.reflect.Method.invoke(Method.java:498)
at org.testng.internal.MethodInvocationHelper.invokeMethod(MethodInvocationHelper.java:124)
at org.testng.internal.MethodInvocationHelper.invokeMethodConsideringTimeout(MethodInvocationHelper.java:59)
at org.testng.internal.Invoker.invokeConfigurationMethod(Invoker.java:458)
at org.testng.internal.Invoker.invokeConfigurations(Invoker.java:222)
at org.testng.internal.Invoker.invokeConfigurations(Invoker.java:142)
at org.testng.internal.TestMethodWorker.invokeBeforeClassMethods(TestMethodWorker.java:168)
at org.testng.internal.TestMethodWorker.run(TestMethodWorker.java:105)
at org.testng.TestRunner.privateRun(TestRunner.java:648)
at org.testng.TestRunner.run(TestRunner.java:505)
at org.testng.SuiteRunner.runTest(SuiteRunner.java:455)
at org.testng.SuiteRunner.access$000(SuiteRunner.java:40)
at org.testng.SuiteRunner$SuiteWorker.run(SuiteRunner.java:489)
at org.testng.internal.thread.ThreadUtil$1.call(ThreadUtil.java:52)
at java.util.concurrent.FutureTask.run(FutureTask.java:266)
at java.util.concurrent.ThreadPoolExecutor.runWorker(ThreadPoolExecutor.java:1149)
at java.util.concurrent.ThreadPoolExecutor$Worker.run(ThreadPoolExecutor.java:624)
at java.lang.Thread.run(Thread.java:748)
]]>
            </full-stacktrace>
          </exception> <!-- java.lang.NullPointerException -->
          <reporter-output>
          </reporter-output>
        </test-method> <!-- validateElementScreen -->
        <test-method status="SKIP" signature="validateCheckBoxOperation()[pri:0, instance:com.cybage.assignment.test.toolsqaElementPageTest@6a47fd]" name="validateCheckBoxOperation" duration-ms="0" started-at="2021-10-06T09:11:47Z" depends-on-methods="com.cybage.assignment.test.toolsqaElementPageTest.validateElementScreen" finished-at="2021-10-06T09:11:47Z">
          <exception class="java.lang.Throwable">
            <message>
              <![CDATA[Method toolsqaElementPageTest.validateCheckBoxOperation()[pri:0, instance:com.cybage.assignment.test.toolsqaElementPageTest@6a47fd] depends on not successfully finished methods]]>
            </message>
            <full-stacktrace>
              <![CDATA[java.lang.Throwable: Method toolsqaElementPageTest.validateCheckBoxOperation()[pri:0, instance:com.cybage.assignment.test.toolsqaElementPageTest@6a47fd] depends on not successfully finished methods
at org.testng.internal.Invoker.invokeTestMethods(Invoker.java:888)
at org.testng.internal.TestMethodWorker.invokeTestMethods(TestMethodWorker.java:125)
at org.testng.internal.TestMethodWorker.run(TestMethodWorker.java:109)
at org.testng.TestRunner.privateRun(TestRunner.java:648)
at org.testng.TestRunner.run(TestRunner.java:505)
at org.testng.SuiteRunner.runTest(SuiteRunner.java:455)
at org.testng.SuiteRunner.access$000(SuiteRunner.java:40)
at org.testng.SuiteRunner$SuiteWorker.run(SuiteRunner.java:489)
at org.testng.internal.thread.ThreadUtil$1.call(ThreadUtil.java:52)
at java.util.concurrent.FutureTask.run(FutureTask.java:266)
at java.util.concurrent.ThreadPoolExecutor.runWorker(ThreadPoolExecutor.java:1149)
at java.util.concurrent.ThreadPoolExecutor$Worker.run(ThreadPoolExecutor.java:624)
at java.lang.Thread.run(Thread.java:748)
]]>
            </full-stacktrace>
          </exception> <!-- java.lang.Throwable -->
          <reporter-output>
          </reporter-output>
        </test-method> <!-- validateCheckBoxOperation -->
        <test-method status="SKIP" signature="testCleanUp()[pri:0, instance:com.cybage.assignment.test.toolsqaElementPageTest@6a47fd]" name="testCleanUp" is-config="true" duration-ms="0" started-at="2021-10-06T09:11:47Z" finished-at="2021-10-06T09:11:47Z">
          <reporter-output>
          </reporter-output>
        </test-method> <!-- testCleanUp -->
        <test-method status="SKIP" signature="validateLinksOperations()[pri:0, instance:com.cybage.assignment.test.toolsqaElementPageTest@6a47fd]" name="validateLinksOperations" duration-ms="0" started-at="2021-10-06T09:11:47Z" depends-on-methods="com.cybage.assignment.test.toolsqaElementPageTest.validateElementScreen" finished-at="2021-10-06T09:11:47Z">
          <exception class="java.lang.Throwable">
            <message>
              <![CDATA[Method toolsqaElementPageTest.validateLinksOperations()[pri:0, instance:com.cybage.assignment.test.toolsqaElementPageTest@6a47fd] depends on not successfully finished methods]]>
            </message>
            <full-stacktrace>
              <![CDATA[java.lang.Throwable: Method toolsqaElementPageTest.validateLinksOperations()[pri:0, instance:com.cybage.assignment.test.toolsqaElementPageTest@6a47fd] depends on not successfully finished methods
at org.testng.internal.Invoker.invokeTestMethods(Invoker.java:888)
at org.testng.internal.TestMethodWorker.invokeTestMethods(TestMethodWorker.java:125)
at org.testng.internal.TestMethodWorker.run(TestMethodWorker.java:109)
at org.testng.TestRunner.privateRun(TestRunner.java:648)
at org.testng.TestRunner.run(TestRunner.java:505)
at org.testng.SuiteRunner.runTest(SuiteRunner.java:455)
at org.testng.SuiteRunner.access$000(SuiteRunner.java:40)
at org.testng.SuiteRunner$SuiteWorker.run(SuiteRunner.java:489)
at org.testng.internal.thread.ThreadUtil$1.call(ThreadUtil.java:52)
at java.util.concurrent.FutureTask.run(FutureTask.java:266)
at java.util.concurrent.ThreadPoolExecutor.runWorker(ThreadPoolExecutor.java:1149)
at java.util.concurrent.ThreadPoolExecutor$Worker.run(ThreadPoolExecutor.java:624)
at java.lang.Thread.run(Thread.java:748)
]]>
            </full-stacktrace>
          </exception> <!-- java.lang.Throwable -->
          <reporter-output>
          </reporter-output>
        </test-method> <!-- validateLinksOperations -->
      </class> <!-- com.cybage.assignment.test.toolsqaElementPageTest -->
    </test> <!-- toolsqaElementTest -->
    <test name="toolsqaHomeTest" duration-ms="31" started-at="2021-10-06T09:11:47Z" finished-at="2021-10-06T09:11:47Z">
      <class name="com.cybage.assignment.test.toolsqaHomePageTest">
        <test-method status="FAIL" signature="testSetUp()[pri:0, instance:com.cybage.assignment.test.toolsqaHomePageTest@3fac7e]" name="testSetUp" is-config="true" duration-ms="0" started-at="2021-10-06T09:11:47Z" finished-at="2021-10-06T09:11:47Z">
          <exception class="java.lang.NullPointerException">
            <message>
              <![CDATA[key can't be null]]>
            </message>
            <full-stacktrace>
              <![CDATA[java.lang.NullPointerException: key can't be null
at java.lang.System.checkKey(System.java:838)
at java.lang.System.setProperty(System.java:789)
at com.cybage.assignment.objects.toolsqaBase.initialize(toolsqaBase.java:37)
at com.cybage.assignment.test.toolsqaHomePageTest.testSetUp(toolsqaHomePageTest.java:26)
at sun.reflect.NativeMethodAccessorImpl.invoke0(Native Method)
at sun.reflect.NativeMethodAccessorImpl.invoke(NativeMethodAccessorImpl.java:62)
at sun.reflect.DelegatingMethodAccessorImpl.invoke(DelegatingMethodAccessorImpl.java:43)
at java.lang.reflect.Method.invoke(Method.java:498)
at org.testng.internal.MethodInvocationHelper.invokeMethod(MethodInvocationHelper.java:124)
at org.testng.internal.MethodInvocationHelper.invokeMethodConsideringTimeout(MethodInvocationHelper.java:59)
at org.testng.internal.Invoker.invokeConfigurationMethod(Invoker.java:458)
at org.testng.internal.Invoker.invokeConfigurations(Invoker.java:222)
at org.testng.internal.Invoker.invokeConfigurations(Invoker.java:142)
at org.testng.internal.TestMethodWorker.invokeBeforeClassMethods(TestMethodWorker.java:168)
at org.testng.internal.TestMethodWorker.run(TestMethodWorker.java:105)
at org.testng.TestRunner.privateRun(TestRunner.java:648)
at org.testng.TestRunner.run(TestRunner.java:505)
at org.testng.SuiteRunner.runTest(SuiteRunner.java:455)
at org.testng.SuiteRunner.access$000(SuiteRunner.java:40)
at org.testng.SuiteRunner$SuiteWorker.run(SuiteRunner.java:489)
at org.testng.internal.thread.ThreadUtil$1.call(ThreadUtil.java:52)
at java.util.concurrent.FutureTask.run(FutureTask.java:266)
at java.util.concurrent.ThreadPoolExecutor.runWorker(ThreadPoolExecutor.java:1149)
at java.util.concurrent.ThreadPoolExecutor$Worker.run(ThreadPoolExecutor.java:624)
at java.lang.Thread.run(Thread.java:748)
]]>
            </full-stacktrace>
          </exception> <!-- java.lang.NullPointerException -->
          <reporter-output>
          </reporter-output>
        </test-method> <!-- testSetUp -->
        <test-method status="SKIP" signature="validateIfAlertTabPresent()[pri:0, instance:com.cybage.assignment.test.toolsqaHomePageTest@3fac7e]" name="validateIfAlertTabPresent" duration-ms="0" started-at="2021-10-06T09:11:47Z" finished-at="2021-10-06T09:11:47Z">
          <exception class="java.lang.NullPointerException">
            <message>
              <![CDATA[key can't be null]]>
            </message>
            <full-stacktrace>
              <![CDATA[java.lang.NullPointerException: key can't be null
at java.lang.System.checkKey(System.java:838)
at java.lang.System.setProperty(System.java:789)
at com.cybage.assignment.objects.toolsqaBase.initialize(toolsqaBase.java:37)
at com.cybage.assignment.test.toolsqaHomePageTest.testSetUp(toolsqaHomePageTest.java:26)
at sun.reflect.NativeMethodAccessorImpl.invoke0(Native Method)
at sun.reflect.NativeMethodAccessorImpl.invoke(NativeMethodAccessorImpl.java:62)
at sun.reflect.DelegatingMethodAccessorImpl.invoke(DelegatingMethodAccessorImpl.java:43)
at java.lang.reflect.Method.invoke(Method.java:498)
at org.testng.internal.MethodInvocationHelper.invokeMethod(MethodInvocationHelper.java:124)
at org.testng.internal.MethodInvocationHelper.invokeMethodConsideringTimeout(MethodInvocationHelper.java:59)
at org.testng.internal.Invoker.invokeConfigurationMethod(Invoker.java:458)
at org.testng.internal.Invoker.invokeConfigurations(Invoker.java:222)
at org.testng.internal.Invoker.invokeConfigurations(Invoker.java:142)
at org.testng.internal.TestMethodWorker.invokeBeforeClassMethods(TestMethodWorker.java:168)
at org.testng.internal.TestMethodWorker.run(TestMethodWorker.java:105)
at org.testng.TestRunner.privateRun(TestRunner.java:648)
at org.testng.TestRunner.run(TestRunner.java:505)
at org.testng.SuiteRunner.runTest(SuiteRunner.java:455)
at org.testng.SuiteRunner.access$000(SuiteRunner.java:40)
at org.testng.SuiteRunner$SuiteWorker.run(SuiteRunner.java:489)
at org.testng.internal.thread.ThreadUtil$1.call(ThreadUtil.java:52)
at java.util.concurrent.FutureTask.run(FutureTask.java:266)
at java.util.concurrent.ThreadPoolExecutor.runWorker(ThreadPoolExecutor.java:1149)
at java.util.concurrent.ThreadPoolExecutor$Worker.run(ThreadPoolExecutor.java:624)
at java.lang.Thread.run(Thread.java:748)
]]>
            </full-stacktrace>
          </exception> <!-- java.lang.NullPointerException -->
          <reporter-output>
          </reporter-output>
        </test-method> <!-- validateIfAlertTabPresent -->
        <test-method status="SKIP" signature="testCleanUp()[pri:0, instance:com.cybage.assignment.test.toolsqaHomePageTest@3fac7e]" name="testCleanUp" is-config="true" duration-ms="0" started-at="2021-10-06T09:11:47Z" finished-at="2021-10-06T09:11:47Z">
          <reporter-output>
          </reporter-output>
        </test-method> <!-- testCleanUp -->
        <test-method status="SKIP" signature="captureAndReport(org.testng.ITestResult)[pri:0, instance:com.cybage.assignment.test.toolsqaHomePageTest@3fac7e]" name="captureAndReport" is-config="true" duration-ms="0" started-at="2021-10-06T09:11:47Z" finished-at="2021-10-06T09:11:47Z">
          <reporter-output>
          </reporter-output>
        </test-method> <!-- captureAndReport -->
        <test-method status="SKIP" signature="validateIfLogoPresent()[pri:0, instance:com.cybage.assignment.test.toolsqaHomePageTest@3fac7e]" name="validateIfLogoPresent" duration-ms="0" started-at="2021-10-06T09:11:47Z" finished-at="2021-10-06T09:11:47Z">
          <exception class="java.lang.NullPointerException">
            <message>
              <![CDATA[key can't be null]]>
            </message>
            <full-stacktrace>
              <![CDATA[java.lang.NullPointerException: key can't be null
at java.lang.System.checkKey(System.java:838)
at java.lang.System.setProperty(System.java:789)
at com.cybage.assignment.objects.toolsqaBase.initialize(toolsqaBase.java:37)
at com.cybage.assignment.test.toolsqaHomePageTest.testSetUp(toolsqaHomePageTest.java:26)
at sun.reflect.NativeMethodAccessorImpl.invoke0(Native Method)
at sun.reflect.NativeMethodAccessorImpl.invoke(NativeMethodAccessorImpl.java:62)
at sun.reflect.DelegatingMethodAccessorImpl.invoke(DelegatingMethodAccessorImpl.java:43)
at java.lang.reflect.Method.invoke(Method.java:498)
at org.testng.internal.MethodInvocationHelper.invokeMethod(MethodInvocationHelper.java:124)
at org.testng.internal.MethodInvocationHelper.invokeMethodConsideringTimeout(MethodInvocationHelper.java:59)
at org.testng.internal.Invoker.invokeConfigurationMethod(Invoker.java:458)
at org.testng.internal.Invoker.invokeConfigurations(Invoker.java:222)
at org.testng.internal.Invoker.invokeConfigurations(Invoker.java:142)
at org.testng.internal.TestMethodWorker.invokeBeforeClassMethods(TestMethodWorker.java:168)
at org.testng.internal.TestMethodWorker.run(TestMethodWorker.java:105)
at org.testng.TestRunner.privateRun(TestRunner.java:648)
at org.testng.TestRunner.run(TestRunner.java:505)
at org.testng.SuiteRunner.runTest(SuiteRunner.java:455)
at org.testng.SuiteRunner.access$000(SuiteRunner.java:40)
at org.testng.SuiteRunner$SuiteWorker.run(SuiteRunner.java:489)
at org.testng.internal.thread.ThreadUtil$1.call(ThreadUtil.java:52)
at java.util.concurrent.FutureTask.run(FutureTask.java:266)
at java.util.concurrent.ThreadPoolExecutor.runWorker(ThreadPoolExecutor.java:1149)
at java.util.concurrent.ThreadPoolExecutor$Worker.run(ThreadPoolExecutor.java:624)
at java.lang.Thread.run(Thread.java:748)
]]>
            </full-stacktrace>
          </exception> <!-- java.lang.NullPointerException -->
          <reporter-output>
          </reporter-output>
        </test-method> <!-- validateIfLogoPresent -->
        <test-method status="SKIP" signature="waitToLoadElements()[pri:0, instance:com.cybage.assignment.test.toolsqaHomePageTest@3fac7e]" name="waitToLoadElements" is-config="true" duration-ms="0" started-at="2021-10-06T09:11:47Z" finished-at="2021-10-06T09:11:47Z">
          <reporter-output>
          </reporter-output>
        </test-method> <!-- waitToLoadElements -->
        <test-method status="SKIP" signature="waitToLoadElements()[pri:0, instance:com.cybage.assignment.test.toolsqaHomePageTest@3fac7e]" name="waitToLoadElements" is-config="true" duration-ms="0" started-at="2021-10-06T09:11:47Z" finished-at="2021-10-06T09:11:47Z">
          <reporter-output>
          </reporter-output>
        </test-method> <!-- waitToLoadElements -->
        <test-method status="SKIP" signature="captureAndReport(org.testng.ITestResult)[pri:0, instance:com.cybage.assignment.test.toolsqaHomePageTest@3fac7e]" name="captureAndReport" is-config="true" duration-ms="0" started-at="2021-10-06T09:11:47Z" finished-at="2021-10-06T09:11:47Z">
          <reporter-output>
          </reporter-output>
        </test-method> <!-- captureAndReport -->
        <test-method status="SKIP" signature="validateIfBookStoreTabPresent()[pri:0, instance:com.cybage.assignment.test.toolsqaHomePageTest@3fac7e]" name="validateIfBookStoreTabPresent" duration-ms="0" started-at="2021-10-06T09:11:47Z" finished-at="2021-10-06T09:11:47Z">
          <exception class="java.lang.NullPointerException">
            <message>
              <![CDATA[key can't be null]]>
            </message>
            <full-stacktrace>
              <![CDATA[java.lang.NullPointerException: key can't be null
at java.lang.System.checkKey(System.java:838)
at java.lang.System.setProperty(System.java:789)
at com.cybage.assignment.objects.toolsqaBase.initialize(toolsqaBase.java:37)
at com.cybage.assignment.test.toolsqaHomePageTest.testSetUp(toolsqaHomePageTest.java:26)
at sun.reflect.NativeMethodAccessorImpl.invoke0(Native Method)
at sun.reflect.NativeMethodAccessorImpl.invoke(NativeMethodAccessorImpl.java:62)
at sun.reflect.DelegatingMethodAccessorImpl.invoke(DelegatingMethodAccessorImpl.java:43)
at java.lang.reflect.Method.invoke(Method.java:498)
at org.testng.internal.MethodInvocationHelper.invokeMethod(MethodInvocationHelper.java:124)
at org.testng.internal.MethodInvocationHelper.invokeMethodConsideringTimeout(MethodInvocationHelper.java:59)
at org.testng.internal.Invoker.invokeConfigurationMethod(Invoker.java:458)
at org.testng.internal.Invoker.invokeConfigurations(Invoker.java:222)
at org.testng.internal.Invoker.invokeConfigurations(Invoker.java:142)
at org.testng.internal.TestMethodWorker.invokeBeforeClassMethods(TestMethodWorker.java:168)
at org.testng.internal.TestMethodWorker.run(TestMethodWorker.java:105)
at org.testng.TestRunner.privateRun(TestRunner.java:648)
at org.testng.TestRunner.run(TestRunner.java:505)
at org.testng.SuiteRunner.runTest(SuiteRunner.java:455)
at org.testng.SuiteRunner.access$000(SuiteRunner.java:40)
at org.testng.SuiteRunner$SuiteWorker.run(SuiteRunner.java:489)
at org.testng.internal.thread.ThreadUtil$1.call(ThreadUtil.java:52)
at java.util.concurrent.FutureTask.run(FutureTask.java:266)
at java.util.concurrent.ThreadPoolExecutor.runWorker(ThreadPoolExecutor.java:1149)
at java.util.concurrent.ThreadPoolExecutor$Worker.run(ThreadPoolExecutor.java:624)
at java.lang.Thread.run(Thread.java:748)
]]>
            </full-stacktrace>
          </exception> <!-- java.lang.NullPointerException -->
          <reporter-output>
          </reporter-output>
        </test-method> <!-- validateIfBookStoreTabPresent -->
        <test-method status="SKIP" signature="captureAndReport(org.testng.ITestResult)[pri:0, instance:com.cybage.assignment.test.toolsqaHomePageTest@3fac7e]" name="captureAndReport" is-config="true" duration-ms="0" started-at="2021-10-06T09:11:47Z" finished-at="2021-10-06T09:11:47Z">
          <reporter-output>
          </reporter-output>
        </test-method> <!-- captureAndReport -->
        <test-method status="SKIP" signature="captureAndReport(org.testng.ITestResult)[pri:0, instance:com.cybage.assignment.test.toolsqaHomePageTest@3fac7e]" name="captureAndReport" is-config="true" duration-ms="0" started-at="2021-10-06T09:11:47Z" finished-at="2021-10-06T09:11:47Z">
          <reporter-output>
          </reporter-output>
        </test-method> <!-- captureAndReport -->
        <test-method status="SKIP" signature="releaseDriver()[pri:0, instance:com.cybage.assignment.test.toolsqaHomePageTest@3fac7e]" name="releaseDriver" is-config="true" duration-ms="0" started-at="2021-10-06T09:11:47Z" finished-at="2021-10-06T09:11:47Z">
          <reporter-output>
          </reporter-output>
        </test-method> <!-- releaseDriver -->
        <test-method status="SKIP" signature="validateIfFormsTabPresent()[pri:0, instance:com.cybage.assignment.test.toolsqaHomePageTest@3fac7e]" name="validateIfFormsTabPresent" duration-ms="0" started-at="2021-10-06T09:11:47Z" finished-at="2021-10-06T09:11:47Z">
          <exception class="java.lang.NullPointerException">
            <message>
              <![CDATA[key can't be null]]>
            </message>
            <full-stacktrace>
              <![CDATA[java.lang.NullPointerException: key can't be null
at java.lang.System.checkKey(System.java:838)
at java.lang.System.setProperty(System.java:789)
at com.cybage.assignment.objects.toolsqaBase.initialize(toolsqaBase.java:37)
at com.cybage.assignment.test.toolsqaHomePageTest.testSetUp(toolsqaHomePageTest.java:26)
at sun.reflect.NativeMethodAccessorImpl.invoke0(Native Method)
at sun.reflect.NativeMethodAccessorImpl.invoke(NativeMethodAccessorImpl.java:62)
at sun.reflect.DelegatingMethodAccessorImpl.invoke(DelegatingMethodAccessorImpl.java:43)
at java.lang.reflect.Method.invoke(Method.java:498)
at org.testng.internal.MethodInvocationHelper.invokeMethod(MethodInvocationHelper.java:124)
at org.testng.internal.MethodInvocationHelper.invokeMethodConsideringTimeout(MethodInvocationHelper.java:59)
at org.testng.internal.Invoker.invokeConfigurationMethod(Invoker.java:458)
at org.testng.internal.Invoker.invokeConfigurations(Invoker.java:222)
at org.testng.internal.Invoker.invokeConfigurations(Invoker.java:142)
at org.testng.internal.TestMethodWorker.invokeBeforeClassMethods(TestMethodWorker.java:168)
at org.testng.internal.TestMethodWorker.run(TestMethodWorker.java:105)
at org.testng.TestRunner.privateRun(TestRunner.java:648)
at org.testng.TestRunner.run(TestRunner.java:505)
at org.testng.SuiteRunner.runTest(SuiteRunner.java:455)
at org.testng.SuiteRunner.access$000(SuiteRunner.java:40)
at org.testng.SuiteRunner$SuiteWorker.run(SuiteRunner.java:489)
at org.testng.internal.thread.ThreadUtil$1.call(ThreadUtil.java:52)
at java.util.concurrent.FutureTask.run(FutureTask.java:266)
at java.util.concurrent.ThreadPoolExecutor.runWorker(ThreadPoolExecutor.java:1149)
at java.util.concurrent.ThreadPoolExecutor$Worker.run(ThreadPoolExecutor.java:624)
at java.lang.Thread.run(Thread.java:748)
]]>
            </full-stacktrace>
          </exception> <!-- java.lang.NullPointerException -->
          <reporter-output>
          </reporter-output>
        </test-method> <!-- validateIfFormsTabPresent -->
        <test-method status="SKIP" signature="validateIfInteractionsTabPresent()[pri:0, instance:com.cybage.assignment.test.toolsqaHomePageTest@3fac7e]" name="validateIfInteractionsTabPresent" duration-ms="0" started-at="2021-10-06T09:11:47Z" finished-at="2021-10-06T09:11:47Z">
          <exception class="java.lang.NullPointerException">
            <message>
              <![CDATA[key can't be null]]>
            </message>
            <full-stacktrace>
              <![CDATA[java.lang.NullPointerException: key can't be null
at java.lang.System.checkKey(System.java:838)
at java.lang.System.setProperty(System.java:789)
at com.cybage.assignment.objects.toolsqaBase.initialize(toolsqaBase.java:37)
at com.cybage.assignment.test.toolsqaHomePageTest.testSetUp(toolsqaHomePageTest.java:26)
at sun.reflect.NativeMethodAccessorImpl.invoke0(Native Method)
at sun.reflect.NativeMethodAccessorImpl.invoke(NativeMethodAccessorImpl.java:62)
at sun.reflect.DelegatingMethodAccessorImpl.invoke(DelegatingMethodAccessorImpl.java:43)
at java.lang.reflect.Method.invoke(Method.java:498)
at org.testng.internal.MethodInvocationHelper.invokeMethod(MethodInvocationHelper.java:124)
at org.testng.internal.MethodInvocationHelper.invokeMethodConsideringTimeout(MethodInvocationHelper.java:59)
at org.testng.internal.Invoker.invokeConfigurationMethod(Invoker.java:458)
at org.testng.internal.Invoker.invokeConfigurations(Invoker.java:222)
at org.testng.internal.Invoker.invokeConfigurations(Invoker.java:142)
at org.testng.internal.TestMethodWorker.invokeBeforeClassMethods(TestMethodWorker.java:168)
at org.testng.internal.TestMethodWorker.run(TestMethodWorker.java:105)
at org.testng.TestRunner.privateRun(TestRunner.java:648)
at org.testng.TestRunner.run(TestRunner.java:505)
at org.testng.SuiteRunner.runTest(SuiteRunner.java:455)
at org.testng.SuiteRunner.access$000(SuiteRunner.java:40)
at org.testng.SuiteRunner$SuiteWorker.run(SuiteRunner.java:489)
at org.testng.internal.thread.ThreadUtil$1.call(ThreadUtil.java:52)
at java.util.concurrent.FutureTask.run(FutureTask.java:266)
at java.util.concurrent.ThreadPoolExecutor.runWorker(ThreadPoolExecutor.java:1149)
at java.util.concurrent.ThreadPoolExecutor$Worker.run(ThreadPoolExecutor.java:624)
at java.lang.Thread.run(Thread.java:748)
]]>
            </full-stacktrace>
          </exception> <!-- java.lang.NullPointerException -->
          <reporter-output>
          </reporter-output>
        </test-method> <!-- validateIfInteractionsTabPresent -->
        <test-method status="SKIP" signature="validatePageBanner()[pri:0, instance:com.cybage.assignment.test.toolsqaHomePageTest@3fac7e]" name="validatePageBanner" duration-ms="0" started-at="2021-10-06T09:11:47Z" finished-at="2021-10-06T09:11:47Z">
          <exception class="java.lang.NullPointerException">
            <message>
              <![CDATA[key can't be null]]>
            </message>
            <full-stacktrace>
              <![CDATA[java.lang.NullPointerException: key can't be null
at java.lang.System.checkKey(System.java:838)
at java.lang.System.setProperty(System.java:789)
at com.cybage.assignment.objects.toolsqaBase.initialize(toolsqaBase.java:37)
at com.cybage.assignment.test.toolsqaHomePageTest.testSetUp(toolsqaHomePageTest.java:26)
at sun.reflect.NativeMethodAccessorImpl.invoke0(Native Method)
at sun.reflect.NativeMethodAccessorImpl.invoke(NativeMethodAccessorImpl.java:62)
at sun.reflect.DelegatingMethodAccessorImpl.invoke(DelegatingMethodAccessorImpl.java:43)
at java.lang.reflect.Method.invoke(Method.java:498)
at org.testng.internal.MethodInvocationHelper.invokeMethod(MethodInvocationHelper.java:124)
at org.testng.internal.MethodInvocationHelper.invokeMethodConsideringTimeout(MethodInvocationHelper.java:59)
at org.testng.internal.Invoker.invokeConfigurationMethod(Invoker.java:458)
at org.testng.internal.Invoker.invokeConfigurations(Invoker.java:222)
at org.testng.internal.Invoker.invokeConfigurations(Invoker.java:142)
at org.testng.internal.TestMethodWorker.invokeBeforeClassMethods(TestMethodWorker.java:168)
at org.testng.internal.TestMethodWorker.run(TestMethodWorker.java:105)
at org.testng.TestRunner.privateRun(TestRunner.java:648)
at org.testng.TestRunner.run(TestRunner.java:505)
at org.testng.SuiteRunner.runTest(SuiteRunner.java:455)
at org.testng.SuiteRunner.access$000(SuiteRunner.java:40)
at org.testng.SuiteRunner$SuiteWorker.run(SuiteRunner.java:489)
at org.testng.internal.thread.ThreadUtil$1.call(ThreadUtil.java:52)
at java.util.concurrent.FutureTask.run(FutureTask.java:266)
at java.util.concurrent.ThreadPoolExecutor.runWorker(ThreadPoolExecutor.java:1149)
at java.util.concurrent.ThreadPoolExecutor$Worker.run(ThreadPoolExecutor.java:624)
at java.lang.Thread.run(Thread.java:748)
]]>
            </full-stacktrace>
          </exception> <!-- java.lang.NullPointerException -->
          <reporter-output>
          </reporter-output>
        </test-method> <!-- validatePageBanner -->
        <test-method status="SKIP" signature="waitToLoadElements()[pri:0, instance:com.cybage.assignment.test.toolsqaHomePageTest@3fac7e]" name="waitToLoadElements" is-config="true" duration-ms="0" started-at="2021-10-06T09:11:47Z" finished-at="2021-10-06T09:11:47Z">
          <reporter-output>
          </reporter-output>
        </test-method> <!-- waitToLoadElements -->
        <test-method status="SKIP" signature="waitToLoadElements()[pri:0, instance:com.cybage.assignment.test.toolsqaHomePageTest@3fac7e]" name="waitToLoadElements" is-config="true" duration-ms="0" started-at="2021-10-06T09:11:47Z" finished-at="2021-10-06T09:11:47Z">
          <reporter-output>
          </reporter-output>
        </test-method> <!-- waitToLoadElements -->
        <test-method status="SKIP" signature="captureAndReport(org.testng.ITestResult)[pri:0, instance:com.cybage.assignment.test.toolsqaHomePageTest@3fac7e]" name="captureAndReport" is-config="true" duration-ms="0" started-at="2021-10-06T09:11:47Z" finished-at="2021-10-06T09:11:47Z">
          <reporter-output>
          </reporter-output>
        </test-method> <!-- captureAndReport -->
        <test-method status="SKIP" signature="waitToLoadElements()[pri:0, instance:com.cybage.assignment.test.toolsqaHomePageTest@3fac7e]" name="waitToLoadElements" is-config="true" duration-ms="0" started-at="2021-10-06T09:11:47Z" finished-at="2021-10-06T09:11:47Z">
          <reporter-output>
          </reporter-output>
        </test-method> <!-- waitToLoadElements -->
        <test-method status="SKIP" signature="validateIfWidgetTabPresent()[pri:0, instance:com.cybage.assignment.test.toolsqaHomePageTest@3fac7e]" name="validateIfWidgetTabPresent" duration-ms="0" started-at="2021-10-06T09:11:47Z" finished-at="2021-10-06T09:11:47Z">
          <exception class="java.lang.NullPointerException">
            <message>
              <![CDATA[key can't be null]]>
            </message>
            <full-stacktrace>
              <![CDATA[java.lang.NullPointerException: key can't be null
at java.lang.System.checkKey(System.java:838)
at java.lang.System.setProperty(System.java:789)
at com.cybage.assignment.objects.toolsqaBase.initialize(toolsqaBase.java:37)
at com.cybage.assignment.test.toolsqaHomePageTest.testSetUp(toolsqaHomePageTest.java:26)
at sun.reflect.NativeMethodAccessorImpl.invoke0(Native Method)
at sun.reflect.NativeMethodAccessorImpl.invoke(NativeMethodAccessorImpl.java:62)
at sun.reflect.DelegatingMethodAccessorImpl.invoke(DelegatingMethodAccessorImpl.java:43)
at java.lang.reflect.Method.invoke(Method.java:498)
at org.testng.internal.MethodInvocationHelper.invokeMethod(MethodInvocationHelper.java:124)
at org.testng.internal.MethodInvocationHelper.invokeMethodConsideringTimeout(MethodInvocationHelper.java:59)
at org.testng.internal.Invoker.invokeConfigurationMethod(Invoker.java:458)
at org.testng.internal.Invoker.invokeConfigurations(Invoker.java:222)
at org.testng.internal.Invoker.invokeConfigurations(Invoker.java:142)
at org.testng.internal.TestMethodWorker.invokeBeforeClassMethods(TestMethodWorker.java:168)
at org.testng.internal.TestMethodWorker.run(TestMethodWorker.java:105)
at org.testng.TestRunner.privateRun(TestRunner.java:648)
at org.testng.TestRunner.run(TestRunner.java:505)
at org.testng.SuiteRunner.runTest(SuiteRunner.java:455)
at org.testng.SuiteRunner.access$000(SuiteRunner.java:40)
at org.testng.SuiteRunner$SuiteWorker.run(SuiteRunner.java:489)
at org.testng.internal.thread.ThreadUtil$1.call(ThreadUtil.java:52)
at java.util.concurrent.FutureTask.run(FutureTask.java:266)
at java.util.concurrent.ThreadPoolExecutor.runWorker(ThreadPoolExecutor.java:1149)
at java.util.concurrent.ThreadPoolExecutor$Worker.run(ThreadPoolExecutor.java:624)
at java.lang.Thread.run(Thread.java:748)
]]>
            </full-stacktrace>
          </exception> <!-- java.lang.NullPointerException -->
          <reporter-output>
          </reporter-output>
        </test-method> <!-- validateIfWidgetTabPresent -->
        <test-method status="SKIP" signature="waitToLoadElements()[pri:0, instance:com.cybage.assignment.test.toolsqaHomePageTest@3fac7e]" name="waitToLoadElements" is-config="true" duration-ms="0" started-at="2021-10-06T09:11:47Z" finished-at="2021-10-06T09:11:47Z">
          <reporter-output>
          </reporter-output>
        </test-method> <!-- waitToLoadElements -->
        <test-method status="SKIP" signature="validateIfElementsTabPresent()[pri:0, instance:com.cybage.assignment.test.toolsqaHomePageTest@3fac7e]" name="validateIfElementsTabPresent" duration-ms="0" started-at="2021-10-06T09:11:47Z" finished-at="2021-10-06T09:11:47Z">
          <exception class="java.lang.NullPointerException">
            <message>
              <![CDATA[key can't be null]]>
            </message>
            <full-stacktrace>
              <![CDATA[java.lang.NullPointerException: key can't be null
at java.lang.System.checkKey(System.java:838)
at java.lang.System.setProperty(System.java:789)
at com.cybage.assignment.objects.toolsqaBase.initialize(toolsqaBase.java:37)
at com.cybage.assignment.test.toolsqaHomePageTest.testSetUp(toolsqaHomePageTest.java:26)
at sun.reflect.NativeMethodAccessorImpl.invoke0(Native Method)
at sun.reflect.NativeMethodAccessorImpl.invoke(NativeMethodAccessorImpl.java:62)
at sun.reflect.DelegatingMethodAccessorImpl.invoke(DelegatingMethodAccessorImpl.java:43)
at java.lang.reflect.Method.invoke(Method.java:498)
at org.testng.internal.MethodInvocationHelper.invokeMethod(MethodInvocationHelper.java:124)
at org.testng.internal.MethodInvocationHelper.invokeMethodConsideringTimeout(MethodInvocationHelper.java:59)
at org.testng.internal.Invoker.invokeConfigurationMethod(Invoker.java:458)
at org.testng.internal.Invoker.invokeConfigurations(Invoker.java:222)
at org.testng.internal.Invoker.invokeConfigurations(Invoker.java:142)
at org.testng.internal.TestMethodWorker.invokeBeforeClassMethods(TestMethodWorker.java:168)
at org.testng.internal.TestMethodWorker.run(TestMethodWorker.java:105)
at org.testng.TestRunner.privateRun(TestRunner.java:648)
at org.testng.TestRunner.run(TestRunner.java:505)
at org.testng.SuiteRunner.runTest(SuiteRunner.java:455)
at org.testng.SuiteRunner.access$000(SuiteRunner.java:40)
at org.testng.SuiteRunner$SuiteWorker.run(SuiteRunner.java:489)
at org.testng.internal.thread.ThreadUtil$1.call(ThreadUtil.java:52)
at java.util.concurrent.FutureTask.run(FutureTask.java:266)
at java.util.concurrent.ThreadPoolExecutor.runWorker(ThreadPoolExecutor.java:1149)
at java.util.concurrent.ThreadPoolExecutor$Worker.run(ThreadPoolExecutor.java:624)
at java.lang.Thread.run(Thread.java:748)
]]>
            </full-stacktrace>
          </exception> <!-- java.lang.NullPointerException -->
          <reporter-output>
          </reporter-output>
        </test-method> <!-- validateIfElementsTabPresent -->
        <test-method status="SKIP" signature="waitToLoadElements()[pri:0, instance:com.cybage.assignment.test.toolsqaHomePageTest@3fac7e]" name="waitToLoadElements" is-config="true" duration-ms="0" started-at="2021-10-06T09:11:47Z" finished-at="2021-10-06T09:11:47Z">
          <reporter-output>
          </reporter-output>
        </test-method> <!-- waitToLoadElements -->
        <test-method status="SKIP" signature="captureAndReport(org.testng.ITestResult)[pri:0, instance:com.cybage.assignment.test.toolsqaHomePageTest@3fac7e]" name="captureAndReport" is-config="true" duration-ms="0" started-at="2021-10-06T09:11:47Z" finished-at="2021-10-06T09:11:47Z">
          <reporter-output>
          </reporter-output>
        </test-method> <!-- captureAndReport -->
        <test-method status="SKIP" signature="captureAndReport(org.testng.ITestResult)[pri:0, instance:com.cybage.assignment.test.toolsqaHomePageTest@3fac7e]" name="captureAndReport" is-config="true" duration-ms="0" started-at="2021-10-06T09:11:47Z" finished-at="2021-10-06T09:11:47Z">
          <reporter-output>
          </reporter-output>
        </test-method> <!-- captureAndReport -->
        <test-method status="SKIP" signature="waitToLoadElements()[pri:0, instance:com.cybage.assignment.test.toolsqaHomePageTest@3fac7e]" name="waitToLoadElements" is-config="true" duration-ms="0" started-at="2021-10-06T09:11:47Z" finished-at="2021-10-06T09:11:47Z">
          <reporter-output>
          </reporter-output>
        </test-method> <!-- waitToLoadElements -->
        <test-method status="SKIP" signature="captureAndReport(org.testng.ITestResult)[pri:0, instance:com.cybage.assignment.test.toolsqaHomePageTest@3fac7e]" name="captureAndReport" is-config="true" duration-ms="0" started-at="2021-10-06T09:11:47Z" finished-at="2021-10-06T09:11:47Z">
          <reporter-output>
          </reporter-output>
        </test-method> <!-- captureAndReport -->
        <test-method status="SKIP" signature="validatePageTitle()[pri:0, instance:com.cybage.assignment.test.toolsqaHomePageTest@3fac7e]" name="validatePageTitle" duration-ms="0" started-at="2021-10-06T09:11:47Z" finished-at="2021-10-06T09:11:47Z">
          <exception class="java.lang.NullPointerException">
            <message>
              <![CDATA[key can't be null]]>
            </message>
            <full-stacktrace>
              <![CDATA[java.lang.NullPointerException: key can't be null
at java.lang.System.checkKey(System.java:838)
at java.lang.System.setProperty(System.java:789)
at com.cybage.assignment.objects.toolsqaBase.initialize(toolsqaBase.java:37)
at com.cybage.assignment.test.toolsqaHomePageTest.testSetUp(toolsqaHomePageTest.java:26)
at sun.reflect.NativeMethodAccessorImpl.invoke0(Native Method)
at sun.reflect.NativeMethodAccessorImpl.invoke(NativeMethodAccessorImpl.java:62)
at sun.reflect.DelegatingMethodAccessorImpl.invoke(DelegatingMethodAccessorImpl.java:43)
at java.lang.reflect.Method.invoke(Method.java:498)
at org.testng.internal.MethodInvocationHelper.invokeMethod(MethodInvocationHelper.java:124)
at org.testng.internal.MethodInvocationHelper.invokeMethodConsideringTimeout(MethodInvocationHelper.java:59)
at org.testng.internal.Invoker.invokeConfigurationMethod(Invoker.java:458)
at org.testng.internal.Invoker.invokeConfigurations(Invoker.java:222)
at org.testng.internal.Invoker.invokeConfigurations(Invoker.java:142)
at org.testng.internal.TestMethodWorker.invokeBeforeClassMethods(TestMethodWorker.java:168)
at org.testng.internal.TestMethodWorker.run(TestMethodWorker.java:105)
at org.testng.TestRunner.privateRun(TestRunner.java:648)
at org.testng.TestRunner.run(TestRunner.java:505)
at org.testng.SuiteRunner.runTest(SuiteRunner.java:455)
at org.testng.SuiteRunner.access$000(SuiteRunner.java:40)
at org.testng.SuiteRunner$SuiteWorker.run(SuiteRunner.java:489)
at org.testng.internal.thread.ThreadUtil$1.call(ThreadUtil.java:52)
at java.util.concurrent.FutureTask.run(FutureTask.java:266)
at java.util.concurrent.ThreadPoolExecutor.runWorker(ThreadPoolExecutor.java:1149)
at java.util.concurrent.ThreadPoolExecutor$Worker.run(ThreadPoolExecutor.java:624)
at java.lang.Thread.run(Thread.java:748)
]]>
            </full-stacktrace>
          </exception> <!-- java.lang.NullPointerException -->
          <reporter-output>
          </reporter-output>
        </test-method> <!-- validatePageTitle -->
        <test-method status="SKIP" signature="waitToLoadElements()[pri:0, instance:com.cybage.assignment.test.toolsqaHomePageTest@3fac7e]" name="waitToLoadElements" is-config="true" duration-ms="0" started-at="2021-10-06T09:11:47Z" finished-at="2021-10-06T09:11:47Z">
          <reporter-output>
          </reporter-output>
        </test-method> <!-- waitToLoadElements -->
        <test-method status="SKIP" signature="captureAndReport(org.testng.ITestResult)[pri:0, instance:com.cybage.assignment.test.toolsqaHomePageTest@3fac7e]" name="captureAndReport" is-config="true" duration-ms="0" started-at="2021-10-06T09:11:47Z" finished-at="2021-10-06T09:11:47Z">
          <reporter-output>
          </reporter-output>
        </test-method> <!-- captureAndReport -->
      </class> <!-- com.cybage.assignment.test.toolsqaHomePageTest -->
    </test> <!-- toolsqaHomeTest -->
    <test name="toolsqaFormTest" duration-ms="32385" started-at="2021-10-06T09:11:47Z" finished-at="2021-10-06T09:12:20Z">
      <class name="com.cybage.assignment.test.toolsqaFormPageTest">
        <test-method status="PASS" signature="testSetUp()[pri:0, instance:com.cybage.assignment.test.toolsqaFormPageTest@82bf66]" name="testSetUp" is-config="true" duration-ms="13087" started-at="2021-10-06T09:11:47Z" finished-at="2021-10-06T09:12:00Z">
          <reporter-output>
          </reporter-output>
        </test-method> <!-- testSetUp -->
        <test-method status="PASS" signature="waitToLoadElements()[pri:0, instance:com.cybage.assignment.test.toolsqaFormPageTest@82bf66]" name="waitToLoadElements" is-config="true" duration-ms="3003" started-at="2021-10-06T09:12:00Z" finished-at="2021-10-06T09:12:03Z">
          <reporter-output>
          </reporter-output>
        </test-method> <!-- waitToLoadElements -->
        <test-method status="PASS" signature="validatePracticeFormOption()[pri:0, instance:com.cybage.assignment.test.toolsqaFormPageTest@82bf66]" name="validatePracticeFormOption" duration-ms="381" started-at="2021-10-06T09:12:03Z" finished-at="2021-10-06T09:12:04Z">
          <reporter-output>
          </reporter-output>
        </test-method> <!-- validatePracticeFormOption -->
        <test-method status="PASS" signature="captureAndReport(org.testng.ITestResult)[pri:0, instance:com.cybage.assignment.test.toolsqaFormPageTest@82bf66]" name="captureAndReport" is-config="true" duration-ms="92" started-at="2021-10-06T09:12:04Z" finished-at="2021-10-06T09:12:04Z">
          <params>
            <param index="0">
              <value>
                <![CDATA[[TestResult name=validatePracticeFormOption status=SUCCESS method=toolsqaFormPageTest.validatePracticeFormOption()[pri:0, instance:com.cybage.assignment.test.toolsqaFormPageTest@82bf66] output={null}]]]>
              </value>
            </param>
          </params>
          <reporter-output>
          </reporter-output>
        </test-method> <!-- captureAndReport -->
        <test-method status="PASS" signature="waitToLoadElements()[pri:0, instance:com.cybage.assignment.test.toolsqaFormPageTest@82bf66]" name="waitToLoadElements" is-config="true" duration-ms="3000" started-at="2021-10-06T09:12:04Z" finished-at="2021-10-06T09:12:07Z">
          <reporter-output>
          </reporter-output>
        </test-method> <!-- waitToLoadElements -->
        <test-method status="PASS" signature="validateFormFilling()[pri:1, instance:com.cybage.assignment.test.toolsqaFormPageTest@82bf66]" name="validateFormFilling" duration-ms="4504" started-at="2021-10-06T09:12:07Z" depends-on-methods="com.cybage.assignment.test.toolsqaFormPageTest.validatePracticeFormOption" finished-at="2021-10-06T09:12:11Z">
          <reporter-output>
          </reporter-output>
        </test-method> <!-- validateFormFilling -->
        <test-method status="PASS" signature="captureAndReport(org.testng.ITestResult)[pri:0, instance:com.cybage.assignment.test.toolsqaFormPageTest@82bf66]" name="captureAndReport" is-config="true" duration-ms="2" started-at="2021-10-06T09:12:11Z" finished-at="2021-10-06T09:12:11Z">
          <params>
            <param index="0">
              <value>
                <![CDATA[[TestResult name=validateFormFilling status=SUCCESS method=toolsqaFormPageTest.validateFormFilling()[pri:1, instance:com.cybage.assignment.test.toolsqaFormPageTest@82bf66] output={null}]]]>
              </value>
            </param>
          </params>
          <reporter-output>
          </reporter-output>
        </test-method> <!-- captureAndReport -->
        <test-method status="PASS" signature="waitToLoadElements()[pri:0, instance:com.cybage.assignment.test.toolsqaFormPageTest@82bf66]" name="waitToLoadElements" is-config="true" duration-ms="3012" started-at="2021-10-06T09:12:11Z" finished-at="2021-10-06T09:12:14Z">
          <reporter-output>
          </reporter-output>
        </test-method> <!-- waitToLoadElements -->
        <test-method status="PASS" signature="validateFormAfterSubmit()[pri:2, instance:com.cybage.assignment.test.toolsqaFormPageTest@82bf66]" name="validateFormAfterSubmit" duration-ms="428" started-at="2021-10-06T09:12:14Z" depends-on-methods="com.cybage.assignment.test.toolsqaFormPageTest.validatePracticeFormOption" finished-at="2021-10-06T09:12:15Z">
          <reporter-output>
          </reporter-output>
        </test-method> <!-- validateFormAfterSubmit -->
        <test-method status="PASS" signature="captureAndReport(org.testng.ITestResult)[pri:0, instance:com.cybage.assignment.test.toolsqaFormPageTest@82bf66]" name="captureAndReport" is-config="true" duration-ms="3" started-at="2021-10-06T09:12:15Z" finished-at="2021-10-06T09:12:15Z">
          <params>
            <param index="0">
              <value>
                <![CDATA[[TestResult name=validateFormAfterSubmit status=SUCCESS method=toolsqaFormPageTest.validateFormAfterSubmit()[pri:2, instance:com.cybage.assignment.test.toolsqaFormPageTest@82bf66] output={null}]]]>
              </value>
            </param>
          </params>
          <reporter-output>
          </reporter-output>
        </test-method> <!-- captureAndReport -->
        <test-method status="PASS" signature="testCleanUp()[pri:0, instance:com.cybage.assignment.test.toolsqaFormPageTest@82bf66]" name="testCleanUp" is-config="true" duration-ms="4856" started-at="2021-10-06T09:12:15Z" finished-at="2021-10-06T09:12:20Z">
          <reporter-output>
          </reporter-output>
        </test-method> <!-- testCleanUp -->
        <test-method status="PASS" signature="releaseDriver()[pri:0, instance:com.cybage.assignment.test.toolsqaFormPageTest@82bf66]" name="releaseDriver" is-config="true" duration-ms="1" started-at="2021-10-06T09:12:20Z" finished-at="2021-10-06T09:12:20Z">
          <reporter-output>
          </reporter-output>
        </test-method> <!-- releaseDriver -->
      </class> <!-- com.cybage.assignment.test.toolsqaFormPageTest -->
    </test> <!-- toolsqaFormTest -->
    <test name="toolsqaWidgetTest" duration-ms="52063" started-at="2021-10-06T09:11:47Z" finished-at="2021-10-06T09:12:39Z">
      <class name="com.cybage.assignment.test.widgetsPageTest">
        <test-method status="PASS" signature="testSetUp()[pri:0, instance:com.cybage.assignment.test.widgetsPageTest@960b51]" name="testSetUp" is-config="true" duration-ms="13554" started-at="2021-10-06T09:11:47Z" finished-at="2021-10-06T09:12:01Z">
          <reporter-output>
          </reporter-output>
        </test-method> <!-- testSetUp -->
        <test-method status="PASS" signature="waitToLoadElements()[pri:0, instance:com.cybage.assignment.test.widgetsPageTest@960b51]" name="waitToLoadElements" is-config="true" duration-ms="3009" started-at="2021-10-06T09:12:01Z" finished-at="2021-10-06T09:12:04Z">
          <reporter-output>
          </reporter-output>
        </test-method> <!-- waitToLoadElements -->
        <test-method status="PASS" signature="validatePresenceOfWidgetOptions()[pri:0, instance:com.cybage.assignment.test.widgetsPageTest@960b51]" name="validatePresenceOfWidgetOptions" duration-ms="469" started-at="2021-10-06T09:12:04Z" finished-at="2021-10-06T09:12:04Z">
          <reporter-output>
          </reporter-output>
        </test-method> <!-- validatePresenceOfWidgetOptions -->
        <test-method status="PASS" signature="captureAndReport(org.testng.ITestResult)[pri:0, instance:com.cybage.assignment.test.widgetsPageTest@960b51]" name="captureAndReport" is-config="true" duration-ms="15" started-at="2021-10-06T09:12:04Z" finished-at="2021-10-06T09:12:04Z">
          <params>
            <param index="0">
              <value>
                <![CDATA[[TestResult name=validatePresenceOfWidgetOptions status=SUCCESS method=widgetsPageTest.validatePresenceOfWidgetOptions()[pri:0, instance:com.cybage.assignment.test.widgetsPageTest@960b51] output={null}]]]>
              </value>
            </param>
          </params>
          <reporter-output>
          </reporter-output>
        </test-method> <!-- captureAndReport -->
        <test-method status="PASS" signature="waitToLoadElements()[pri:0, instance:com.cybage.assignment.test.widgetsPageTest@960b51]" name="waitToLoadElements" is-config="true" duration-ms="3007" started-at="2021-10-06T09:12:04Z" finished-at="2021-10-06T09:12:07Z">
          <reporter-output>
          </reporter-output>
        </test-method> <!-- waitToLoadElements -->
        <test-method status="SKIP" signature="validateAccordianPageOperations()[pri:0, instance:com.cybage.assignment.test.widgetsPageTest@960b51]" name="validateAccordianPageOperations" duration-ms="1786" started-at="2021-10-06T09:12:07Z" depends-on-methods="com.cybage.assignment.test.widgetsPageTest.validatePresenceOfWidgetOptions" finished-at="2021-10-06T09:12:09Z">
          <exception class="java.lang.NullPointerException">
            <full-stacktrace>
              <![CDATA[java.lang.NullPointerException
at com.cybage.assignment.objects.utilities.readWorkbook(utilities.java:70)
at com.cybage.assignment.test.widgetsPageTest.validateAccordianPageOperations(widgetsPageTest.java:68)
at sun.reflect.NativeMethodAccessorImpl.invoke0(Native Method)
at sun.reflect.NativeMethodAccessorImpl.invoke(NativeMethodAccessorImpl.java:62)
at sun.reflect.DelegatingMethodAccessorImpl.invoke(DelegatingMethodAccessorImpl.java:43)
at java.lang.reflect.Method.invoke(Method.java:498)
at org.testng.internal.MethodInvocationHelper.invokeMethod(MethodInvocationHelper.java:124)
at org.testng.internal.Invoker.invokeMethod(Invoker.java:583)
at org.testng.internal.Invoker.invokeTestMethod(Invoker.java:719)
at org.testng.internal.Invoker.invokeTestMethods(Invoker.java:989)
at org.testng.internal.TestMethodWorker.invokeTestMethods(TestMethodWorker.java:125)
at org.testng.internal.TestMethodWorker.run(TestMethodWorker.java:109)
at org.testng.TestRunner.privateRun(TestRunner.java:648)
at org.testng.TestRunner.run(TestRunner.java:505)
at org.testng.SuiteRunner.runTest(SuiteRunner.java:455)
at org.testng.SuiteRunner.access$000(SuiteRunner.java:40)
at org.testng.SuiteRunner$SuiteWorker.run(SuiteRunner.java:489)
at org.testng.internal.thread.ThreadUtil$1.call(ThreadUtil.java:52)
at java.util.concurrent.FutureTask.run(FutureTask.java:266)
at java.util.concurrent.ThreadPoolExecutor.runWorker(ThreadPoolExecutor.java:1149)
at java.util.concurrent.ThreadPoolExecutor$Worker.run(ThreadPoolExecutor.java:624)
at java.lang.Thread.run(Thread.java:748)
]]>
            </full-stacktrace>
          </exception> <!-- java.lang.NullPointerException -->
          <reporter-output>
          </reporter-output>
        </test-method> <!-- validateAccordianPageOperations -->
        <test-method status="PASS" signature="captureAndReport(org.testng.ITestResult)[pri:0, instance:com.cybage.assignment.test.widgetsPageTest@960b51]" name="captureAndReport" is-config="true" duration-ms="2" started-at="2021-10-06T09:12:09Z" finished-at="2021-10-06T09:12:09Z">
          <params>
            <param index="0">
              <value>
                <![CDATA[[TestResult name=validateAccordianPageOperations status=SKIP method=widgetsPageTest.validateAccordianPageOperations()[pri:0, instance:com.cybage.assignment.test.widgetsPageTest@960b51] output={null}]]]>
              </value>
            </param>
          </params>
          <reporter-output>
          </reporter-output>
        </test-method> <!-- captureAndReport -->
        <test-method status="PASS" signature="waitToLoadElements()[pri:0, instance:com.cybage.assignment.test.widgetsPageTest@960b51]" name="waitToLoadElements" is-config="true" duration-ms="3011" started-at="2021-10-06T09:12:09Z" finished-at="2021-10-06T09:12:12Z">
          <reporter-output>
          </reporter-output>
        </test-method> <!-- waitToLoadElements -->
        <test-method status="SKIP" signature="validateAccordianPageOperations()[pri:0, instance:com.cybage.assignment.test.widgetsPageTest@960b51]" name="validateAccordianPageOperations" duration-ms="14" started-at="2021-10-06T09:12:12Z" depends-on-methods="com.cybage.assignment.test.widgetsPageTest.validatePresenceOfWidgetOptions" finished-at="2021-10-06T09:12:12Z">
          <exception class="java.lang.NullPointerException">
            <full-stacktrace>
              <![CDATA[java.lang.NullPointerException
at com.cybage.assignment.objects.utilities.readWorkbook(utilities.java:70)
at com.cybage.assignment.test.widgetsPageTest.validateAccordianPageOperations(widgetsPageTest.java:68)
at sun.reflect.NativeMethodAccessorImpl.invoke0(Native Method)
at sun.reflect.NativeMethodAccessorImpl.invoke(NativeMethodAccessorImpl.java:62)
at sun.reflect.DelegatingMethodAccessorImpl.invoke(DelegatingMethodAccessorImpl.java:43)
at java.lang.reflect.Method.invoke(Method.java:498)
at org.testng.internal.MethodInvocationHelper.invokeMethod(MethodInvocationHelper.java:124)
at org.testng.internal.Invoker.invokeMethod(Invoker.java:583)
at org.testng.internal.Invoker.retryFailed(Invoker.java:839)
at org.testng.internal.Invoker.invokeTestMethods(Invoker.java:1010)
at org.testng.internal.TestMethodWorker.invokeTestMethods(TestMethodWorker.java:125)
at org.testng.internal.TestMethodWorker.run(TestMethodWorker.java:109)
at org.testng.TestRunner.privateRun(TestRunner.java:648)
at org.testng.TestRunner.run(TestRunner.java:505)
at org.testng.SuiteRunner.runTest(SuiteRunner.java:455)
at org.testng.SuiteRunner.access$000(SuiteRunner.java:40)
at org.testng.SuiteRunner$SuiteWorker.run(SuiteRunner.java:489)
at org.testng.internal.thread.ThreadUtil$1.call(ThreadUtil.java:52)
at java.util.concurrent.FutureTask.run(FutureTask.java:266)
at java.util.concurrent.ThreadPoolExecutor.runWorker(ThreadPoolExecutor.java:1149)
at java.util.concurrent.ThreadPoolExecutor$Worker.run(ThreadPoolExecutor.java:624)
at java.lang.Thread.run(Thread.java:748)
]]>
            </full-stacktrace>
          </exception> <!-- java.lang.NullPointerException -->
          <reporter-output>
          </reporter-output>
        </test-method> <!-- validateAccordianPageOperations -->
        <test-method status="PASS" signature="captureAndReport(org.testng.ITestResult)[pri:0, instance:com.cybage.assignment.test.widgetsPageTest@960b51]" name="captureAndReport" is-config="true" duration-ms="3" started-at="2021-10-06T09:12:12Z" finished-at="2021-10-06T09:12:12Z">
          <params>
            <param index="0">
              <value>
                <![CDATA[[TestResult name=validateAccordianPageOperations status=SKIP method=widgetsPageTest.validateAccordianPageOperations()[pri:0, instance:com.cybage.assignment.test.widgetsPageTest@960b51] output={null}]]]>
              </value>
            </param>
          </params>
          <reporter-output>
          </reporter-output>
        </test-method> <!-- captureAndReport -->
        <test-method status="PASS" signature="waitToLoadElements()[pri:0, instance:com.cybage.assignment.test.widgetsPageTest@960b51]" name="waitToLoadElements" is-config="true" duration-ms="3013" started-at="2021-10-06T09:12:12Z" finished-at="2021-10-06T09:12:15Z">
          <reporter-output>
          </reporter-output>
        </test-method> <!-- waitToLoadElements -->
        <test-method status="SKIP" signature="validateAccordianPageOperations()[pri:0, instance:com.cybage.assignment.test.widgetsPageTest@960b51]" name="validateAccordianPageOperations" duration-ms="50" started-at="2021-10-06T09:12:15Z" depends-on-methods="com.cybage.assignment.test.widgetsPageTest.validatePresenceOfWidgetOptions" finished-at="2021-10-06T09:12:15Z">
          <exception class="java.lang.NullPointerException">
            <full-stacktrace>
              <![CDATA[java.lang.NullPointerException
at com.cybage.assignment.objects.utilities.readWorkbook(utilities.java:70)
at com.cybage.assignment.test.widgetsPageTest.validateAccordianPageOperations(widgetsPageTest.java:68)
at sun.reflect.NativeMethodAccessorImpl.invoke0(Native Method)
at sun.reflect.NativeMethodAccessorImpl.invoke(NativeMethodAccessorImpl.java:62)
at sun.reflect.DelegatingMethodAccessorImpl.invoke(DelegatingMethodAccessorImpl.java:43)
at java.lang.reflect.Method.invoke(Method.java:498)
at org.testng.internal.MethodInvocationHelper.invokeMethod(MethodInvocationHelper.java:124)
at org.testng.internal.Invoker.invokeMethod(Invoker.java:583)
at org.testng.internal.Invoker.retryFailed(Invoker.java:839)
at org.testng.internal.Invoker.invokeTestMethods(Invoker.java:1010)
at org.testng.internal.TestMethodWorker.invokeTestMethods(TestMethodWorker.java:125)
at org.testng.internal.TestMethodWorker.run(TestMethodWorker.java:109)
at org.testng.TestRunner.privateRun(TestRunner.java:648)
at org.testng.TestRunner.run(TestRunner.java:505)
at org.testng.SuiteRunner.runTest(SuiteRunner.java:455)
at org.testng.SuiteRunner.access$000(SuiteRunner.java:40)
at org.testng.SuiteRunner$SuiteWorker.run(SuiteRunner.java:489)
at org.testng.internal.thread.ThreadUtil$1.call(ThreadUtil.java:52)
at java.util.concurrent.FutureTask.run(FutureTask.java:266)
at java.util.concurrent.ThreadPoolExecutor.runWorker(ThreadPoolExecutor.java:1149)
at java.util.concurrent.ThreadPoolExecutor$Worker.run(ThreadPoolExecutor.java:624)
at java.lang.Thread.run(Thread.java:748)
]]>
            </full-stacktrace>
          </exception> <!-- java.lang.NullPointerException -->
          <reporter-output>
          </reporter-output>
        </test-method> <!-- validateAccordianPageOperations -->
        <test-method status="PASS" signature="captureAndReport(org.testng.ITestResult)[pri:0, instance:com.cybage.assignment.test.widgetsPageTest@960b51]" name="captureAndReport" is-config="true" duration-ms="4" started-at="2021-10-06T09:12:15Z" finished-at="2021-10-06T09:12:15Z">
          <params>
            <param index="0">
              <value>
                <![CDATA[[TestResult name=validateAccordianPageOperations status=SKIP method=widgetsPageTest.validateAccordianPageOperations()[pri:0, instance:com.cybage.assignment.test.widgetsPageTest@960b51] output={null}]]]>
              </value>
            </param>
          </params>
          <reporter-output>
          </reporter-output>
        </test-method> <!-- captureAndReport -->
        <test-method status="PASS" signature="waitToLoadElements()[pri:0, instance:com.cybage.assignment.test.widgetsPageTest@960b51]" name="waitToLoadElements" is-config="true" duration-ms="3000" started-at="2021-10-06T09:12:15Z" finished-at="2021-10-06T09:12:18Z">
          <reporter-output>
          </reporter-output>
        </test-method> <!-- waitToLoadElements -->
        <test-method status="FAIL" signature="validateAccordianPageOperations()[pri:0, instance:com.cybage.assignment.test.widgetsPageTest@960b51]" name="validateAccordianPageOperations" duration-ms="11" started-at="2021-10-06T09:12:18Z" depends-on-methods="com.cybage.assignment.test.widgetsPageTest.validatePresenceOfWidgetOptions" finished-at="2021-10-06T09:12:18Z">
          <exception class="java.lang.NullPointerException">
            <full-stacktrace>
              <![CDATA[java.lang.NullPointerException
at com.cybage.assignment.objects.utilities.readWorkbook(utilities.java:70)
at com.cybage.assignment.test.widgetsPageTest.validateAccordianPageOperations(widgetsPageTest.java:68)
at sun.reflect.NativeMethodAccessorImpl.invoke0(Native Method)
at sun.reflect.NativeMethodAccessorImpl.invoke(NativeMethodAccessorImpl.java:62)
at sun.reflect.DelegatingMethodAccessorImpl.invoke(DelegatingMethodAccessorImpl.java:43)
at java.lang.reflect.Method.invoke(Method.java:498)
at org.testng.internal.MethodInvocationHelper.invokeMethod(MethodInvocationHelper.java:124)
at org.testng.internal.Invoker.invokeMethod(Invoker.java:583)
at org.testng.internal.Invoker.retryFailed(Invoker.java:839)
at org.testng.internal.Invoker.invokeTestMethods(Invoker.java:1010)
at org.testng.internal.TestMethodWorker.invokeTestMethods(TestMethodWorker.java:125)
at org.testng.internal.TestMethodWorker.run(TestMethodWorker.java:109)
at org.testng.TestRunner.privateRun(TestRunner.java:648)
at org.testng.TestRunner.run(TestRunner.java:505)
at org.testng.SuiteRunner.runTest(SuiteRunner.java:455)
at org.testng.SuiteRunner.access$000(SuiteRunner.java:40)
at org.testng.SuiteRunner$SuiteWorker.run(SuiteRunner.java:489)
at org.testng.internal.thread.ThreadUtil$1.call(ThreadUtil.java:52)
at java.util.concurrent.FutureTask.run(FutureTask.java:266)
at java.util.concurrent.ThreadPoolExecutor.runWorker(ThreadPoolExecutor.java:1149)
at java.util.concurrent.ThreadPoolExecutor$Worker.run(ThreadPoolExecutor.java:624)
at java.lang.Thread.run(Thread.java:748)
]]>
            </full-stacktrace>
          </exception> <!-- java.lang.NullPointerException -->
          <reporter-output>
          </reporter-output>
        </test-method> <!-- validateAccordianPageOperations -->
        <test-method status="PASS" signature="captureAndReport(org.testng.ITestResult)[pri:0, instance:com.cybage.assignment.test.widgetsPageTest@960b51]" name="captureAndReport" is-config="true" duration-ms="270" started-at="2021-10-06T09:12:18Z" finished-at="2021-10-06T09:12:18Z">
          <params>
            <param index="0">
              <value>
                <![CDATA[[TestResult name=validateAccordianPageOperations status=FAILURE method=widgetsPageTest.validateAccordianPageOperations()[pri:0, instance:com.cybage.assignment.test.widgetsPageTest@960b51] output={null}]]]>
              </value>
            </param>
          </params>
          <reporter-output>
          </reporter-output>
        </test-method> <!-- captureAndReport -->
        <test-method status="PASS" signature="waitToLoadElements()[pri:0, instance:com.cybage.assignment.test.widgetsPageTest@960b51]" name="waitToLoadElements" is-config="true" duration-ms="3010" started-at="2021-10-06T09:12:18Z" finished-at="2021-10-06T09:12:21Z">
          <reporter-output>
          </reporter-output>
        </test-method> <!-- waitToLoadElements -->
        <test-method status="PASS" signature="validateAutoCompleteTextBoxes()[pri:0, instance:com.cybage.assignment.test.widgetsPageTest@960b51]" name="validateAutoCompleteTextBoxes" duration-ms="3912" started-at="2021-10-06T09:12:21Z" depends-on-methods="com.cybage.assignment.test.widgetsPageTest.validatePresenceOfWidgetOptions" finished-at="2021-10-06T09:12:25Z">
          <reporter-output>
          </reporter-output>
        </test-method> <!-- validateAutoCompleteTextBoxes -->
[...]
              </value>
            </param>
          </params>
          <reporter-output>
          </reporter-output>
        </test-method> <!-- captureAndReport -->
        <test-method status="PASS" signature="waitToLoadElements()[pri:0, instance:com.cybage.assignment.test.alertFrameWindowPageTest@5aa6a]" name="waitToLoadElements" is-config="true" duration-ms="3015" started-at="2021-10-06T09:12:25Z" finished-at="2021-10-06T09:12:28Z">
          <reporter-output>
          </reporter-output>
        </test-method> <!-- waitToLoadElements -->
        <test-method status="PASS" signature="validateBrowserWindowOptions()[pri:0, instance:com.cybage.assignment.test.alertFrameWindowPageTest@5aa6a]" name="validateBrowserWindowOptions" duration-ms="4891" started-at="2021-10-06T09:12:28Z" depends-on-methods="com.cybage.assignment.test.alertFrameWindowPageTest.validatePresenceOfAlertFrameWindowOptions" finished-at="2021-10-06T09:12:33Z">
          <reporter-output>
          </reporter-output>
        </test-method> <!-- validateBrowserWindowOptions -->
        <test-method status="PASS" signature="captureAndReport(org.testng.ITestResult)[pri:0, instance:com.cybage.assignment.test.alertFrameWindowPageTest@5aa6a]" name="captureAndReport" is-config="true" duration-ms="3" started-at="2021-10-06T09:12:33Z" finished-at="2021-10-06T09:12:33Z">
          <params>
            <param index="0">
              <value>
                <![CDATA[[TestResult name=validateBrowserWindowOptions status=SUCCESS method=alertFrameWindowPageTest.validateBrowserWindowOptions()[pri:0, instance:com.cybage.assignment.test.alertFrameWindowPageTest@5aa6a] output={null}]]]>
              </value>
            </param>
          </params>
          <reporter-output>
          </reporter-output>
        </test-method> <!-- captureAndReport -->
        <test-method status="PASS" signature="waitToLoadElements()[pri:0, instance:com.cybage.assignment.test.alertFrameWindowPageTest@5aa6a]" name="waitToLoadElements" is-config="true" duration-ms="3006" started-at="2021-10-06T09:12:33Z" finished-at="2021-10-06T09:12:36Z">
          <reporter-output>
          </reporter-output>
        </test-method> <!-- waitToLoadElements -->
        <test-method status="PASS" signature="validateIFrameOperations()[pri:0, instance:com.cybage.assignment.test.alertFrameWindowPageTest@5aa6a]" name="validateIFrameOperations" duration-ms="4437" started-at="2021-10-06T09:12:36Z" depends-on-methods="com.cybage.assignment.test.alertFrameWindowPageTest.validatePresenceOfAlertFrameWindowOptions" finished-at="2021-10-06T09:12:41Z">
          <reporter-output>
          </reporter-output>
        </test-method> <!-- validateIFrameOperations -->
        <test-method status="PASS" signature="captureAndReport(org.testng.ITestResult)[pri:0, instance:com.cybage.assignment.test.alertFrameWindowPageTest@5aa6a]" name="captureAndReport" is-config="true" duration-ms="16" started-at="2021-10-06T09:12:41Z" finished-at="2021-10-06T09:12:41Z">
          <params>
            <param index="0">
              <value>
                <![CDATA[[TestResult name=validateIFrameOperations status=SUCCESS method=alertFrameWindowPageTest.validateIFrameOperations()[pri:0, instance:com.cybage.assignment.test.alertFrameWindowPageTest@5aa6a] output={null}]]]>
              </value>
            </param>
          </params>
          <reporter-output>
          </reporter-output>
        </test-method> <!-- captureAndReport -->
        <test-method status="PASS" signature="waitToLoadElements()[pri:0, instance:com.cybage.assignment.test.alertFrameWindowPageTest@5aa6a]" name="waitToLoadElements" is-config="true" duration-ms="3016" started-at="2021-10-06T09:12:41Z" finished-at="2021-10-06T09:12:44Z">
          <reporter-output>
          </reporter-output>
        </test-method> <!-- waitToLoadElements -->
        <test-method status="PASS" signature="captureAndReport(org.testng.ITestResult)[pri:0, instance:com.cybage.assignment.test.alertFrameWindowPageTest@5aa6a]" name="captureAndReport" is-config="true" duration-ms="15" started-at="2021-10-06T09:12:44Z" finished-at="2021-10-06T09:12:44Z">
          <params>
            <param index="0">
              <value>
                <![CDATA[[TestResult name=validateModalDialogsOperation status=SKIP method=alertFrameWindowPageTest.validateModalDialogsOperation()[pri:0, instance:com.cybage.assignment.test.alertFrameWindowPageTest@5aa6a] output={null}]]]>
              </value>
            </param>
          </params>
          <reporter-output>
          </reporter-output>
        </test-method> <!-- captureAndReport -->
        <test-method status="SKIP" signature="validateModalDialogsOperation()[pri:0, instance:com.cybage.assignment.test.alertFrameWindowPageTest@5aa6a]" name="validateModalDialogsOperation" duration-ms="0" started-at="2021-10-06T09:12:44Z" depends-on-methods="com.cybage.assignment.test.alertFrameWindowPageTest.validatePresenceOfAlertFrameWindowOptions" finished-at="2021-10-06T09:12:44Z">
          <exception class="java.lang.NullPointerException">
            <full-stacktrace>
              <![CDATA[java.lang.NullPointerException
at com.cybage.assignment.objects.utilities.readWorkbook(utilities.java:70)
at com.cybage.assignment.test.alertFrameWindowPageTest.validateModalDialogsOperation(alertFrameWindowPageTest.java:112)
at sun.reflect.NativeMethodAccessorImpl.invoke0(Native Method)
at sun.reflect.NativeMethodAccessorImpl.invoke(NativeMethodAccessorImpl.java:62)
at sun.reflect.DelegatingMethodAccessorImpl.invoke(DelegatingMethodAccessorImpl.java:43)
at java.lang.reflect.Method.invoke(Method.java:498)
at org.testng.internal.MethodInvocationHelper.invokeMethod(MethodInvocationHelper.java:124)
at org.testng.internal.Invoker.invokeMethod(Invoker.java:583)
at org.testng.internal.Invoker.invokeTestMethod(Invoker.java:719)
at org.testng.internal.Invoker.invokeTestMethods(Invoker.java:989)
at org.testng.internal.TestMethodWorker.invokeTestMethods(TestMethodWorker.java:125)
at org.testng.internal.TestMethodWorker.run(TestMethodWorker.java:109)
at org.testng.TestRunner.privateRun(TestRunner.java:648)
at org.testng.TestRunner.run(TestRunner.java:505)
at org.testng.SuiteRunner.runTest(SuiteRunner.java:455)
at org.testng.SuiteRunner.access$000(SuiteRunner.java:40)
at org.testng.SuiteRunner$SuiteWorker.run(SuiteRunner.java:489)
at org.testng.internal.thread.ThreadUtil$1.call(ThreadUtil.java:52)
at java.util.concurrent.FutureTask.run(FutureTask.java:266)
at java.util.concurrent.ThreadPoolExecutor.runWorker(ThreadPoolExecutor.java:1149)
at java.util.concurrent.ThreadPoolExecutor$Worker.run(ThreadPoolExecutor.java:624)
at java.lang.Thread.run(Thread.java:748)
]]>
            </full-stacktrace>
          </exception> <!-- java.lang.NullPointerException -->
          <reporter-output>
          </reporter-output>
        </test-method> <!-- validateModalDialogsOperation -->
        <test-method status="PASS" signature="waitToLoadElements()[pri:0, instance:com.cybage.assignment.test.alertFrameWindowPageTest@5aa6a]" name="waitToLoadElements" is-config="true" duration-ms="3001" started-at="2021-10-06T09:12:44Z" finished-at="2021-10-06T09:12:47Z">
          <reporter-output>
          </reporter-output>
        </test-method> <!-- waitToLoadElements -->
        <test-method status="PASS" signature="captureAndReport(org.testng.ITestResult)[pri:0, instance:com.cybage.assignment.test.alertFrameWindowPageTest@5aa6a]" name="captureAndReport" is-config="true" duration-ms="15" started-at="2021-10-06T09:12:47Z" finished-at="2021-10-06T09:12:47Z">
          <params>
            <param index="0">
              <value>
                <![CDATA[[TestResult name=validateModalDialogsOperation status=SKIP method=alertFrameWindowPageTest.validateModalDialogsOperation()[pri:0, instance:com.cybage.assignment.test.alertFrameWindowPageTest@5aa6a] output={null}]]]>
              </value>
            </param>
          </params>
          <reporter-output>
          </reporter-output>
        </test-method> <!-- captureAndReport -->
        <test-method status="SKIP" signature="validateModalDialogsOperation()[pri:0, instance:com.cybage.assignment.test.alertFrameWindowPageTest@5aa6a]" name="validateModalDialogsOperation" duration-ms="0" started-at="2021-10-06T09:12:47Z" depends-on-methods="com.cybage.assignment.test.alertFrameWindowPageTest.validatePresenceOfAlertFrameWindowOptions" finished-at="2021-10-06T09:12:47Z">
          <exception class="java.lang.NullPointerException">
            <full-stacktrace>
              <![CDATA[java.lang.NullPointerException
at com.cybage.assignment.objects.utilities.readWorkbook(utilities.java:70)
at com.cybage.assignment.test.alertFrameWindowPageTest.validateModalDialogsOperation(alertFrameWindowPageTest.java:112)
at sun.reflect.NativeMethodAccessorImpl.invoke0(Native Method)
at sun.reflect.NativeMethodAccessorImpl.invoke(NativeMethodAccessorImpl.java:62)
at sun.reflect.DelegatingMethodAccessorImpl.invoke(DelegatingMethodAccessorImpl.java:43)
at java.lang.reflect.Method.invoke(Method.java:498)
at org.testng.internal.MethodInvocationHelper.invokeMethod(MethodInvocationHelper.java:124)
at org.testng.internal.Invoker.invokeMethod(Invoker.java:583)
at org.testng.internal.Invoker.retryFailed(Invoker.java:839)
at org.testng.internal.Invoker.invokeTestMethods(Invoker.java:1010)
at org.testng.internal.TestMethodWorker.invokeTestMethods(TestMethodWorker.java:125)
at org.testng.internal.TestMethodWorker.run(TestMethodWorker.java:109)
at org.testng.TestRunner.privateRun(TestRunner.java:648)
at org.testng.TestRunner.run(TestRunner.java:505)
at org.testng.SuiteRunner.runTest(SuiteRunner.java:455)
at org.testng.SuiteRunner.access$000(SuiteRunner.java:40)
at org.testng.SuiteRunner$SuiteWorker.run(SuiteRunner.java:489)
at org.testng.internal.thread.ThreadUtil$1.call(ThreadUtil.java:52)
at java.util.concurrent.FutureTask.run(FutureTask.java:266)
at java.util.concurrent.ThreadPoolExecutor.runWorker(ThreadPoolExecutor.java:1149)
at java.util.concurrent.ThreadPoolExecutor$Worker.run(ThreadPoolExecutor.java:624)
at java.lang.Thread.run(Thread.java:748)
]]>
            </full-stacktrace>
          </exception> <!-- java.lang.NullPointerException -->
          <reporter-output>
          </reporter-output>
        </test-method> <!-- validateModalDialogsOperation -->
        <test-method status="PASS" signature="waitToLoadElements()[pri:0, instance:com.cybage.assignment.test.alertFrameWindowPageTest@5aa6a]" name="waitToLoadElements" is-config="true" duration-ms="3001" started-at="2021-10-06T09:12:47Z" finished-at="2021-10-06T09:12:50Z">
          <reporter-output>
          </reporter-output>
        </test-method> <!-- waitToLoadElements -->
        <test-method status="PASS" signature="waitToLoadElements()[pri:0, instance:com.cybage.assignment.test.alertFrameWindowPageTest@5aa6a]" name="waitToLoadElements" is-config="true" duration-ms="3028" started-at="2021-10-06T09:12:50Z" finished-at="2021-10-06T09:12:53Z">
          <reporter-output>
          </reporter-output>
        </test-method> <!-- waitToLoadElements -->
        <test-method status="PASS" signature="captureAndReport(org.testng.ITestResult)[pri:0, instance:com.cybage.assignment.test.alertFrameWindowPageTest@5aa6a]" name="captureAndReport" is-config="true" duration-ms="0" started-at="2021-10-06T09:12:50Z" finished-at="2021-10-06T09:12:50Z">
          <params>
            <param index="0">
              <value>
                <![CDATA[[TestResult name=validateModalDialogsOperation status=SKIP method=alertFrameWindowPageTest.validateModalDialogsOperation()[pri:0, instance:com.cybage.assignment.test.alertFrameWindowPageTest@5aa6a] output={null}]]]>
              </value>
            </param>
          </params>
          <reporter-output>
          </reporter-output>
        </test-method> <!-- captureAndReport -->
        <test-method status="SKIP" signature="validateModalDialogsOperation()[pri:0, instance:com.cybage.assignment.test.alertFrameWindowPageTest@5aa6a]" name="validateModalDialogsOperation" duration-ms="0" started-at="2021-10-06T09:12:50Z" depends-on-methods="com.cybage.assignment.test.alertFrameWindowPageTest.validatePresenceOfAlertFrameWindowOptions" finished-at="2021-10-06T09:12:50Z">
          <exception class="java.lang.NullPointerException">
            <full-stacktrace>
              <![CDATA[java.lang.NullPointerException
at com.cybage.assignment.objects.utilities.readWorkbook(utilities.java:70)
at com.cybage.assignment.test.alertFrameWindowPageTest.validateModalDialogsOperation(alertFrameWindowPageTest.java:112)
at sun.reflect.NativeMethodAccessorImpl.invoke0(Native Method)
at sun.reflect.NativeMethodAccessorImpl.invoke(NativeMethodAccessorImpl.java:62)
at sun.reflect.DelegatingMethodAccessorImpl.invoke(DelegatingMethodAccessorImpl.java:43)
at java.lang.reflect.Method.invoke(Method.java:498)
at org.testng.internal.MethodInvocationHelper.invokeMethod(MethodInvocationHelper.java:124)
at org.testng.internal.Invoker.invokeMethod(Invoker.java:583)
at org.testng.internal.Invoker.retryFailed(Invoker.java:839)
at org.testng.internal.Invoker.invokeTestMethods(Invoker.java:1010)
at org.testng.internal.TestMethodWorker.invokeTestMethods(TestMethodWorker.java:125)
at org.testng.internal.TestMethodWorker.run(TestMethodWorker.java:109)
at org.testng.TestRunner.privateRun(TestRunner.java:648)
at org.testng.TestRunner.run(TestRunner.java:505)
at org.testng.SuiteRunner.runTest(SuiteRunner.java:455)
at org.testng.SuiteRunner.access$000(SuiteRunner.java:40)
at org.testng.SuiteRunner$SuiteWorker.run(SuiteRunner.java:489)
at org.testng.internal.thread.ThreadUtil$1.call(ThreadUtil.java:52)
at java.util.concurrent.FutureTask.run(FutureTask.java:266)
at java.util.concurrent.ThreadPoolExecutor.runWorker(ThreadPoolExecutor.java:1149)
at java.util.concurrent.ThreadPoolExecutor$Worker.run(ThreadPoolExecutor.java:624)
at java.lang.Thread.run(Thread.java:748)
]]>
            </full-stacktrace>
          </exception> <!-- java.lang.NullPointerException -->
          <reporter-output>
          </reporter-output>
        </test-method> <!-- validateModalDialogsOperation -->
        <test-method status="PASS" signature="captureAndReport(org.testng.ITestResult)[pri:0, instance:com.cybage.assignment.test.alertFrameWindowPageTest@5aa6a]" name="captureAndReport" is-config="true" duration-ms="641" started-at="2021-10-06T09:12:53Z" finished-at="2021-10-06T09:12:53Z">
          <params>
            <param index="0">
              <value>
                <![CDATA[[TestResult name=validateModalDialogsOperation status=FAILURE method=alertFrameWindowPageTest.validateModalDialogsOperation()[pri:0, instance:com.cybage.assignment.test.alertFrameWindowPageTest@5aa6a] output={null}]]]>
              </value>
            </param>
          </params>
          <reporter-output>
          </reporter-output>
        </test-method> <!-- captureAndReport -->
        <test-method status="FAIL" signature="validateModalDialogsOperation()[pri:0, instance:com.cybage.assignment.test.alertFrameWindowPageTest@5aa6a]" name="validateModalDialogsOperation" duration-ms="0" started-at="2021-10-06T09:12:53Z" depends-on-methods="com.cybage.assignment.test.alertFrameWindowPageTest.validatePresenceOfAlertFrameWindowOptions" finished-at="2021-10-06T09:12:53Z">
          <exception class="java.lang.NullPointerException">
            <full-stacktrace>
              <![CDATA[java.lang.NullPointerException
at com.cybage.assignment.objects.utilities.readWorkbook(utilities.java:70)
at com.cybage.assignment.test.alertFrameWindowPageTest.validateModalDialogsOperation(alertFrameWindowPageTest.java:112)
at sun.reflect.NativeMethodAccessorImpl.invoke0(Native Method)
at sun.reflect.NativeMethodAccessorImpl.invoke(NativeMethodAccessorImpl.java:62)
at sun.reflect.DelegatingMethodAccessorImpl.invoke(DelegatingMethodAccessorImpl.java:43)
at java.lang.reflect.Method.invoke(Method.java:498)
at org.testng.internal.MethodInvocationHelper.invokeMethod(MethodInvocationHelper.java:124)
at org.testng.internal.Invoker.invokeMethod(Invoker.java:583)
at org.testng.internal.Invoker.retryFailed(Invoker.java:839)
at org.testng.internal.Invoker.invokeTestMethods(Invoker.java:1010)
at org.testng.internal.TestMethodWorker.invokeTestMethods(TestMethodWorker.java:125)
at org.testng.internal.TestMethodWorker.run(TestMethodWorker.java:109)
at org.testng.TestRunner.privateRun(TestRunner.java:648)
at org.testng.TestRunner.run(TestRunner.java:505)
at org.testng.SuiteRunner.runTest(SuiteRunner.java:455)
at org.testng.SuiteRunner.access$000(SuiteRunner.java:40)
at org.testng.SuiteRunner$SuiteWorker.run(SuiteRunner.java:489)
at org.testng.internal.thread.ThreadUtil$1.call(ThreadUtil.java:52)
at java.util.concurrent.FutureTask.run(FutureTask.java:266)
at java.util.concurrent.ThreadPoolExecutor.runWorker(ThreadPoolExecutor.java:1149)
at java.util.concurrent.ThreadPoolExecutor$Worker.run(ThreadPoolExecutor.java:624)
at java.lang.Thread.run(Thread.java:748)
]]>
            </full-stacktrace>
          </exception> <!-- java.lang.NullPointerException -->
          <reporter-output>
          </reporter-output>
        </test-method> <!-- validateModalDialogsOperation -->
        <test-method status="PASS" signature="waitToLoadElements()[pri:0, instance:com.cybage.assignment.test.alertFrameWindowPageTest@5aa6a]" name="waitToLoadElements" is-config="true" duration-ms="3016" started-at="2021-10-06T09:12:53Z" finished-at="2021-10-06T09:12:56Z">
          <reporter-output>
          </reporter-output>
        </test-method> <!-- waitToLoadElements -->
        <test-method status="PASS" signature="validateNestedFramesOperation()[pri:0, instance:com.cybage.assignment.test.alertFrameWindowPageTest@5aa6a]" name="validateNestedFramesOperation" duration-ms="495" started-at="2021-10-06T09:12:56Z" depends-on-methods="com.cybage.assignment.test.alertFrameWindowPageTest.validatePresenceOfAlertFrameWindowOptions" finished-at="2021-10-06T09:12:57Z">
          <reporter-output>
          </reporter-output>
        </test-method> <!-- validateNestedFramesOperation -->
        <test-method status="PASS" signature="captureAndReport(org.testng.ITestResult)[pri:0, instance:com.cybage.assignment.test.alertFrameWindowPageTest@5aa6a]" name="captureAndReport" is-config="true" duration-ms="0" started-at="2021-10-06T09:12:57Z" finished-at="2021-10-06T09:12:57Z">
          <params>
            <param index="0">
              <value>
                <![CDATA[[TestResult name=validateNestedFramesOperation status=SUCCESS method=alertFrameWindowPageTest.validateNestedFramesOperation()[pri:0, instance:com.cybage.assignment.test.alertFrameWindowPageTest@5aa6a] output={null}]]]>
              </value>
            </param>
          </params>
          <reporter-output>
          </reporter-output>
        </test-method> <!-- captureAndReport -->
        <test-method status="PASS" signature="testCleanUp()[pri:0, instance:com.cybage.assignment.test.alertFrameWindowPageTest@5aa6a]" name="testCleanUp" is-config="true" duration-ms="903" started-at="2021-10-06T09:12:57Z" finished-at="2021-10-06T09:12:58Z">
          <reporter-output>
          </reporter-output>
        </test-method> <!-- testCleanUp -->
        <test-method status="PASS" signature="releaseDriver()[pri:0, instance:com.cybage.assignment.test.alertFrameWindowPageTest@5aa6a]" name="releaseDriver" is-config="true" duration-ms="0" started-at="2021-10-06T09:12:58Z" finished-at="2021-10-06T09:12:58Z">
          <reporter-output>
          </reporter-output>
        </test-method> <!-- releaseDriver -->
      </class> <!-- com.cybage.assignment.test.alertFrameWindowPageTest -->
    </test> <!-- toolsqaWindowTest -->
  </suite> <!-- DemoQATest -->
</testng-results>
