<?xml version="1.0" encoding="UTF-8"?>
<!-- Generated by org.testng.reporters.JUnitXMLReporter -->
<testsuite hostname="sachintaw-w10" ignored="0" name="toolsqaFormTest" tests="3" failures="0" timestamp="01 Oct 2021 05:02:02 GMT" time="36.936" errors="0">
  <testcase name="validatePracticeFormOption" time="2.26" classname="com.cybage.assignment.test.toolsqaFormPageTest"/>
  <testcase name="validateFormFilling" time="4.815" classname="com.cybage.assignment.test.toolsqaFormPageTest"/>
  <testcase name="validateFormAfterSubmit" time="0.4" classname="com.cybage.assignment.test.toolsqaFormPageTest"/>
</testsuite> <!-- toolsqaFormTest -->
