<?xml version="1.0" encoding="UTF-8"?>
<!-- Generated by org.testng.reporters.JUnitXMLReporter -->
<testsuite hostname="sachintaw-w10" ignored="0" name="toolsqaHomeTest" tests="9" failures="0" timestamp="12 Oct 2021 10:07:32 GMT" time="16.5" errors="0">
  <testcase name="validateIfAlertTabPresent" time="0.067" classname="com.cybage.assignment.test.toolsqaHomePageTest"/>
  <testcase name="validateIfBookStoreTabPresent" time="0.09" classname="com.cybage.assignment.test.toolsqaHomePageTest"/>
  <testcase name="validateIfElementsTabPresent" time="0.106" classname="com.cybage.assignment.test.toolsqaHomePageTest"/>
  <testcase name="validateIfFormsTabPresent" time="0.149" classname="com.cybage.assignment.test.toolsqaHomePageTest"/>
  <testcase name="validateIfInteractionsTabPresent" time="0.05" classname="com.cybage.assignment.test.toolsqaHomePageTest"/>
  <testcase name="validateIfLogoPresent" time="0.053" classname="com.cybage.assignment.test.toolsqaHomePageTest"/>
  <testcase name="validateIfWidgetTabPresent" time="0.035" classname="com.cybage.assignment.test.toolsqaHomePageTest"/>
  <testcase name="validatePageBanner" time="0.066" classname="com.cybage.assignment.test.toolsqaHomePageTest"/>
  <testcase name="validatePageTitle" time="0.004" classname="com.cybage.assignment.test.toolsqaHomePageTest"/>
</testsuite> <!-- toolsqaHomeTest -->
