<?xml version="1.0" encoding="UTF-8"?>
<!-- Generated by org.testng.reporters.JUnitXMLReporter -->
<testsuite hostname="sachintaw-w10" ignored="0" name="toolsqaWindowTest" tests="6" failures="0" timestamp="01 Oct 2021 05:02:32 GMT" time="66.608" errors="0">
  <testcase name="validatePresenceOfAlertFrameWindowOptions" time="0.622" classname="com.cybage.assignment.test.alertFrameWindowPageTest"/>
  <testcase name="validateAlertsOption" time="19.434" classname="com.cybage.assignment.test.alertFrameWindowPageTest"/>
  <testcase name="validateBrowserWindowOptions" time="4.815" classname="com.cybage.assignment.test.alertFrameWindowPageTest"/>
  <testcase name="validateIFrameOperations" time="4.434" classname="com.cybage.assignment.test.alertFrameWindowPageTest"/>
  <testcase name="validateModalDialogsOperation" time="0.675" classname="com.cybage.assignment.test.alertFrameWindowPageTest"/>
  <testcase name="validateNestedFramesOperation" time="0.382" classname="com.cybage.assignment.test.alertFrameWindowPageTest"/>
</testsuite> <!-- toolsqaWindowTest -->
