<?xml version="1.0" encoding="UTF-8"?>
<!-- Generated by org.testng.reporters.JUnitXMLReporter -->
<testsuite hostname="sachintaw-w10" ignored="0" name="toolsqaElementTest" tests="10" failures="0" timestamp="06 Oct 2021 09:11:47 GMT" time="0.031" errors="0">
  <testcase name="@BeforeClass testSetUp" time="0.0" classname="com.cybage.assignment.test.toolsqaElementPageTest">
    <failure type="java.lang.NullPointerException" message="key can&amp;apos;t be null">
      <![CDATA[java.lang.NullPointerException: key can't be null
at java.lang.System.checkKey(System.java:838)
at java.lang.System.setProperty(System.java:789)
at com.cybage.assignment.objects.toolsqaBase.initialize(toolsqaBase.java:37)
at com.cybage.assignment.test.toolsqaElementPageTest.testSetUp(toolsqaElementPageTest.java:33)
at java.util.concurrent.FutureTask.run(FutureTask.java:266)
at java.util.concurrent.ThreadPoolExecutor.runWorker(ThreadPoolExecutor.java:1149)
at java.util.concurrent.ThreadPoolExecutor$Worker.run(ThreadPoolExecutor.java:624)
at java.lang.Thread.run(Thread.java:748)
... Removed 17 stack frames]]>
    </failure>
  </testcase> <!-- @BeforeClass testSetUp -->
  <testcase name="@BeforeMethod waitToLoadElements" time="0.0" classname="com.cybage.assignment.test.toolsqaElementPageTest">
    <skipped/>
  </testcase> <!-- @BeforeMethod waitToLoadElements -->
  <testcase name="@AfterMethod captureAndReport" time="0.0" classname="com.cybage.assignment.test.toolsqaElementPageTest">
    <skipped/>
  </testcase> <!-- @AfterMethod captureAndReport -->
  <testcase name="@AfterClass testCleanUp" time="0.0" classname="com.cybage.assignment.test.toolsqaElementPageTest">
    <skipped/>
  </testcase> <!-- @AfterClass testCleanUp -->
  <testcase name="@AfterTest releaseDriver" time="0.0" classname="com.cybage.assignment.test.toolsqaElementPageTest">
    <skipped/>
  </testcase> <!-- @AfterTest releaseDriver -->
  <testcase name="validateElementScreen" time="0.0" classname="com.cybage.assignment.test.toolsqaElementPageTest">
    <skipped/>
  </testcase> <!-- validateElementScreen -->
  <testcase name="validateBrokenLinkImagesOperations" time="0.0" classname="com.cybage.assignment.test.toolsqaElementPageTest">
    <skipped/>
  </testcase> <!-- validateBrokenLinkImagesOperations -->
  <testcase name="validateButtonsOperations" time="0.0" classname="com.cybage.assignment.test.toolsqaElementPageTest">
    <skipped/>
  </testcase> <!-- validateButtonsOperations -->
  <testcase name="validateCheckBoxOperation" time="0.0" classname="com.cybage.assignment.test.toolsqaElementPageTest">
    <skipped/>
  </testcase> <!-- validateCheckBoxOperation -->
  <testcase name="validateDynamicButtonsOperations" time="0.0" classname="com.cybage.assignment.test.toolsqaElementPageTest">
    <skipped/>
  </testcase> <!-- validateDynamicButtonsOperations -->
  <testcase name="validateLinksOperations" time="0.0" classname="com.cybage.assignment.test.toolsqaElementPageTest">
    <skipped/>
  </testcase> <!-- validateLinksOperations -->
  <testcase name="validateRadioButtonOperations" time="0.0" classname="com.cybage.assignment.test.toolsqaElementPageTest">
    <skipped/>
  </testcase> <!-- validateRadioButtonOperations -->
  <testcase name="validateTextBoxOnSubmission" time="0.0" classname="com.cybage.assignment.test.toolsqaElementPageTest">
    <skipped/>
  </testcase> <!-- validateTextBoxOnSubmission -->
  <testcase name="validateUploadDownloadOperations" time="0.0" classname="com.cybage.assignment.test.toolsqaElementPageTest">
    <skipped/>
  </testcase> <!-- validateUploadDownloadOperations -->
  <testcase name="validateWebTablesOperations" time="0.0" classname="com.cybage.assignment.test.toolsqaElementPageTest">
    <skipped/>
  </testcase> <!-- validateWebTablesOperations -->
</testsuite> <!-- toolsqaElementTest -->
