<?xml version="1.0" encoding="UTF-8"?>
<!-- Generated by org.testng.reporters.JUnitXMLReporter -->
<testsuite hostname="sachintaw-w10" ignored="0" name="toolsqaFormTest" tests="3" failures="0" timestamp="06 Oct 2021 09:12:20 GMT" time="32.385" errors="0">
  <testcase name="validatePracticeFormOption" time="0.381" classname="com.cybage.assignment.test.toolsqaFormPageTest"/>
  <testcase name="validateFormFilling" time="4.504" classname="com.cybage.assignment.test.toolsqaFormPageTest"/>
  <testcase name="validateFormAfterSubmit" time="0.428" classname="com.cybage.assignment.test.toolsqaFormPageTest"/>
</testsuite> <!-- toolsqaFormTest -->
