<?xml version="1.0" encoding="UTF-8"?>
<!-- Generated by org.testng.reporters.JUnitXMLReporter -->
<testsuite hostname="sachintaw-w10" ignored="0" name="toolsqaWidgetTest" tests="7" failures="1" timestamp="12 Oct 2021 10:08:02 GMT" time="47.281" errors="0">
  <testcase name="validatePresenceOfWidgetOptions" time="0.484" classname="com.cybage.assignment.test.widgetsPageTest"/>
  <testcase name="validateAccordianPageOperations" time="2.98" classname="com.cybage.assignment.test.widgetsPageTest">
    <skipped/>
  </testcase> <!-- validateAccordianPageOperations -->
  <testcase name="validateAccordianPageOperations" time="0.016" classname="com.cybage.assignment.test.widgetsPageTest">
    <skipped/>
  </testcase> <!-- validateAccordianPageOperations -->
  <testcase name="validateAccordianPageOperations" time="0.023" classname="com.cybage.assignment.test.widgetsPageTest">
    <skipped/>
  </testcase> <!-- validateAccordianPageOperations -->
  <testcase name="validateAccordianPageOperations" time="0.015" classname="com.cybage.assignment.test.widgetsPageTest">
    <failure type="java.lang.NullPointerException">
      <![CDATA[java.lang.NullPointerException
at com.cybage.assignment.objects.utilities.readWorkbook(utilities.java:72)
at com.cybage.assignment.test.widgetsPageTest.validateAccordianPageOperations(widgetsPageTest.java:68)
at java.util.concurrent.FutureTask.run(FutureTask.java:266)
at java.util.concurrent.ThreadPoolExecutor.runWorker(ThreadPoolExecutor.java:1149)
at java.util.concurrent.ThreadPoolExecutor$Worker.run(ThreadPoolExecutor.java:624)
at java.lang.Thread.run(Thread.java:748)
... Removed 16 stack frames]]>
    </failure>
  </testcase> <!-- validateAccordianPageOperations -->
  <testcase name="validateAutoCompleteTextBoxes" time="3.951" classname="com.cybage.assignment.test.widgetsPageTest"/>
  <testcase name="validateDatePickerOperation" time="4.928" classname="com.cybage.assignment.test.widgetsPageTest"/>
</testsuite> <!-- toolsqaWidgetTest -->
