<?xml version="1.0" encoding="UTF-8"?>
<!-- Generated by org.testng.reporters.JUnitXMLReporter -->
<testsuite hostname="sachintaw-w10" ignored="0" name="toolsqaWindowTest" tests="6" failures="0" timestamp="04 Oct 2021 05:18:09 GMT" time="61.22" errors="0">
  <testcase name="validatePresenceOfAlertFrameWindowOptions" time="0.231" classname="com.cybage.assignment.test.alertFrameWindowPageTest"/>
  <testcase name="validateAlertsOption" time="18.266" classname="com.cybage.assignment.test.alertFrameWindowPageTest"/>
  <testcase name="validateBrowserWindowOptions" time="4.94" classname="com.cybage.assignment.test.alertFrameWindowPageTest"/>
  <testcase name="validateIFrameOperations" time="4.531" classname="com.cybage.assignment.test.alertFrameWindowPageTest"/>
  <testcase name="validateModalDialogsOperation" time="0.835" classname="com.cybage.assignment.test.alertFrameWindowPageTest"/>
  <testcase name="validateNestedFramesOperation" time="0.5" classname="com.cybage.assignment.test.alertFrameWindowPageTest"/>
</testsuite> <!-- toolsqaWindowTest -->
