<?xml version="1.0" encoding="UTF-8"?>
<!-- Generated by org.testng.reporters.JUnitXMLReporter -->
<testsuite hostname="sachintaw-w10" ignored="0" name="toolsqaWidgetTest" tests="4" failures="0" timestamp="04 Oct 2021 05:17:53 GMT" time="44.735" errors="0">
  <testcase name="validatePresenceOfWidgetOptions" time="0.431" classname="com.cybage.assignment.test.widgetsPageTest"/>
  <testcase name="validateAccordianPageOperations" time="4.243" classname="com.cybage.assignment.test.widgetsPageTest"/>
  <testcase name="validateAutoCompleteTextBoxes" time="4.197" classname="com.cybage.assignment.test.widgetsPageTest"/>
  <testcase name="validateDatePickerOperation" time="6.002" classname="com.cybage.assignment.test.widgetsPageTest"/>
</testsuite> <!-- toolsqaWidgetTest -->
