<?xml version="1.0" encoding="UTF-8"?>
<!-- Generated by org.testng.reporters.JUnitXMLReporter -->
<testsuite hostname="sachintaw-w10" ignored="0" name="toolsqaHomeTest" tests="9" failures="0" timestamp="06 Oct 2021 09:11:47 GMT" time="0.031" errors="0">
  <testcase name="@BeforeClass testSetUp" time="0.0" classname="com.cybage.assignment.test.toolsqaHomePageTest">
    <failure type="java.lang.NullPointerException" message="key can&amp;apos;t be null">
      <![CDATA[java.lang.NullPointerException: key can't be null
at java.lang.System.checkKey(System.java:838)
at java.lang.System.setProperty(System.java:789)
at com.cybage.assignment.objects.toolsqaBase.initialize(toolsqaBase.java:37)
at com.cybage.assignment.test.toolsqaHomePageTest.testSetUp(toolsqaHomePageTest.java:26)
at java.util.concurrent.FutureTask.run(FutureTask.java:266)
at java.util.concurrent.ThreadPoolExecutor.runWorker(ThreadPoolExecutor.java:1149)
at java.util.concurrent.ThreadPoolExecutor$Worker.run(ThreadPoolExecutor.java:624)
at java.lang.Thread.run(Thread.java:748)
... Removed 17 stack frames]]>
    </failure>
  </testcase> <!-- @BeforeClass testSetUp -->
  <testcase name="@BeforeClass testSetUp" time="0.0" classname="com.cybage.assignment.test.toolsqaElementPageTest">
    <failure type="java.lang.NullPointerException" message="key can&amp;apos;t be null">
      <![CDATA[java.lang.NullPointerException: key can't be null
at java.lang.System.checkKey(System.java:838)
at java.lang.System.setProperty(System.java:789)
at com.cybage.assignment.objects.toolsqaBase.initialize(toolsqaBase.java:37)
at com.cybage.assignment.test.toolsqaElementPageTest.testSetUp(toolsqaElementPageTest.java:33)
at java.util.concurrent.FutureTask.run(FutureTask.java:266)
at java.util.concurrent.ThreadPoolExecutor.runWorker(ThreadPoolExecutor.java:1149)
at java.util.concurrent.ThreadPoolExecutor$Worker.run(ThreadPoolExecutor.java:624)
at java.lang.Thread.run(Thread.java:748)
... Removed 17 stack frames]]>
    </failure>
  </testcase> <!-- @BeforeClass testSetUp -->
  <testcase name="@BeforeMethod waitToLoadElements" time="0.0" classname="com.cybage.assignment.test.toolsqaHomePageTest">
    <skipped/>
  </testcase> <!-- @BeforeMethod waitToLoadElements -->
  <testcase name="@BeforeMethod waitToLoadElements" time="0.0" classname="com.cybage.assignment.test.toolsqaElementPageTest">
    <skipped/>
  </testcase> <!-- @BeforeMethod waitToLoadElements -->
  <testcase name="@AfterMethod captureAndReport" time="0.0" classname="com.cybage.assignment.test.toolsqaHomePageTest">
    <skipped/>
  </testcase> <!-- @AfterMethod captureAndReport -->
  <testcase name="@AfterMethod captureAndReport" time="0.0" classname="com.cybage.assignment.test.toolsqaElementPageTest">
    <skipped/>
  </testcase> <!-- @AfterMethod captureAndReport -->
  <testcase name="@BeforeMethod waitToLoadElements" time="0.0" classname="com.cybage.assignment.test.toolsqaHomePageTest">
    <skipped/>
  </testcase> <!-- @BeforeMethod waitToLoadElements -->
  <testcase name="@AfterMethod captureAndReport" time="0.0" classname="com.cybage.assignment.test.toolsqaHomePageTest">
    <skipped/>
  </testcase> <!-- @AfterMethod captureAndReport -->
  <testcase name="@BeforeMethod waitToLoadElements" time="0.0" classname="com.cybage.assignment.test.toolsqaHomePageTest">
    <skipped/>
  </testcase> <!-- @BeforeMethod waitToLoadElements -->
  <testcase name="@AfterMethod captureAndReport" time="0.0" classname="com.cybage.assignment.test.toolsqaHomePageTest">
    <skipped/>
  </testcase> <!-- @AfterMethod captureAndReport -->
  <testcase name="@BeforeMethod waitToLoadElements" time="0.0" classname="com.cybage.assignment.test.toolsqaHomePageTest">
    <skipped/>
  </testcase> <!-- @BeforeMethod waitToLoadElements -->
  <testcase name="@AfterMethod captureAndReport" time="0.0" classname="com.cybage.assignment.test.toolsqaHomePageTest">
    <skipped/>
  </testcase> <!-- @AfterMethod captureAndReport -->
  <testcase name="@BeforeMethod waitToLoadElements" time="0.0" classname="com.cybage.assignment.test.toolsqaHomePageTest">
    <skipped/>
  </testcase> <!-- @BeforeMethod waitToLoadElements -->
  <testcase name="@AfterMethod captureAndReport" time="0.0" classname="com.cybage.assignment.test.toolsqaHomePageTest">
    <skipped/>
  </testcase> <!-- @AfterMethod captureAndReport -->
  <testcase name="@BeforeMethod waitToLoadElements" time="0.0" classname="com.cybage.assignment.test.toolsqaHomePageTest">
    <skipped/>
  </testcase> <!-- @BeforeMethod waitToLoadElements -->
  <testcase name="@AfterMethod captureAndReport" time="0.0" classname="com.cybage.assignment.test.toolsqaHomePageTest">
    <skipped/>
  </testcase> <!-- @AfterMethod captureAndReport -->
  <testcase name="@BeforeMethod waitToLoadElements" time="0.0" classname="com.cybage.assignment.test.toolsqaHomePageTest">
    <skipped/>
  </testcase> <!-- @BeforeMethod waitToLoadElements -->
  <testcase name="@AfterMethod captureAndReport" time="0.0" classname="com.cybage.assignment.test.toolsqaHomePageTest">
    <skipped/>
  </testcase> <!-- @AfterMethod captureAndReport -->
  <testcase name="@BeforeMethod waitToLoadElements" time="0.0" classname="com.cybage.assignment.test.toolsqaHomePageTest">
    <skipped/>
  </testcase> <!-- @BeforeMethod waitToLoadElements -->
  <testcase name="@AfterMethod captureAndReport" time="0.0" classname="com.cybage.assignment.test.toolsqaHomePageTest">
    <skipped/>
  </testcase> <!-- @AfterMethod captureAndReport -->
  <testcase name="@BeforeMethod waitToLoadElements" time="0.0" classname="com.cybage.assignment.test.toolsqaHomePageTest">
    <skipped/>
  </testcase> <!-- @BeforeMethod waitToLoadElements -->
  <testcase name="@AfterClass testCleanUp" time="0.0" classname="com.cybage.assignment.test.toolsqaElementPageTest">
    <skipped/>
  </testcase> <!-- @AfterClass testCleanUp -->
  <testcase name="@AfterMethod captureAndReport" time="0.0" classname="com.cybage.assignment.test.toolsqaHomePageTest">
    <skipped/>
  </testcase> <!-- @AfterMethod captureAndReport -->
  <testcase name="@AfterClass testCleanUp" time="0.0" classname="com.cybage.assignment.test.toolsqaHomePageTest">
    <skipped/>
  </testcase> <!-- @AfterClass testCleanUp -->
  <testcase name="@AfterTest releaseDriver" time="0.0" classname="com.cybage.assignment.test.toolsqaElementPageTest">
    <skipped/>
  </testcase> <!-- @AfterTest releaseDriver -->
  <testcase name="@AfterTest releaseDriver" time="0.0" classname="com.cybage.assignment.test.toolsqaHomePageTest">
    <skipped/>
  </testcase> <!-- @AfterTest releaseDriver -->
  <testcase name="validateIfAlertTabPresent" time="0.0" classname="com.cybage.assignment.test.toolsqaHomePageTest">
    <skipped/>
  </testcase> <!-- validateIfAlertTabPresent -->
  <testcase name="validateIfBookStoreTabPresent" time="0.0" classname="com.cybage.assignment.test.toolsqaHomePageTest">
    <skipped/>
  </testcase> <!-- validateIfBookStoreTabPresent -->
  <testcase name="validateIfElementsTabPresent" time="0.0" classname="com.cybage.assignment.test.toolsqaHomePageTest">
    <skipped/>
  </testcase> <!-- validateIfElementsTabPresent -->
  <testcase name="validateIfFormsTabPresent" time="0.0" classname="com.cybage.assignment.test.toolsqaHomePageTest">
    <skipped/>
  </testcase> <!-- validateIfFormsTabPresent -->
  <testcase name="validateIfInteractionsTabPresent" time="0.0" classname="com.cybage.assignment.test.toolsqaHomePageTest">
    <skipped/>
  </testcase> <!-- validateIfInteractionsTabPresent -->
  <testcase name="validateIfLogoPresent" time="0.0" classname="com.cybage.assignment.test.toolsqaHomePageTest">
    <skipped/>
  </testcase> <!-- validateIfLogoPresent -->
  <testcase name="validateIfWidgetTabPresent" time="0.0" classname="com.cybage.assignment.test.toolsqaHomePageTest">
    <skipped/>
  </testcase> <!-- validateIfWidgetTabPresent -->
  <testcase name="validatePageBanner" time="0.0" classname="com.cybage.assignment.test.toolsqaHomePageTest">
    <skipped/>
  </testcase> <!-- validatePageBanner -->
  <testcase name="validatePageTitle" time="0.0" classname="com.cybage.assignment.test.toolsqaHomePageTest">
    <skipped/>
  </testcase> <!-- validatePageTitle -->
</testsuite> <!-- toolsqaHomeTest -->
